#
# There is insufficient memory for the Java Runtime Environment to continue.
# Native memory allocation (malloc) failed to allocate 1753328 bytes for Chunk::new
# Possible reasons:
#   The system is out of physical RAM or swap space
#   The process is running with CompressedOops enabled, and the Java Heap may be blocking the growth of the native heap
# Possible solutions:
#   Reduce memory load on the system
#   Increase physical memory or swap space
#   Check if swap backing store is full
#   Decrease Java heap size (-Xmx/-Xms)
#   Decrease number of Java threads
#   Decrease Java thread stack sizes (-Xss)
#   Set larger code cache with -XX:ReservedCodeCacheSize=
#   JVM is running with Unscaled Compressed Oops mode in which the Java heap is
#     placed in the first 4GB address space. The Java Heap base address is the
#     maximum limit for the native heap growth. Please use -XX:HeapBaseMinAddress
#     to set the Java Heap base and to place the Java Heap above 4GB virtual address.
# This output file may be truncated or incomplete.
#
#  Out of Memory Error (arena.cpp:189), pid=10020, tid=4324
#
# JRE version: OpenJDK Runtime Environment Temurin-17.0.5+8 (17.0.5+8) (build 17.0.5+8)
# Java VM: OpenJDK 64-Bit Server VM Temurin-17.0.5+8 (17.0.5+8, mixed mode, tiered, compressed oops, compressed class ptrs, parallel gc, windows-amd64)
# No core dump will be written. Minidumps are not enabled by default on client versions of Windows
#

---------------  S U M M A R Y ------------

Command Line: --add-modules=ALL-SYSTEM --add-opens=java.base/java.util=ALL-UNNAMED --add-opens=java.base/java.lang=ALL-UNNAMED --add-opens=java.base/sun.nio.fs=ALL-UNNAMED -Declipse.application=org.eclipse.jdt.ls.core.id1 -Dosgi.bundles.defaultStartLevel=4 -Declipse.product=org.eclipse.jdt.ls.core.product -Djava.import.generatesMetadataFilesAtProjectRoot=false -Dfile.encoding=utf8 -XX:+UseParallelGC -XX:GCTimeRatio=4 -XX:AdaptiveSizePolicyWeight=90 -Dsun.zip.disableMemoryMapping=true -Xmx1G -Xms100m -Xlog:disable -javaagent:c:\Users\admin\.vscode\extensions\redhat.java-1.13.0-win32-x64\lombok\lombok-1.18.24.jar c:\Users\admin\.vscode\extensions\redhat.java-1.13.0-win32-x64\server\plugins\org.eclipse.equinox.launcher_1.6.400.v20210924-0641.jar -configuration c:\Users\admin\AppData\Roaming\Code\User\globalStorage\redhat.java\1.13.0\config_ss_win -data c:\Users\admin\AppData\Roaming\Code\User\workspaceStorage\4ecb3b370f7771eeb89a8e815e0aced3\redhat.java\ss_ws

Host: Intel(R) Core(TM) i3-10100 CPU @ 3.60GHz, 8 cores, 23G,  Windows 10 , 64 bit Build 18362 (10.0.18362.329)
Time: Tue Jan 10 08:48:45 2023 Central Standard Time elapsed time: 2.281815 seconds (0d 0h 0m 2s)

---------------  T H R E A D  ---------------

Current thread (0x0000021b7a540f40):  JavaThread "C2 CompilerThread1" daemon [_thread_in_native, id=4324, stack(0x000000daa0a00000,0x000000daa0b00000)]


Current CompileTask:
C2:   2281 2243       4       org.objectweb.asm.ClassReader::readMethod (1066 bytes)

Stack: [0x000000daa0a00000,0x000000daa0b00000]
Native frames: (J=compiled Java code, j=interpreted, Vv=VM code, C=native code)
V  [jvm.dll+0x676b3a]
V  [jvm.dll+0x831444]
V  [jvm.dll+0x832bee]
V  [jvm.dll+0x833253]
V  [jvm.dll+0x244ce5]
V  [jvm.dll+0xabbac]
V  [jvm.dll+0xac17c]
V  [jvm.dll+0x362d57]
V  [jvm.dll+0x1bb2b2]
V  [jvm.dll+0x217ca9]
V  [jvm.dll+0x216f71]
V  [jvm.dll+0x1a343d]
V  [jvm.dll+0x22698a]
V  [jvm.dll+0x224ac5]
V  [jvm.dll+0x7e727b]
V  [jvm.dll+0x7e17ea]
V  [jvm.dll+0x6759e5]
C  [ucrtbase.dll+0x20e72]
C  [KERNEL32.DLL+0x17bd4]
C  [ntdll.dll+0x6ced1]


---------------  P R O C E S S  ---------------

Threads class SMR info:
_java_thread_list=0x0000021b7c7ad580, length=22, elements={
0x0000021b62abe610, 0x0000021b78886f50, 0x0000021b78887cd0, 0x0000021b7a34a280,
0x0000021b7a34b000, 0x0000021b7a34df90, 0x0000021b7a34f9c0, 0x0000021b7a350660,
0x0000021b7a35ced0, 0x0000021b7a37e320, 0x0000021b62b24df0, 0x0000021b7a540f40,
0x0000021b7a64e9e0, 0x0000021b7ba40ed0, 0x0000021b7c6a8af0, 0x0000021b7c840010,
0x0000021b7a398020, 0x0000021b7c5a1bd0, 0x0000021b7c7e0100, 0x0000021b7b54ea50,
0x0000021b7b550260, 0x0000021b7b550c00
}

Java Threads: ( => current thread )
  0x0000021b62abe610 JavaThread "main" [_thread_blocked, id=13704, stack(0x000000da9fd00000,0x000000da9fe00000)]
  0x0000021b78886f50 JavaThread "Reference Handler" daemon [_thread_blocked, id=17536, stack(0x000000daa0000000,0x000000daa0100000)]
  0x0000021b78887cd0 JavaThread "Finalizer" daemon [_thread_blocked, id=10172, stack(0x000000daa0100000,0x000000daa0200000)]
  0x0000021b7a34a280 JavaThread "Signal Dispatcher" daemon [_thread_blocked, id=11580, stack(0x000000daa0200000,0x000000daa0300000)]
  0x0000021b7a34b000 JavaThread "Attach Listener" daemon [_thread_blocked, id=15312, stack(0x000000daa0300000,0x000000daa0400000)]
  0x0000021b7a34df90 JavaThread "Service Thread" daemon [_thread_blocked, id=9032, stack(0x000000daa0400000,0x000000daa0500000)]
  0x0000021b7a34f9c0 JavaThread "Monitor Deflation Thread" daemon [_thread_blocked, id=17984, stack(0x000000daa0500000,0x000000daa0600000)]
  0x0000021b7a350660 JavaThread "C2 CompilerThread0" daemon [_thread_blocked, id=10972, stack(0x000000daa0600000,0x000000daa0700000)]
  0x0000021b7a35ced0 JavaThread "C1 CompilerThread0" daemon [_thread_blocked, id=11408, stack(0x000000daa0700000,0x000000daa0800000)]
  0x0000021b7a37e320 JavaThread "Sweeper thread" daemon [_thread_blocked, id=7460, stack(0x000000daa0800000,0x000000daa0900000)]
  0x0000021b62b24df0 JavaThread "Common-Cleaner" daemon [_thread_blocked, id=11780, stack(0x000000daa0900000,0x000000daa0a00000)]
=>0x0000021b7a540f40 JavaThread "C2 CompilerThread1" daemon [_thread_in_native, id=4324, stack(0x000000daa0a00000,0x000000daa0b00000)]
  0x0000021b7a64e9e0 JavaThread "Notification Thread" daemon [_thread_blocked, id=19948, stack(0x000000daa0b00000,0x000000daa0c00000)]
  0x0000021b7ba40ed0 JavaThread "Active Thread: Equinox Container: 29980946-3cdb-4d0e-b1fd-3e19ac5be678" [_thread_blocked, id=20024, stack(0x000000daa0d00000,0x000000daa0e00000)]
  0x0000021b7c6a8af0 JavaThread "Framework Event Dispatcher: Equinox Container: 29980946-3cdb-4d0e-b1fd-3e19ac5be678" daemon [_thread_blocked, id=4656, stack(0x000000daa1400000,0x000000daa1500000)]
  0x0000021b7c840010 JavaThread "Start Level: Equinox Container: 29980946-3cdb-4d0e-b1fd-3e19ac5be678" daemon [_thread_blocked, id=11320, stack(0x000000daa1500000,0x000000daa1600000)]
  0x0000021b7a398020 JavaThread "SCR Component Actor" daemon [_thread_blocked, id=9844, stack(0x000000daa1600000,0x000000daa1700000)]
  0x0000021b7c5a1bd0 JavaThread "SCR Component Registry" daemon [_thread_blocked, id=12504, stack(0x000000daa1800000,0x000000daa1900000)]
  0x0000021b7c7e0100 JavaThread "Worker-JM" [_thread_blocked, id=12092, stack(0x000000daa1900000,0x000000daa1a00000)]
  0x0000021b7b54ea50 JavaThread "Worker-0" [_thread_blocked, id=21248, stack(0x000000daa1a00000,0x000000daa1b00000)]
  0x0000021b7b550260 JavaThread "Worker-1" [_thread_blocked, id=14156, stack(0x000000daa1b00000,0x000000daa1c00000)]
  0x0000021b7b550c00 JavaThread "Java indexing" daemon [_thread_blocked, id=12052, stack(0x000000daa1c00000,0x000000daa1d00000)]

Other Threads:
  0x0000021b62b7ec30 VMThread "VM Thread" [stack: 0x000000da9ff00000,0x000000daa0000000] [id=15228]
  0x0000021b7a64f650 WatcherThread [stack: 0x000000daa0c00000,0x000000daa0d00000] [id=9012]
  0x0000021b62ad58f0 GCTaskThread "GC Thread#0" [stack: 0x000000da9fe00000,0x000000da9ff00000] [id=3356]
  0x0000021b7b4cbe90 GCTaskThread "GC Thread#1" [stack: 0x000000daa0e00000,0x000000daa0f00000] [id=18200]
  0x0000021b7b849160 GCTaskThread "GC Thread#2" [stack: 0x000000daa0f00000,0x000000daa1000000] [id=17104]
  0x0000021b7b5d0870 GCTaskThread "GC Thread#3" [stack: 0x000000daa1000000,0x000000daa1100000] [id=20256]
  0x0000021b7b94a5b0 GCTaskThread "GC Thread#4" [stack: 0x000000daa1100000,0x000000daa1200000] [id=5712]
  0x0000021b7b94b070 GCTaskThread "GC Thread#5" [stack: 0x000000daa1200000,0x000000daa1300000] [id=9896]
  0x0000021b7b94d740 GCTaskThread "GC Thread#6" [stack: 0x000000daa1300000,0x000000daa1400000] [id=19352]
  0x0000021b7c5bb610 GCTaskThread "GC Thread#7" [stack: 0x000000daa1700000,0x000000daa1800000] [id=18300]

Threads with active compile tasks:
C2 CompilerThread1     2297 2243       4       org.objectweb.asm.ClassReader::readMethod (1066 bytes)

VM state: not at safepoint (normal execution)

VM Mutex/Monitor currently owned by a thread: None

Heap address: 0x00000000c0000000, size: 1024 MB, Compressed Oops mode: 32-bit

CDS archive(s) not mapped
Compressed class space mapped at: 0x0000000100000000-0x0000000140000000, reserved size: 1073741824
Narrow klass base: 0x0000000000000000, Narrow klass shift: 3, Narrow klass range: 0x140000000

GC Precious Log:
 CPUs: 8 total, 8 available
 Memory: 24420M
 Large Page Support: Disabled
 NUMA Support: Disabled
 Compressed Oops: Enabled (32-bit)
 Alignments: Space 512K, Generation 512K, Heap 2M
 Heap Min Capacity: 100M
 Heap Initial Capacity: 100M
 Heap Max Capacity: 1G
 Pre-touch: Disabled
 Parallel Workers: 8

Heap:
 PSYoungGen      total 25600K, used 22837K [0x00000000eab00000, 0x00000000ec880000, 0x0000000100000000)
  eden space 25088K, 89% used [0x00000000eab00000,0x00000000ec0fd690,0x00000000ec380000)
  from space 512K, 62% used [0x00000000ec400000,0x00000000ec450000,0x00000000ec480000)
  to   space 2048K, 0% used [0x00000000ec680000,0x00000000ec680000,0x00000000ec880000)
 ParOldGen       total 68608K, used 7271K [0x00000000c0000000, 0x00000000c4300000, 0x00000000eab00000)
  object space 68608K, 10% used [0x00000000c0000000,0x00000000c0719c48,0x00000000c4300000)
 Metaspace       used 27070K, committed 27520K, reserved 1081344K
  class space    used 2609K, committed 2816K, reserved 1048576K

Card table byte_map: [0x0000021b76120000,0x0000021b76330000] _byte_map_base: 0x0000021b75b20000

Marking Bits: (ParMarkBitMap*) 0x00007ffde90c0dd0
 Begin Bits: [0x0000021b76490000, 0x0000021b77490000)
 End Bits:   [0x0000021b77490000, 0x0000021b78490000)

Polling page: 0x0000021b62b80000

Metaspace:

Usage:
  Non-class:     23.89 MB used.
      Class:      2.55 MB used.
       Both:     26.44 MB used.

Virtual space:
  Non-class space:       32.00 MB reserved,      24.13 MB ( 75%) committed,  4 nodes.
      Class space:        1.00 GB reserved,       2.75 MB ( <1%) committed,  1 nodes.
             Both:        1.03 GB reserved,      26.88 MB (  3%) committed. 

Chunk freelists:
   Non-Class:  3.91 MB
       Class:  1.08 MB
        Both:  4.99 MB

MaxMetaspaceSize: unlimited
CompressedClassSpaceSize: 1.00 GB
Initial GC threshold: 21.00 MB
Current GC threshold: 35.00 MB
CDS: off
MetaspaceReclaimPolicy: balanced
 - commit_granule_bytes: 65536.
 - commit_granule_words: 8192.
 - virtual_space_node_default_size: 1048576.
 - enlarge_chunks_in_place: 1.
 - new_chunks_are_fully_committed: 0.
 - uncommit_free_chunks: 1.
 - use_allocation_guard: 0.
 - handle_deallocations: 1.


Internal statistics:

num_allocs_failed_limit: 3.
num_arena_births: 186.
num_arena_deaths: 14.
num_vsnodes_births: 5.
num_vsnodes_deaths: 0.
num_space_committed: 430.
num_space_uncommitted: 0.
num_chunks_returned_to_freelist: 17.
num_chunks_taken_from_freelist: 870.
num_chunk_merges: 7.
num_chunk_splits: 609.
num_chunks_enlarged: 454.
num_purges: 2.
num_inconsistent_stats: 0.

CodeHeap 'non-profiled nmethods': size=120000Kb used=958Kb max_used=958Kb free=119042Kb
 bounds [0x0000021b6ea10000, 0x0000021b6ec80000, 0x0000021b75f40000]
CodeHeap 'profiled nmethods': size=120000Kb used=4727Kb max_used=4727Kb free=115273Kb
 bounds [0x0000021b674e0000, 0x0000021b67980000, 0x0000021b6ea10000]
CodeHeap 'non-nmethods': size=5760Kb used=1228Kb max_used=1251Kb free=4531Kb
 bounds [0x0000021b66f40000, 0x0000021b671b0000, 0x0000021b674e0000]
 total_blobs=2885 nmethods=2348 adapters=451
 compilation: enabled
              stopped_count=0, restarted_count=0
 full_count=0

Compilation events (20 events):
Event: 2.269 Thread 0x0000021b7a35ced0 2340       3       java.lang.invoke.MemberName::<init> (47 bytes)
Event: 2.269 Thread 0x0000021b7a35ced0 nmethod 2340 0x0000021b6797a610 code [0x0000021b6797a7e0, 0x0000021b6797aaf8]
Event: 2.269 Thread 0x0000021b7a35ced0 2341       1       org.eclipse.core.internal.jobs.InternalJob::previous (5 bytes)
Event: 2.269 Thread 0x0000021b7a35ced0 nmethod 2341 0x0000021b6eafb210 code [0x0000021b6eafb3a0, 0x0000021b6eafb478]
Event: 2.271 Thread 0x0000021b7a35ced0 2342       3       org.eclipse.osgi.internal.framework.FilterImpl$Parser::parse_attr (149 bytes)
Event: 2.271 Thread 0x0000021b7a35ced0 nmethod 2342 0x0000021b6797ac90 code [0x0000021b6797af20, 0x0000021b6797bac8]
Event: 2.271 Thread 0x0000021b7a35ced0 2343       3       java.util.Optional::isPresent (13 bytes)
Event: 2.271 Thread 0x0000021b7a35ced0 nmethod 2343 0x0000021b6797c010 code [0x0000021b6797c1a0, 0x0000021b6797c318]
Event: 2.273 Thread 0x0000021b7a35ced0 2345       3       java.util.HashMap::entrySet (27 bytes)
Event: 2.273 Thread 0x0000021b7a35ced0 nmethod 2345 0x0000021b6797c390 code [0x0000021b6797c560, 0x0000021b6797c8d8]
Event: 2.273 Thread 0x0000021b7a35ced0 2346       3       java.util.HashMap$EntrySet::iterator (12 bytes)
Event: 2.273 Thread 0x0000021b7a35ced0 nmethod 2346 0x0000021b6797ca10 code [0x0000021b6797cbc0, 0x0000021b6797cde8]
Event: 2.273 Thread 0x0000021b7a35ced0 2349       3       java.lang.Character::toUpperCase (9 bytes)
Event: 2.273 Thread 0x0000021b7a35ced0 nmethod 2349 0x0000021b6797cf10 code [0x0000021b6797d0c0, 0x0000021b6797d2b8]
Event: 2.273 Thread 0x0000021b7a35ced0 2348       3       java.lang.Character::toUpperCase (6 bytes)
Event: 2.274 Thread 0x0000021b7a35ced0 nmethod 2348 0x0000021b6797d390 code [0x0000021b6797d540, 0x0000021b6797d798]
Event: 2.274 Thread 0x0000021b7a35ced0 2347       3       java.util.HashMap$EntryIterator::<init> (11 bytes)
Event: 2.274 Thread 0x0000021b7a35ced0 nmethod 2347 0x0000021b6797d890 code [0x0000021b6797da20, 0x0000021b6797db68]
Event: 2.274 Thread 0x0000021b7a35ced0 2351       1       org.eclipse.osgi.internal.loader.sources.PackageSource::getId (5 bytes)
Event: 2.275 Thread 0x0000021b7a35ced0 nmethod 2351 0x0000021b6eafb510 code [0x0000021b6eafb6a0, 0x0000021b6eafb778]

GC Heap History (12 events):
Event: 1.110 GC heap before
{Heap before GC invocations=1 (full 0):
 PSYoungGen      total 29696K, used 25600K [0x00000000eab00000, 0x00000000ecc00000, 0x0000000100000000)
  eden space 25600K, 100% used [0x00000000eab00000,0x00000000ec400000,0x00000000ec400000)
  from space 4096K, 0% used [0x00000000ec800000,0x00000000ec800000,0x00000000ecc00000)
  to   space 4096K, 0% used [0x00000000ec400000,0x00000000ec400000,0x00000000ec800000)
 ParOldGen       total 68608K, used 0K [0x00000000c0000000, 0x00000000c4300000, 0x00000000eab00000)
  object space 68608K, 0% used [0x00000000c0000000,0x00000000c0000000,0x00000000c4300000)
 Metaspace       used 10947K, committed 11072K, reserved 1064960K
  class space    used 1088K, committed 1152K, reserved 1048576K
}
Event: 1.117 GC heap after
{Heap after GC invocations=1 (full 0):
 PSYoungGen      total 29696K, used 3704K [0x00000000eab00000, 0x00000000ecc00000, 0x0000000100000000)
  eden space 25600K, 0% used [0x00000000eab00000,0x00000000eab00000,0x00000000ec400000)
  from space 4096K, 90% used [0x00000000ec400000,0x00000000ec79e218,0x00000000ec800000)
  to   space 4096K, 0% used [0x00000000ec800000,0x00000000ec800000,0x00000000ecc00000)
 ParOldGen       total 68608K, used 16K [0x00000000c0000000, 0x00000000c4300000, 0x00000000eab00000)
  object space 68608K, 0% used [0x00000000c0000000,0x00000000c0004000,0x00000000c4300000)
 Metaspace       used 10947K, committed 11072K, reserved 1064960K
  class space    used 1088K, committed 1152K, reserved 1048576K
}
Event: 1.537 GC heap before
{Heap before GC invocations=2 (full 0):
 PSYoungGen      total 29696K, used 29304K [0x00000000eab00000, 0x00000000ecc00000, 0x0000000100000000)
  eden space 25600K, 100% used [0x00000000eab00000,0x00000000ec400000,0x00000000ec400000)
  from space 4096K, 90% used [0x00000000ec400000,0x00000000ec79e218,0x00000000ec800000)
  to   space 4096K, 0% used [0x00000000ec800000,0x00000000ec800000,0x00000000ecc00000)
 ParOldGen       total 68608K, used 16K [0x00000000c0000000, 0x00000000c4300000, 0x00000000eab00000)
  object space 68608K, 0% used [0x00000000c0000000,0x00000000c0004000,0x00000000c4300000)
 Metaspace       used 15303K, committed 15616K, reserved 1064960K
  class space    used 1559K, committed 1728K, reserved 1048576K
}
Event: 1.540 GC heap after
{Heap after GC invocations=2 (full 0):
 PSYoungGen      total 29696K, used 4071K [0x00000000eab00000, 0x00000000ecc00000, 0x0000000100000000)
  eden space 25600K, 0% used [0x00000000eab00000,0x00000000eab00000,0x00000000ec400000)
  from space 4096K, 99% used [0x00000000ec800000,0x00000000ecbf9ed8,0x00000000ecc00000)
  to   space 4096K, 0% used [0x00000000ec400000,0x00000000ec400000,0x00000000ec800000)
 ParOldGen       total 68608K, used 1319K [0x00000000c0000000, 0x00000000c4300000, 0x00000000eab00000)
  object space 68608K, 1% used [0x00000000c0000000,0x00000000c0149ec8,0x00000000c4300000)
 Metaspace       used 15303K, committed 15616K, reserved 1064960K
  class space    used 1559K, committed 1728K, reserved 1048576K
}
Event: 1.885 GC heap before
{Heap before GC invocations=3 (full 0):
 PSYoungGen      total 29696K, used 29671K [0x00000000eab00000, 0x00000000ecc00000, 0x0000000100000000)
  eden space 25600K, 99% used [0x00000000eab00000,0x00000000ec3ffdc0,0x00000000ec400000)
  from space 4096K, 99% used [0x00000000ec800000,0x00000000ecbf9ed8,0x00000000ecc00000)
  to   space 4096K, 0% used [0x00000000ec400000,0x00000000ec400000,0x00000000ec800000)
 ParOldGen       total 68608K, used 1319K [0x00000000c0000000, 0x00000000c4300000, 0x00000000eab00000)
  object space 68608K, 1% used [0x00000000c0000000,0x00000000c0149ec8,0x00000000c4300000)
 Metaspace       used 20271K, committed 20608K, reserved 1073152K
  class space    used 2065K, committed 2240K, reserved 1048576K
}
Event: 1.889 GC heap after
{Heap after GC invocations=3 (full 0):
 PSYoungGen      total 29696K, used 4084K [0x00000000eab00000, 0x00000000ecc00000, 0x0000000100000000)
  eden space 25600K, 0% used [0x00000000eab00000,0x00000000eab00000,0x00000000ec400000)
  from space 4096K, 99% used [0x00000000ec400000,0x00000000ec7fd290,0x00000000ec800000)
  to   space 4096K, 0% used [0x00000000ec800000,0x00000000ec800000,0x00000000ecc00000)
 ParOldGen       total 68608K, used 2857K [0x00000000c0000000, 0x00000000c4300000, 0x00000000eab00000)
  object space 68608K, 4% used [0x00000000c0000000,0x00000000c02ca5c0,0x00000000c4300000)
 Metaspace       used 20271K, committed 20608K, reserved 1073152K
  class space    used 2065K, committed 2240K, reserved 1048576K
}
Event: 1.932 GC heap before
{Heap before GC invocations=4 (full 0):
 PSYoungGen      total 29696K, used 9311K [0x00000000eab00000, 0x00000000ecc00000, 0x0000000100000000)
  eden space 25600K, 20% used [0x00000000eab00000,0x00000000eb01abb8,0x00000000ec400000)
  from space 4096K, 99% used [0x00000000ec400000,0x00000000ec7fd290,0x00000000ec800000)
  to   space 4096K, 0% used [0x00000000ec800000,0x00000000ec800000,0x00000000ecc00000)
 ParOldGen       total 68608K, used 2857K [0x00000000c0000000, 0x00000000c4300000, 0x00000000eab00000)
  object space 68608K, 4% used [0x00000000c0000000,0x00000000c02ca5c0,0x00000000c4300000)
 Metaspace       used 21054K, committed 21504K, reserved 1073152K
  class space    used 2147K, committed 2368K, reserved 1048576K
}
Event: 1.934 GC heap after
{Heap after GC invocations=4 (full 0):
 PSYoungGen      total 29696K, used 4073K [0x00000000eab00000, 0x00000000ecc00000, 0x0000000100000000)
  eden space 25600K, 0% used [0x00000000eab00000,0x00000000eab00000,0x00000000ec400000)
  from space 4096K, 99% used [0x00000000ec800000,0x00000000ecbfa4c8,0x00000000ecc00000)
  to   space 4096K, 0% used [0x00000000ec400000,0x00000000ec400000,0x00000000ec800000)
 ParOldGen       total 68608K, used 3377K [0x00000000c0000000, 0x00000000c4300000, 0x00000000eab00000)
  object space 68608K, 4% used [0x00000000c0000000,0x00000000c034c5f0,0x00000000c4300000)
 Metaspace       used 21054K, committed 21504K, reserved 1073152K
  class space    used 2147K, committed 2368K, reserved 1048576K
}
Event: 1.934 GC heap before
{Heap before GC invocations=5 (full 1):
 PSYoungGen      total 29696K, used 4073K [0x00000000eab00000, 0x00000000ecc00000, 0x0000000100000000)
  eden space 25600K, 0% used [0x00000000eab00000,0x00000000eab00000,0x00000000ec400000)
  from space 4096K, 99% used [0x00000000ec800000,0x00000000ecbfa4c8,0x00000000ecc00000)
  to   space 4096K, 0% used [0x00000000ec400000,0x00000000ec400000,0x00000000ec800000)
 ParOldGen       total 68608K, used 3377K [0x00000000c0000000, 0x00000000c4300000, 0x00000000eab00000)
  object space 68608K, 4% used [0x00000000c0000000,0x00000000c034c5f0,0x00000000c4300000)
 Metaspace       used 21054K, committed 21504K, reserved 1073152K
  class space    used 2147K, committed 2368K, reserved 1048576K
}
Event: 1.951 GC heap after
{Heap after GC invocations=5 (full 1):
 PSYoungGen      total 29696K, used 0K [0x00000000eab00000, 0x00000000ecc00000, 0x0000000100000000)
  eden space 25600K, 0% used [0x00000000eab00000,0x00000000eab00000,0x00000000ec400000)
  from space 4096K, 0% used [0x00000000ec800000,0x00000000ec800000,0x00000000ecc00000)
  to   space 4096K, 0% used [0x00000000ec400000,0x00000000ec400000,0x00000000ec800000)
 ParOldGen       total 68608K, used 7263K [0x00000000c0000000, 0x00000000c4300000, 0x00000000eab00000)
  object space 68608K, 10% used [0x00000000c0000000,0x00000000c0717c48,0x00000000c4300000)
 Metaspace       used 21041K, committed 21504K, reserved 1073152K
  class space    used 2143K, committed 2368K, reserved 1048576K
}
Event: 2.135 GC heap before
{Heap before GC invocations=6 (full 1):
 PSYoungGen      total 29696K, used 25600K [0x00000000eab00000, 0x00000000ecc00000, 0x0000000100000000)
  eden space 25600K, 100% used [0x00000000eab00000,0x00000000ec400000,0x00000000ec400000)
  from space 4096K, 0% used [0x00000000ec800000,0x00000000ec800000,0x00000000ecc00000)
  to   space 4096K, 0% used [0x00000000ec400000,0x00000000ec400000,0x00000000ec800000)
 ParOldGen       total 68608K, used 7263K [0x00000000c0000000, 0x00000000c4300000, 0x00000000eab00000)
  object space 68608K, 10% used [0x00000000c0000000,0x00000000c0717c48,0x00000000c4300000)
 Metaspace       used 24619K, committed 25088K, reserved 1073152K
  class space    used 2392K, committed 2624K, reserved 1048576K
}
Event: 2.136 GC heap after
{Heap after GC invocations=6 (full 1):
 PSYoungGen      total 25600K, used 320K [0x00000000eab00000, 0x00000000ec880000, 0x0000000100000000)
  eden space 25088K, 0% used [0x00000000eab00000,0x00000000eab00000,0x00000000ec380000)
  from space 512K, 62% used [0x00000000ec400000,0x00000000ec450000,0x00000000ec480000)
  to   space 2048K, 0% used [0x00000000ec680000,0x00000000ec680000,0x00000000ec880000)
 ParOldGen       total 68608K, used 7271K [0x00000000c0000000, 0x00000000c4300000, 0x00000000eab00000)
  object space 68608K, 10% used [0x00000000c0000000,0x00000000c0719c48,0x00000000c4300000)
 Metaspace       used 24619K, committed 25088K, reserved 1073152K
  class space    used 2392K, committed 2624K, reserved 1048576K
}

Dll operation events (9 events):
Event: 0.006 Loaded shared library c:\Users\admin\.vscode\extensions\redhat.java-1.13.0-win32-x64\jre\17.0.5-win32-x86_64\bin\java.dll
Event: 0.201 Loaded shared library c:\Users\admin\.vscode\extensions\redhat.java-1.13.0-win32-x64\jre\17.0.5-win32-x86_64\bin\zip.dll
Event: 0.205 Loaded shared library C:\Users\admin\.vscode\extensions\redhat.java-1.13.0-win32-x64\jre\17.0.5-win32-x86_64\bin\instrument.dll
Event: 0.223 Loaded shared library C:\Users\admin\.vscode\extensions\redhat.java-1.13.0-win32-x64\jre\17.0.5-win32-x86_64\bin\net.dll
Event: 0.225 Loaded shared library C:\Users\admin\.vscode\extensions\redhat.java-1.13.0-win32-x64\jre\17.0.5-win32-x86_64\bin\nio.dll
Event: 0.235 Loaded shared library C:\Users\admin\.vscode\extensions\redhat.java-1.13.0-win32-x64\jre\17.0.5-win32-x86_64\bin\zip.dll
Event: 0.256 Loaded shared library C:\Users\admin\.vscode\extensions\redhat.java-1.13.0-win32-x64\jre\17.0.5-win32-x86_64\bin\jimage.dll
Event: 0.331 Loaded shared library c:\Users\admin\.vscode\extensions\redhat.java-1.13.0-win32-x64\jre\17.0.5-win32-x86_64\bin\verify.dll
Event: 1.457 Loaded shared library C:\Users\admin\AppData\Roaming\Code\User\globalStorage\redhat.java\1.13.0\config_ss_win\org.eclipse.equinox.launcher\org.eclipse.equinox.launcher.win32.win32.x86_64_1.2.600.v20220720-1916\eclipse_11700.dll

Deoptimization events (20 events):
Event: 2.273 Thread 0x0000021b7c840010 Uncommon trap: trap_request=0xffffffc6 fr.pc=0x0000021b6ea976dc relative=0x000000000000099c
Event: 2.273 Thread 0x0000021b7c840010 Uncommon trap: reason=bimorphic_or_optimized_type_check action=maybe_recompile pc=0x0000021b6ea976dc method=java.util.HashMap.putVal(ILjava/lang/Object;Ljava/lang/Object;ZZ)Ljava/lang/Object; @ 56 c2
Event: 2.273 Thread 0x0000021b7c840010 DEOPT PACKING pc=0x0000021b6ea976dc sp=0x000000daa15fdca0
Event: 2.273 Thread 0x0000021b7c840010 DEOPT UNPACKING pc=0x0000021b66f920a3 sp=0x000000daa15fdbf8 mode 2
Event: 2.273 Thread 0x0000021b7c840010 Uncommon trap: trap_request=0xffffffc6 fr.pc=0x0000021b6ea976dc relative=0x000000000000099c
Event: 2.273 Thread 0x0000021b7c840010 Uncommon trap: reason=bimorphic_or_optimized_type_check action=maybe_recompile pc=0x0000021b6ea976dc method=java.util.HashMap.putVal(ILjava/lang/Object;Ljava/lang/Object;ZZ)Ljava/lang/Object; @ 56 c2
Event: 2.273 Thread 0x0000021b7c840010 DEOPT PACKING pc=0x0000021b6ea976dc sp=0x000000daa15fdca0
Event: 2.273 Thread 0x0000021b7c840010 DEOPT UNPACKING pc=0x0000021b66f920a3 sp=0x000000daa15fdbf8 mode 2
Event: 2.273 Thread 0x0000021b7c840010 Uncommon trap: trap_request=0xffffffc6 fr.pc=0x0000021b6ea976dc relative=0x000000000000099c
Event: 2.273 Thread 0x0000021b7c840010 Uncommon trap: reason=bimorphic_or_optimized_type_check action=maybe_recompile pc=0x0000021b6ea976dc method=java.util.HashMap.putVal(ILjava/lang/Object;Ljava/lang/Object;ZZ)Ljava/lang/Object; @ 56 c2
Event: 2.273 Thread 0x0000021b7c840010 DEOPT PACKING pc=0x0000021b6ea976dc sp=0x000000daa15fdca0
Event: 2.273 Thread 0x0000021b7c840010 DEOPT UNPACKING pc=0x0000021b66f920a3 sp=0x000000daa15fdbf8 mode 2
Event: 2.273 Thread 0x0000021b7c840010 Uncommon trap: trap_request=0xffffffc6 fr.pc=0x0000021b6ea9773c relative=0x00000000000009fc
Event: 2.273 Thread 0x0000021b7c840010 Uncommon trap: reason=bimorphic_or_optimized_type_check action=maybe_recompile pc=0x0000021b6ea9773c method=java.util.HashMap.putVal(ILjava/lang/Object;Ljava/lang/Object;ZZ)Ljava/lang/Object; @ 152 c2
Event: 2.273 Thread 0x0000021b7c840010 DEOPT PACKING pc=0x0000021b6ea9773c sp=0x000000daa15fdca0
Event: 2.273 Thread 0x0000021b7c840010 DEOPT UNPACKING pc=0x0000021b66f920a3 sp=0x000000daa15fdc00 mode 2
Event: 2.273 Thread 0x0000021b7c840010 Uncommon trap: trap_request=0xffffffc6 fr.pc=0x0000021b6ea976dc relative=0x000000000000099c
Event: 2.273 Thread 0x0000021b7c840010 Uncommon trap: reason=bimorphic_or_optimized_type_check action=maybe_recompile pc=0x0000021b6ea976dc method=java.util.HashMap.putVal(ILjava/lang/Object;Ljava/lang/Object;ZZ)Ljava/lang/Object; @ 56 c2
Event: 2.273 Thread 0x0000021b7c840010 DEOPT PACKING pc=0x0000021b6ea976dc sp=0x000000daa15fdca0
Event: 2.273 Thread 0x0000021b7c840010 DEOPT UNPACKING pc=0x0000021b66f920a3 sp=0x000000daa15fdbf8 mode 2

Classes unloaded (7 events):
Event: 1.937 Thread 0x0000021b62b7ec30 Unloading class 0x0000000100212400 'java/lang/invoke/LambdaForm$MH+0x0000000100212400'
Event: 1.937 Thread 0x0000021b62b7ec30 Unloading class 0x0000000100212000 'java/lang/invoke/LambdaForm$MH+0x0000000100212000'
Event: 1.937 Thread 0x0000021b62b7ec30 Unloading class 0x0000000100211c00 'java/lang/invoke/LambdaForm$MH+0x0000000100211c00'
Event: 1.937 Thread 0x0000021b62b7ec30 Unloading class 0x0000000100211800 'java/lang/invoke/LambdaForm$MH+0x0000000100211800'
Event: 1.937 Thread 0x0000021b62b7ec30 Unloading class 0x0000000100211000 'java/lang/invoke/LambdaForm$BMH+0x0000000100211000'
Event: 1.937 Thread 0x0000021b62b7ec30 Unloading class 0x0000000100210c00 'java/lang/invoke/LambdaForm$DMH+0x0000000100210c00'
Event: 1.937 Thread 0x0000021b62b7ec30 Unloading class 0x000000010020e000 'java/lang/invoke/LambdaForm$DMH+0x000000010020e000'

Classes redefined (0 events):
No events

Internal exceptions (20 events):
Event: 1.632 Thread 0x0000021b7c840010 Exception <a 'java/lang/NullPointerException'{0x00000000eb32ceb0}> (0x00000000eb32ceb0) 
thrown [s\src\hotspot\share\interpreter\linkResolver.cpp, line 1350]
Event: 1.632 Thread 0x0000021b7c840010 Exception <a 'java/lang/NullPointerException'{0x00000000eb32d6d8}> (0x00000000eb32d6d8) 
thrown [s\src\hotspot\share\interpreter\linkResolver.cpp, line 1350]
Event: 1.658 Thread 0x0000021b7c840010 Exception <a 'java/lang/NoSuchMethodError'{0x00000000eb44b848}: 'java.lang.Object java.lang.invoke.Invokers$Holder.invokeExact_MT(java.lang.Object, java.lang.Object, java.lang.Object, java.lang.Object, java.lang.Object, java.lang.Object)'> (0x00000000eb44b848) 
thrown [s\src\hotspot\share\interpreter\linkResolver.cpp, line 759]
Event: 1.717 Thread 0x0000021b7c840010 Exception <a 'java/lang/NoSuchMethodError'{0x00000000eb860dd8}: 'void java.lang.invoke.DirectMethodHandle$Holder.invokeInterface(java.lang.Object, java.lang.Object, java.lang.Object)'> (0x00000000eb860dd8) 
thrown [s\src\hotspot\share\interpreter\linkResolver.cpp, line 759]
Event: 1.767 Thread 0x0000021b7c840010 Exception <a 'java/lang/NoSuchMethodError'{0x00000000ebc5e328}: 'java.lang.Object java.lang.invoke.DirectMethodHandle$Holder.invokeStatic(java.lang.Object, java.lang.Object, int)'> (0x00000000ebc5e328) 
thrown [s\src\hotspot\share\interpreter\linkResolver.cpp, line 759]
Event: 1.768 Thread 0x0000021b7c840010 Exception <a 'java/lang/NoSuchMethodError'{0x00000000ebc62ed8}: 'void java.lang.invoke.DirectMethodHandle$Holder.invokeStatic(java.lang.Object, java.lang.Object, int, java.lang.Object)'> (0x00000000ebc62ed8) 
thrown [s\src\hotspot\share\interpreter\linkResolver.cpp, line 759]
Event: 1.769 Thread 0x0000021b7c840010 Exception <a 'java/lang/NoSuchMethodError'{0x00000000ebc6a858}: 'void java.lang.invoke.DelegatingMethodHandle$Holder.delegate(java.lang.Object, java.lang.Object, int, java.lang.Object)'> (0x00000000ebc6a858) 
thrown [s\src\hotspot\share\interpreter\linkResolver.cpp, line 759]
Event: 1.769 Thread 0x0000021b7c840010 Exception <a 'java/lang/NoSuchMethodError'{0x00000000ebc6ec40}: 'int java.lang.invoke.DirectMethodHandle$Holder.invokeSpecial(java.lang.Object, java.lang.Object, java.lang.Object)'> (0x00000000ebc6ec40) 
thrown [s\src\hotspot\share\interpreter\linkResolver.cpp, line 759]
Event: 1.770 Thread 0x0000021b7c840010 Exception <a 'java/lang/NoSuchMethodError'{0x00000000ebc80250}: 'int java.lang.invoke.DirectMethodHandle$Holder.invokeStatic(java.lang.Object, java.lang.Object, int)'> (0x00000000ebc80250) 
thrown [s\src\hotspot\share\interpreter\linkResolver.cpp, line 759]
Event: 1.771 Thread 0x0000021b7c840010 Exception <a 'java/lang/NoSuchMethodError'{0x00000000ebc84278}: 'int java.lang.invoke.DirectMethodHandle$Holder.invokeSpecial(java.lang.Object, java.lang.Object, java.lang.Object, int)'> (0x00000000ebc84278) 
thrown [s\src\hotspot\share\interpreter\linkResolver.cpp, line 759]
Event: 1.772 Thread 0x0000021b7c840010 Exception <a 'java/lang/NoSuchMethodError'{0x00000000ebc9ff90}: 'java.lang.Object java.lang.invoke.DirectMethodHandle$Holder.invokeStatic(java.lang.Object, java.lang.Object, java.lang.Object, java.lang.Object, int)'> (0x00000000ebc9ff90) 
thrown [s\src\hotspot\share\interpreter\linkResolver.cpp, line 759]
Event: 1.773 Thread 0x0000021b7c840010 Exception <a 'java/lang/NoSuchMethodError'{0x00000000ebcac388}: 'java.lang.Object java.lang.invoke.DelegatingMethodHandle$Holder.reinvoke_L(java.lang.Object, java.lang.Object, java.lang.Object, java.lang.Object, int, int)'> (0x00000000ebcac388) 
thrown [s\src\hotspot\share\interpreter\linkResolver.cpp, line 759]
Event: 1.775 Thread 0x0000021b7c840010 Exception <a 'java/lang/NoSuchMethodError'{0x00000000ebcc4070}: 'java.lang.Object java.lang.invoke.Invokers$Holder.invokeExact_MT(java.lang.Object, java.lang.Object, java.lang.Object, java.lang.Object)'> (0x00000000ebcc4070) 
thrown [s\src\hotspot\share\interpreter\linkResolver.cpp, line 759]
Event: 1.895 Thread 0x0000021b7c840010 Exception <a 'java/lang/NoSuchMethodError'{0x00000000eab9c908}: 'int java.lang.invoke.DirectMethodHandle$Holder.invokeStaticInit(java.lang.Object, java.lang.Object, java.lang.Object)'> (0x00000000eab9c908) 
thrown [s\src\hotspot\share\interpreter\linkResolver.cpp, line 759]
Event: 1.899 Thread 0x0000021b7c840010 Exception <a 'java/lang/IncompatibleClassChangeError'{0x00000000eac03798}: Found class java.lang.Object, but interface was expected> (0x00000000eac03798) 
thrown [s\src\hotspot\share\interpreter\linkResolver.cpp, line 826]
Event: 1.921 Thread 0x0000021b7b54ea50 Exception <a 'java/io/FileNotFoundException'{0x00000000eab6a610}> (0x00000000eab6a610) 
thrown [s\src\hotspot\share\prims\jni.cpp, line 516]
Event: 2.255 Thread 0x0000021b7c840010 Exception <a 'java/lang/ClassNotFoundException'{0x00000000ebf1da08}: com/sun/org/apache/xerces/internal/impl/msg/spi/DOMMessagesProvider> (0x00000000ebf1da08) 
thrown [s\src\hotspot\share\classfile\systemDictionary.cpp, line 256]
Event: 2.257 Thread 0x0000021b7c840010 Implicit null exception at 0x0000021b6ead4e0d to 0x0000021b6ead5afc
Event: 2.258 Thread 0x0000021b7c840010 Exception <a 'java/lang/ClassNotFoundException'{0x00000000ebf44488}: com/sun/org/apache/xerces/internal/impl/msg/spi/XMLSerializerMessagesProvider> (0x00000000ebf44488) 
thrown [s\src\hotspot\share\classfile\systemDictionary.cpp, line 256]
Event: 2.258 Thread 0x0000021b7c840010 Exception <a 'java/lang/ClassNotFoundException'{0x00000000ebf4d700}: com/sun/org/apache/xerces/internal/impl/msg/spi/XMLMessagesProvider> (0x00000000ebf4d700) 
thrown [s\src\hotspot\share\classfile\systemDictionary.cpp, line 256]

VM Operations (20 events):
Event: 1.537 Executing VM operation: ParallelGCFailedAllocation
Event: 1.540 Executing VM operation: ParallelGCFailedAllocation done
Event: 1.690 Executing VM operation: HandshakeAllThreads
Event: 1.690 Executing VM operation: HandshakeAllThreads done
Event: 1.700 Executing VM operation: HandshakeAllThreads
Event: 1.700 Executing VM operation: HandshakeAllThreads done
Event: 1.702 Executing VM operation: HandshakeAllThreads
Event: 1.702 Executing VM operation: HandshakeAllThreads done
Event: 1.767 Executing VM operation: HandshakeAllThreads
Event: 1.767 Executing VM operation: HandshakeAllThreads done
Event: 1.885 Executing VM operation: ParallelGCFailedAllocation
Event: 1.889 Executing VM operation: ParallelGCFailedAllocation done
Event: 1.914 Executing VM operation: HandshakeAllThreads
Event: 1.914 Executing VM operation: HandshakeAllThreads done
Event: 1.932 Executing VM operation: CollectForMetadataAllocation
Event: 1.951 Executing VM operation: CollectForMetadataAllocation done
Event: 2.135 Executing VM operation: ParallelGCFailedAllocation
Event: 2.136 Executing VM operation: ParallelGCFailedAllocation done
Event: 2.272 Executing VM operation: HandshakeAllThreads
Event: 2.273 Executing VM operation: HandshakeAllThreads done

Events (20 events):
Event: 2.260 loading class com/sun/org/apache/xerces/internal/impl/msg/XMLMessages_en done
Event: 2.260 loading class com/sun/org/apache/xerces/internal/impl/msg/XMLMessages_en
Event: 2.260 loading class com/sun/org/apache/xerces/internal/impl/msg/XMLMessages_en done
Event: 2.260 loading class com/sun/org/apache/xerces/internal/impl/msg/XMLMessages_en_US
Event: 2.260 loading class com/sun/org/apache/xerces/internal/impl/msg/XMLMessages_en_US done
Event: 2.260 loading class com/sun/org/apache/xerces/internal/impl/msg/XMLMessages_en_US
Event: 2.260 loading class com/sun/org/apache/xerces/internal/impl/msg/XMLMessages_en_US done
Event: 2.266 Thread 0x0000021b7b550c00 Thread added: 0x0000021b7b550c00
Event: 2.272 loading class java/lang/ProcessEnvironment
Event: 2.272 loading class java/lang/ProcessEnvironment done
Event: 2.273 loading class java/lang/ProcessEnvironment$NameComparator
Event: 2.273 loading class java/lang/ProcessEnvironment$NameComparator done
Event: 2.273 loading class java/lang/ProcessEnvironment$EntryComparator
Event: 2.273 loading class java/lang/ProcessEnvironment$EntryComparator done
Event: 2.273 loading class java/lang/ProcessEnvironment$CheckedEntrySet
Event: 2.273 loading class java/lang/ProcessEnvironment$CheckedEntrySet done
Event: 2.273 loading class java/lang/ProcessEnvironment$CheckedEntrySet$1
Event: 2.273 loading class java/lang/ProcessEnvironment$CheckedEntrySet$1 done
Event: 2.273 loading class java/lang/ProcessEnvironment$CheckedEntry
Event: 2.273 loading class java/lang/ProcessEnvironment$CheckedEntry done


Dynamic libraries:
0x00007ff735e90000 - 0x00007ff735e9e000 	c:\Users\admin\.vscode\extensions\redhat.java-1.13.0-win32-x64\jre\17.0.5-win32-x86_64\bin\java.exe
0x00007ffe56b20000 - 0x00007ffe56d10000 	C:\Windows\SYSTEM32\ntdll.dll
0x00007ffe56900000 - 0x00007ffe569b2000 	C:\Windows\System32\KERNEL32.DLL
0x00007ffe53c80000 - 0x00007ffe53f23000 	C:\Windows\System32\KERNELBASE.dll
0x00007ffe53ae0000 - 0x00007ffe53bda000 	C:\Windows\System32\ucrtbase.dll
0x00007ffe1f9c0000 - 0x00007ffe1f9d9000 	c:\Users\admin\.vscode\extensions\redhat.java-1.13.0-win32-x64\jre\17.0.5-win32-x86_64\bin\VCRUNTIME140.dll
0x00007ffe24a00000 - 0x00007ffe24a17000 	c:\Users\admin\.vscode\extensions\redhat.java-1.13.0-win32-x64\jre\17.0.5-win32-x86_64\bin\jli.dll
0x00007ffe54ea0000 - 0x00007ffe55034000 	C:\Windows\System32\USER32.dll
0x00007ffe53ab0000 - 0x00007ffe53ad1000 	C:\Windows\System32\win32u.dll
0x00007ffe55af0000 - 0x00007ffe55b16000 	C:\Windows\System32\GDI32.dll
0x00007ffe549d0000 - 0x00007ffe54b64000 	C:\Windows\System32\gdi32full.dll
0x00007ffe52ef0000 - 0x00007ffe53175000 	C:\Windows\WinSxS\amd64_microsoft.windows.common-controls_6595b64144ccf1df_6.0.18362.719_none_e6c7b883130c6729\COMCTL32.dll
0x00007ffe53be0000 - 0x00007ffe53c7e000 	C:\Windows\System32\msvcp_win.dll
0x00007ffe56860000 - 0x00007ffe568fe000 	C:\Windows\System32\msvcrt.dll
0x00007ffe55e60000 - 0x00007ffe56196000 	C:\Windows\System32\combase.dll
0x00007ffe569c0000 - 0x00007ffe56ae0000 	C:\Windows\System32\RPCRT4.dll
0x00007ffe54830000 - 0x00007ffe548b0000 	C:\Windows\System32\bcryptPrimitives.dll
0x00007ffe55cf0000 - 0x00007ffe55d1e000 	C:\Windows\System32\IMM32.DLL
0x00007ffe383a0000 - 0x00007ffe383ac000 	c:\Users\admin\.vscode\extensions\redhat.java-1.13.0-win32-x64\jre\17.0.5-win32-x86_64\bin\vcruntime140_1.dll
0x00007ffe1bf00000 - 0x00007ffe1bf91000 	c:\Users\admin\.vscode\extensions\redhat.java-1.13.0-win32-x64\jre\17.0.5-win32-x86_64\bin\msvcp140.dll
0x00007ffde8540000 - 0x00007ffde9184000 	c:\Users\admin\.vscode\extensions\redhat.java-1.13.0-win32-x64\jre\17.0.5-win32-x86_64\bin\server\jvm.dll
0x00007ffe55040000 - 0x00007ffe550e3000 	C:\Windows\System32\ADVAPI32.dll
0x00007ffe567c0000 - 0x00007ffe56857000 	C:\Windows\System32\sechost.dll
0x00007ffe37d30000 - 0x00007ffe37d39000 	C:\Windows\SYSTEM32\WSOCK32.dll
0x00007ffe559a0000 - 0x00007ffe55a0f000 	C:\Windows\System32\WS2_32.dll
0x00007ffe514f0000 - 0x00007ffe51514000 	C:\Windows\SYSTEM32\WINMM.dll
0x00007ffe4d6a0000 - 0x00007ffe4d6aa000 	C:\Windows\SYSTEM32\VERSION.dll
0x00007ffe514c0000 - 0x00007ffe514ed000 	C:\Windows\SYSTEM32\WINMMBASE.dll
0x00007ffe548b0000 - 0x00007ffe548fa000 	C:\Windows\System32\cfgmgr32.dll
0x00007ffe53a70000 - 0x00007ffe53a81000 	C:\Windows\System32\kernel.appcore.dll
0x00007ffe35d90000 - 0x00007ffe35d9a000 	c:\Users\admin\.vscode\extensions\redhat.java-1.13.0-win32-x64\jre\17.0.5-win32-x86_64\bin\jimage.dll
0x00007ffe53500000 - 0x00007ffe536f4000 	C:\Windows\SYSTEM32\DBGHELP.DLL
0x00007ffe53270000 - 0x00007ffe5329a000 	C:\Windows\SYSTEM32\dbgcore.DLL
0x00007ffe34e10000 - 0x00007ffe34e1e000 	c:\Users\admin\.vscode\extensions\redhat.java-1.13.0-win32-x64\jre\17.0.5-win32-x86_64\bin\instrument.dll
0x00007ffe1e810000 - 0x00007ffe1e835000 	c:\Users\admin\.vscode\extensions\redhat.java-1.13.0-win32-x64\jre\17.0.5-win32-x86_64\bin\java.dll
0x00007ffe1f6b0000 - 0x00007ffe1f6c8000 	c:\Users\admin\.vscode\extensions\redhat.java-1.13.0-win32-x64\jre\17.0.5-win32-x86_64\bin\zip.dll
0x00007ffe552b0000 - 0x00007ffe55995000 	C:\Windows\System32\SHELL32.dll
0x00007ffe55b20000 - 0x00007ffe55bc9000 	C:\Windows\System32\shcore.dll
0x00007ffe53f30000 - 0x00007ffe546b0000 	C:\Windows\System32\windows.storage.dll
0x00007ffe53a40000 - 0x00007ffe53a63000 	C:\Windows\System32\profapi.dll
0x00007ffe539f0000 - 0x00007ffe53a3a000 	C:\Windows\System32\powrprof.dll
0x00007ffe539e0000 - 0x00007ffe539f0000 	C:\Windows\System32\UMPDC.dll
0x00007ffe55c90000 - 0x00007ffe55ce2000 	C:\Windows\System32\shlwapi.dll
0x00007ffe549b0000 - 0x00007ffe549c7000 	C:\Windows\System32\cryptsp.dll
0x00007ffe1e7f0000 - 0x00007ffe1e809000 	C:\Users\admin\.vscode\extensions\redhat.java-1.13.0-win32-x64\jre\17.0.5-win32-x86_64\bin\net.dll
0x00007ffe408d0000 - 0x00007ffe409c1000 	C:\Windows\SYSTEM32\WINHTTP.dll
0x00007ffe52b70000 - 0x00007ffe52bd7000 	C:\Windows\system32\mswsock.dll
0x00007ffe1d840000 - 0x00007ffe1d855000 	C:\Users\admin\.vscode\extensions\redhat.java-1.13.0-win32-x64\jre\17.0.5-win32-x86_64\bin\nio.dll
0x00007ffe33560000 - 0x00007ffe33570000 	c:\Users\admin\.vscode\extensions\redhat.java-1.13.0-win32-x64\jre\17.0.5-win32-x86_64\bin\verify.dll
0x00007ffe1d800000 - 0x00007ffe1d83e000 	C:\Users\admin\AppData\Roaming\Code\User\globalStorage\redhat.java\1.13.0\config_ss_win\org.eclipse.equinox.launcher\org.eclipse.equinox.launcher.win32.win32.x86_64_1.2.600.v20220720-1916\eclipse_11700.dll
0x00007ffe54d40000 - 0x00007ffe54e97000 	C:\Windows\System32\ole32.dll

dbghelp: loaded successfully - version: 4.0.5 - missing functions: none
symbol engine: initialized successfully - sym options: 0x614 - pdb path: .;c:\Users\admin\.vscode\extensions\redhat.java-1.13.0-win32-x64\jre\17.0.5-win32-x86_64\bin;C:\Windows\SYSTEM32;C:\Windows\WinSxS\amd64_microsoft.windows.common-controls_6595b64144ccf1df_6.0.18362.719_none_e6c7b883130c6729;c:\Users\admin\.vscode\extensions\redhat.java-1.13.0-win32-x64\jre\17.0.5-win32-x86_64\bin\server;C:\Users\admin\AppData\Roaming\Code\User\globalStorage\redhat.java\1.13.0\config_ss_win\org.eclipse.equinox.launcher\org.eclipse.equinox.launcher.win32.win32.x86_64_1.2.600.v20220720-1916

VM Arguments:
jvm_args: --add-modules=ALL-SYSTEM --add-opens=java.base/java.util=ALL-UNNAMED --add-opens=java.base/java.lang=ALL-UNNAMED --add-opens=java.base/sun.nio.fs=ALL-UNNAMED -Declipse.application=org.eclipse.jdt.ls.core.id1 -Dosgi.bundles.defaultStartLevel=4 -Declipse.product=org.eclipse.jdt.ls.core.product -Djava.import.generatesMetadataFilesAtProjectRoot=false -Dfile.encoding=utf8 -XX:+UseParallelGC -XX:GCTimeRatio=4 -XX:AdaptiveSizePolicyWeight=90 -Dsun.zip.disableMemoryMapping=true -Xmx1G -Xms100m -Xlog:disable -javaagent:c:\Users\admin\.vscode\extensions\redhat.java-1.13.0-win32-x64\lombok\lombok-1.18.24.jar 
java_command: c:\Users\admin\.vscode\extensions\redhat.java-1.13.0-win32-x64\server\plugins\org.eclipse.equinox.launcher_1.6.400.v20210924-0641.jar -configuration c:\Users\admin\AppData\Roaming\Code\User\globalStorage\redhat.java\1.13.0\config_ss_win -data c:\Users\admin\AppData\Roaming\Code\User\workspaceStorage\4ecb3b370f7771eeb89a8e815e0aced3\redhat.java\ss_ws
java_class_path (initial): c:\Users\admin\.vscode\extensions\redhat.java-1.13.0-win32-x64\server\plugins\org.eclipse.equinox.launcher_1.6.400.v20210924-0641.jar
Launcher Type: SUN_STANDARD

[Global flags]
    uintx AdaptiveSizePolicyWeight                 = 90                                        {product} {command line}
     intx CICompilerCount                          = 4                                         {product} {ergonomic}
    uintx GCTimeRatio                              = 4                                         {product} {command line}
   size_t InitialHeapSize                          = 104857600                                 {product} {command line}
   size_t MaxHeapSize                              = 1073741824                                {product} {command line}
   size_t MaxNewSize                               = 357564416                                 {product} {ergonomic}
   size_t MinHeapDeltaBytes                        = 524288                                    {product} {ergonomic}
   size_t MinHeapSize                              = 104857600                                 {product} {command line}
   size_t NewSize                                  = 34603008                                  {product} {ergonomic}
    uintx NonNMethodCodeHeapSize                   = 5839372                                {pd product} {ergonomic}
    uintx NonProfiledCodeHeapSize                  = 122909434                              {pd product} {ergonomic}
   size_t OldSize                                  = 70254592                                  {product} {ergonomic}
    uintx ProfiledCodeHeapSize                     = 122909434                              {pd product} {ergonomic}
    uintx ReservedCodeCacheSize                    = 251658240                              {pd product} {ergonomic}
     bool SegmentedCodeCache                       = true                                      {product} {ergonomic}
   size_t SoftMaxHeapSize                          = 1073741824                             {manageable} {ergonomic}
     bool UseCompressedClassPointers               = true                           {product lp64_product} {ergonomic}
     bool UseCompressedOops                        = true                           {product lp64_product} {ergonomic}
     bool UseLargePagesIndividualAllocation        = false                                  {pd product} {ergonomic}
     bool UseParallelGC                            = true                                      {product} {command line}

Logging:
Log output configuration:
 #0: stdout all=off uptime,level,tags
 #1: stderr all=off uptime,level,tags

Environment Variables:
PATH=E:\vm\bin\;C:\Program Files\Common Files\Oracle\Java\javapath;C:\Python310\Scripts\;C:\Python310\;C:\Windows\system32;C:\Windows;C:\Windows\System32\Wbem;C:\Windows\System32\WindowsPowerShell\v1.0\;C:\Windows\System32\OpenSSH\;C:\Program Files\Git\cmd;C:\Program Files\nodejs\;C:\ProgramData\chocolatey\bin;C:\xampp\php;C:\composer;C:\Program Files\MongoDB\Server\6.0\bin;C:\Program Files\Docker\Docker\resources\bin;C:\ProgramData\DockerDesktop\version-bin;C:\Program Files (x86)\Microsoft SQL Server\150\DTS\Binn\;C:\Program Files\Azure Data Studio\bin;C:\Program Files\dotnet\;F:\;C:\Program Files\PuTTY\;C:\Program Files (x86)\NetSarang\Xshell 7\;C:\Program Files\Go\bin;C:\Users\admin\AppData\Local\Android\Sdk\platform-tools;C:\Program Files\Java\jdk-18.0.1.1\bin\;F:\chromedriver.exe;C:\Ruby31-x64\bin;C:\Users\admin\.poetry\bin;C:\Users\admin\AppData\Local\Microsoft\WindowsApps;C:\Users\admin\AppData\Roaming\npm;C:\Users\admin\AppData\Roaming\Composer\vendor\bin;C:\Users\admin\AppData\Local\Programs\Microsoft VS Code\bin;C:\Program Files\Azure Data Studio\bin;C:\Users\admin\.dotnet\tools;C:\Users\admin\go\bin;C:\Program Files\heroku\bin;F:\chromedriver.exe;F:\;
USERNAME=admin
OS=Windows_NT
PROCESSOR_IDENTIFIER=Intel64 Family 6 Model 165 Stepping 3, GenuineIntel
TMP=C:\Users\admin\AppData\Local\Temp
TEMP=C:\Users\admin\AppData\Local\Temp



---------------  S Y S T E M  ---------------

OS:
 Windows 10 , 64 bit Build 18362 (10.0.18362.329)
OS uptime: 1 days 12:26 hours

CPU: total 8 (initial active 8) (4 cores per cpu, 2 threads per core) family 6 model 165 stepping 3 microcode 0xe0, cx8, cmov, fxsr, ht, mmx, 3dnowpref, sse, sse2, sse3, ssse3, sse4.1, sse4.2, popcnt, lzcnt, tsc, tscinvbit, avx, avx2, aes, erms, clmul, bmi1, bmi2, adx, fma, vzeroupper, clflush, clflushopt

Memory: 4k page, system-wide physical 24420M (5156M free)
TotalPageFile size 54916M (AvailPageFile size 5M)
current process WorkingSet (physical memory assigned to process): 123M, peak: 123M
current process commit charge ("private bytes"): 234M, peak: 235M

vm_info: OpenJDK 64-Bit Server VM (17.0.5+8) for windows-amd64 JRE (17.0.5+8), built on Oct 19 2022 04:48:13 by "temurin" with MS VC++ 16.7 (VS2019)

END.
