#
# There is insufficient memory for the Java Runtime Environment to continue.
# Native memory allocation (mmap) failed to map 65536 bytes for Failed to commit metaspace.
# Possible reasons:
#   The system is out of physical RAM or swap space
#   The process is running with CompressedOops enabled, and the Java Heap may be blocking the growth of the native heap
# Possible solutions:
#   Reduce memory load on the system
#   Increase physical memory or swap space
#   Check if swap backing store is full
#   Decrease Java heap size (-Xmx/-Xms)
#   Decrease number of Java threads
#   Decrease Java thread stack sizes (-Xss)
#   Set larger code cache with -XX:ReservedCodeCacheSize=
#   JVM is running with Unscaled Compressed Oops mode in which the Java heap is
#     placed in the first 4GB address space. The Java Heap base address is the
#     maximum limit for the native heap growth. Please use -XX:HeapBaseMinAddress
#     to set the Java Heap base and to place the Java Heap above 4GB virtual address.
# This output file may be truncated or incomplete.
#
#  Out of Memory Error (virtualSpaceNode.cpp:110), pid=15664, tid=20428
#
# JRE version: OpenJDK Runtime Environment Temurin-17.0.5+8 (17.0.5+8) (build 17.0.5+8)
# Java VM: OpenJDK 64-Bit Server VM Temurin-17.0.5+8 (17.0.5+8, mixed mode, tiered, compressed oops, compressed class ptrs, parallel gc, windows-amd64)
# No core dump will be written. Minidumps are not enabled by default on client versions of Windows
#

---------------  S U M M A R Y ------------

Command Line: --add-modules=ALL-SYSTEM --add-opens=java.base/java.util=ALL-UNNAMED --add-opens=java.base/java.lang=ALL-UNNAMED --add-opens=java.base/sun.nio.fs=ALL-UNNAMED -Declipse.application=org.eclipse.jdt.ls.core.id1 -Dosgi.bundles.defaultStartLevel=4 -Declipse.product=org.eclipse.jdt.ls.core.product -Djava.import.generatesMetadataFilesAtProjectRoot=false -Dfile.encoding=utf8 -XX:+UseParallelGC -XX:GCTimeRatio=4 -XX:AdaptiveSizePolicyWeight=90 -Dsun.zip.disableMemoryMapping=true -Xmx1G -Xms100m -Xlog:disable -javaagent:c:\Users\admin\.vscode\extensions\redhat.java-1.13.0-win32-x64\lombok\lombok-1.18.24.jar -XX:+HeapDumpOnOutOfMemoryError -XX:HeapDumpPath=c:\Users\admin\AppData\Roaming\Code\User\workspaceStorage\4ecb3b370f7771eeb89a8e815e0aced3\redhat.java c:\Users\admin\.vscode\extensions\redhat.java-1.13.0-win32-x64\server\plugins\org.eclipse.equinox.launcher_1.6.400.v20210924-0641.jar -configuration c:\Users\admin\AppData\Roaming\Code\User\globalStorage\redhat.java\1.13.0\config_win -data c:\Users\admin\AppData\Roaming\Code\User\workspaceStorage\4ecb3b370f7771eeb89a8e815e0aced3\redhat.java\jdt_ws

Host: Intel(R) Core(TM) i3-10100 CPU @ 3.60GHz, 8 cores, 23G,  Windows 10 , 64 bit Build 18362 (10.0.18362.329)
Time: Tue Jan 10 06:03:10 2023 Central Standard Time elapsed time: 2.324926 seconds (0d 0h 0m 2s)

---------------  T H R E A D  ---------------

Current thread (0x000002f186073710):  JavaThread "Start Level: Equinox Container: 3f2e246c-cbce-455a-96f8-a8e91303abf6" daemon [_thread_in_vm, id=20428, stack(0x000000f997d00000,0x000000f997e00000)]

Stack: [0x000000f997d00000,0x000000f997e00000]
Native frames: (J=compiled Java code, j=interpreted, Vv=VM code, C=native code)
V  [jvm.dll+0x676b3a]
V  [jvm.dll+0x831444]
V  [jvm.dll+0x832bee]
V  [jvm.dll+0x833253]
V  [jvm.dll+0x244ce5]
V  [jvm.dll+0x82d4db]
V  [jvm.dll+0x61b2f6]
V  [jvm.dll+0x1bfd2e]
V  [jvm.dll+0x61dc41]
V  [jvm.dll+0x61bc96]
V  [jvm.dll+0x625b37]
V  [jvm.dll+0x1e99bb]
V  [jvm.dll+0x1e9ef5]
V  [jvm.dll+0x1ea92f]
V  [jvm.dll+0x1dfdd1]
V  [jvm.dll+0x53be30]
V  [jvm.dll+0x7ac5a8]
V  [jvm.dll+0x7ac694]
V  [jvm.dll+0x40ba25]
V  [jvm.dll+0x411bb8]
C  [java.dll+0x17ec]

Java frames: (J=compiled Java code, j=interpreted, Vv=VM code)
J 1178  java.lang.ClassLoader.defineClass1(Ljava/lang/ClassLoader;Ljava/lang/String;[BIILjava/security/ProtectionDomain;Ljava/lang/String;)Ljava/lang/Class; java.base@17.0.5 (0 bytes) @ 0x000002f1f882365b [0x000002f1f88235a0+0x00000000000000bb]
J 1794 c1 java.lang.ClassLoader.defineClass(Ljava/lang/String;[BIILjava/security/ProtectionDomain;)Ljava/lang/Class; java.base@17.0.5 (43 bytes) @ 0x000002f1f15d8dd4 [0x000002f1f15d8a80+0x0000000000000354]
j  org.eclipse.osgi.internal.loader.ModuleClassLoader.defineClass(Ljava/lang/String;[BLorg/eclipse/osgi/internal/loader/classpath/ClasspathEntry;)Lorg/eclipse/osgi/internal/loader/ModuleClassLoader$DefineClassResult;+42
J 1860 c1 org.eclipse.osgi.internal.loader.classpath.ClasspathManager.defineClass(Ljava/lang/String;[BLorg/eclipse/osgi/internal/loader/classpath/ClasspathEntry;Lorg/eclipse/osgi/storage/bundlefile/BundleEntry;Ljava/util/List;)Ljava/lang/Class; (636 bytes) @ 0x000002f1f16024c4 [0x000002f1f1600ae0+0x00000000000019e4]
J 2113 c1 org.eclipse.osgi.internal.loader.classpath.ClasspathManager.findClassImpl(Ljava/lang/String;Lorg/eclipse/osgi/internal/loader/classpath/ClasspathEntry;Ljava/util/List;)Ljava/lang/Class; (308 bytes) @ 0x000002f1f16a358c [0x000002f1f16a0820+0x0000000000002d6c]
J 1836 c1 org.eclipse.osgi.internal.loader.classpath.ClasspathManager.findLocalClassImpl(Ljava/lang/String;[Lorg/eclipse/osgi/internal/loader/classpath/ClasspathEntry;Ljava/util/List;)Ljava/lang/Class; (55 bytes) @ 0x000002f1f15f814c [0x000002f1f15f7fc0+0x000000000000018c]
J 1835 c1 org.eclipse.osgi.internal.loader.classpath.ClasspathManager.findLocalClassImpl(Ljava/lang/String;Ljava/util/List;)Ljava/lang/Class; (132 bytes) @ 0x000002f1f15f76d4 [0x000002f1f15f71c0+0x0000000000000514]
J 2057 c1 org.eclipse.osgi.internal.loader.classpath.ClasspathManager.findLocalClass(Ljava/lang/String;)Ljava/lang/Class; (210 bytes) @ 0x000002f1f1688abc [0x000002f1f1687e20+0x0000000000000c9c]
J 1831 c1 org.eclipse.osgi.internal.loader.BundleLoader.findLocalClass(Ljava/lang/String;)Ljava/lang/Class; (152 bytes) @ 0x000002f1f15f12ec [0x000002f1f15f0aa0+0x000000000000084c]
J 1765 c1 org.eclipse.osgi.internal.loader.BundleLoader.findClass0(Ljava/lang/String;ZZ)Ljava/lang/Class; (466 bytes) @ 0x000002f1f15c8894 [0x000002f1f15c61a0+0x00000000000026f4]
J 1764 c1 org.eclipse.osgi.internal.loader.BundleLoader.findClass(Ljava/lang/String;)Ljava/lang/Class; (8 bytes) @ 0x000002f1f15c589c [0x000002f1f15c5820+0x000000000000007c]
J 1767 c1 org.eclipse.osgi.internal.loader.ModuleClassLoader.loadClass(Ljava/lang/String;Z)Ljava/lang/Class; (36 bytes) @ 0x000002f1f15ccabc [0x000002f1f15cc8a0+0x000000000000021c]
J 999 c1 java.lang.ClassLoader.loadClass(Ljava/lang/String;)Ljava/lang/Class; java.base@17.0.5 (7 bytes) @ 0x000002f1f14354bc [0x000002f1f14353c0+0x00000000000000fc]
v  ~StubRoutines::call_stub
j  org.eclipse.core.internal.resources.Workspace.startup(Lorg/eclipse/core/runtime/IProgressMonitor;)V+99
j  org.eclipse.core.internal.resources.Workspace.open(Lorg/eclipse/core/runtime/IProgressMonitor;)Lorg/eclipse/core/runtime/IStatus;+136
j  org.eclipse.core.resources.ResourcesPlugin$WorkspaceInitCustomizer.addingService(Lorg/osgi/framework/ServiceReference;)Lorg/eclipse/core/internal/resources/Workspace;+45
j  org.eclipse.core.resources.ResourcesPlugin$WorkspaceInitCustomizer.addingService(Lorg/osgi/framework/ServiceReference;)Ljava/lang/Object;+5
j  org.osgi.util.tracker.ServiceTracker$Tracked.customizerAdding(Lorg/osgi/framework/ServiceReference;Lorg/osgi/framework/ServiceEvent;)Ljava/lang/Object;+8
j  org.osgi.util.tracker.ServiceTracker$Tracked.customizerAdding(Ljava/lang/Object;Ljava/lang/Object;)Ljava/lang/Object;+9
j  org.osgi.util.tracker.AbstractTracked.trackAdding(Ljava/lang/Object;Ljava/lang/Object;)V+8
j  org.osgi.util.tracker.AbstractTracked.trackInitial()V+90
j  org.osgi.util.tracker.ServiceTracker.open(Z)V+198
j  org.osgi.util.tracker.ServiceTracker.open()V+2
j  org.eclipse.core.resources.ResourcesPlugin.start(Lorg/osgi/framework/BundleContext;)V+106
j  org.eclipse.osgi.internal.framework.BundleContextImpl$2.run()Ljava/lang/Void;+23
j  org.eclipse.osgi.internal.framework.BundleContextImpl$2.run()Ljava/lang/Object;+1
J 1310 c1 java.security.AccessController.executePrivileged(Ljava/security/PrivilegedExceptionAction;Ljava/security/AccessControlContext;Ljava/lang/Class;)Ljava/lang/Object; java.base@17.0.5 (65 bytes) @ 0x000002f1f14d0934 [0x000002f1f14d07e0+0x0000000000000154]
j  java.security.AccessController.doPrivileged(Ljava/security/PrivilegedExceptionAction;)Ljava/lang/Object;+9 java.base@17.0.5
j  org.eclipse.osgi.internal.framework.BundleContextImpl.startActivator(Lorg/osgi/framework/BundleActivator;)V+9
j  org.eclipse.osgi.internal.framework.BundleContextImpl.start()V+134
j  org.eclipse.osgi.internal.framework.EquinoxBundle.startWorker0()V+35
j  org.eclipse.osgi.internal.framework.EquinoxBundle$EquinoxModule.startWorker()V+4
j  org.eclipse.osgi.container.Module.doStart([Lorg/eclipse/osgi/container/Module$StartOptions;)Lorg/eclipse/osgi/container/ModuleContainerAdaptor$ModuleEvent;+190
j  org.eclipse.osgi.container.Module.start([Lorg/eclipse/osgi/container/Module$StartOptions;)V+460
j  org.eclipse.osgi.framework.util.SecureAction.start(Lorg/eclipse/osgi/container/Module;[Lorg/eclipse/osgi/container/Module$StartOptions;)V+8
J 2054 c1 org.eclipse.osgi.internal.hooks.EclipseLazyStarter.postFindLocalClass(Ljava/lang/String;Ljava/lang/Class;Lorg/eclipse/osgi/internal/loader/classpath/ClasspathManager;)V (394 bytes) @ 0x000002f1f1684bdc [0x000002f1f1683c60+0x0000000000000f7c]
J 2057 c1 org.eclipse.osgi.internal.loader.classpath.ClasspathManager.findLocalClass(Ljava/lang/String;)Ljava/lang/Class; (210 bytes) @ 0x000002f1f1688dd4 [0x000002f1f1687e20+0x0000000000000fb4]
J 1831 c1 org.eclipse.osgi.internal.loader.BundleLoader.findLocalClass(Ljava/lang/String;)Ljava/lang/Class; (152 bytes) @ 0x000002f1f15f12ec [0x000002f1f15f0aa0+0x000000000000084c]
J 2073 c1 org.eclipse.osgi.internal.loader.sources.SingleSourcePackage.loadClass(Ljava/lang/String;)Ljava/lang/Class; (9 bytes) @ 0x000002f1f168f33c [0x000002f1f168f240+0x00000000000000fc]
J 1765 c1 org.eclipse.osgi.internal.loader.BundleLoader.findClass0(Ljava/lang/String;ZZ)Ljava/lang/Class; (466 bytes) @ 0x000002f1f15c879c [0x000002f1f15c61a0+0x00000000000025fc]
J 1764 c1 org.eclipse.osgi.internal.loader.BundleLoader.findClass(Ljava/lang/String;)Ljava/lang/Class; (8 bytes) @ 0x000002f1f15c589c [0x000002f1f15c5820+0x000000000000007c]
J 1767 c1 org.eclipse.osgi.internal.loader.ModuleClassLoader.loadClass(Ljava/lang/String;Z)Ljava/lang/Class; (36 bytes) @ 0x000002f1f15ccabc [0x000002f1f15cc8a0+0x000000000000021c]
J 999 c1 java.lang.ClassLoader.loadClass(Ljava/lang/String;)Ljava/lang/Class; java.base@17.0.5 (7 bytes) @ 0x000002f1f14354bc [0x000002f1f14353c0+0x00000000000000fc]
v  ~StubRoutines::call_stub
j  java.lang.Class.getDeclaredConstructors0(Z)[Ljava/lang/reflect/Constructor;+0 java.base@17.0.5
j  java.lang.Class.privateGetDeclaredConstructors(Z)[Ljava/lang/reflect/Constructor;+52 java.base@17.0.5
j  java.lang.Class.getConstructor0([Ljava/lang/Class;I)Ljava/lang/reflect/Constructor;+14 java.base@17.0.5
j  java.lang.Class.getConstructor([Ljava/lang/Class;)Ljava/lang/reflect/Constructor;+24 java.base@17.0.5
j  org.eclipse.osgi.internal.framework.BundleContextImpl.loadBundleActivator()Lorg/osgi/framework/BundleActivator;+105
j  org.eclipse.osgi.internal.framework.BundleContextImpl.start()V+18
j  org.eclipse.osgi.internal.framework.EquinoxBundle.startWorker0()V+35
j  org.eclipse.osgi.internal.framework.EquinoxBundle$EquinoxModule.startWorker()V+4
j  org.eclipse.osgi.container.Module.doStart([Lorg/eclipse/osgi/container/Module$StartOptions;)Lorg/eclipse/osgi/container/ModuleContainerAdaptor$ModuleEvent;+190
j  org.eclipse.osgi.container.Module.start([Lorg/eclipse/osgi/container/Module$StartOptions;)V+460
j  org.eclipse.osgi.framework.util.SecureAction.start(Lorg/eclipse/osgi/container/Module;[Lorg/eclipse/osgi/container/Module$StartOptions;)V+8
J 2054 c1 org.eclipse.osgi.internal.hooks.EclipseLazyStarter.postFindLocalClass(Ljava/lang/String;Ljava/lang/Class;Lorg/eclipse/osgi/internal/loader/classpath/ClasspathManager;)V (394 bytes) @ 0x000002f1f1684bdc [0x000002f1f1683c60+0x0000000000000f7c]
J 2057 c1 org.eclipse.osgi.internal.loader.classpath.ClasspathManager.findLocalClass(Ljava/lang/String;)Ljava/lang/Class; (210 bytes) @ 0x000002f1f1688dd4 [0x000002f1f1687e20+0x0000000000000fb4]
J 1831 c1 org.eclipse.osgi.internal.loader.BundleLoader.findLocalClass(Ljava/lang/String;)Ljava/lang/Class; (152 bytes) @ 0x000002f1f15f12ec [0x000002f1f15f0aa0+0x000000000000084c]
j  org.eclipse.osgi.internal.loader.sources.SingleSourcePackage.loadClass(Ljava/lang/String;)Ljava/lang/Class;+5
J 1765 c1 org.eclipse.osgi.internal.loader.BundleLoader.findClass0(Ljava/lang/String;ZZ)Ljava/lang/Class; (466 bytes) @ 0x000002f1f15c879c [0x000002f1f15c61a0+0x00000000000025fc]
J 1764 c1 org.eclipse.osgi.internal.loader.BundleLoader.findClass(Ljava/lang/String;)Ljava/lang/Class; (8 bytes) @ 0x000002f1f15c589c [0x000002f1f15c5820+0x000000000000007c]
J 1767 c1 org.eclipse.osgi.internal.loader.ModuleClassLoader.loadClass(Ljava/lang/String;Z)Ljava/lang/Class; (36 bytes) @ 0x000002f1f15ccabc [0x000002f1f15cc8a0+0x000000000000021c]
J 999 c1 java.lang.ClassLoader.loadClass(Ljava/lang/String;)Ljava/lang/Class; java.base@17.0.5 (7 bytes) @ 0x000002f1f14354bc [0x000002f1f14353c0+0x00000000000000fc]
v  ~StubRoutines::call_stub
j  java.lang.Class.getDeclaredConstructors0(Z)[Ljava/lang/reflect/Constructor;+0 java.base@17.0.5
j  java.lang.Class.privateGetDeclaredConstructors(Z)[Ljava/lang/reflect/Constructor;+52 java.base@17.0.5
j  java.lang.Class.getConstructor0([Ljava/lang/Class;I)Ljava/lang/reflect/Constructor;+14 java.base@17.0.5
j  java.lang.Class.getConstructor([Ljava/lang/Class;)Ljava/lang/reflect/Constructor;+24 java.base@17.0.5
j  org.eclipse.osgi.internal.framework.BundleContextImpl.loadBundleActivator()Lorg/osgi/framework/BundleActivator;+105
j  org.eclipse.osgi.internal.framework.BundleContextImpl.start()V+18
j  org.eclipse.osgi.internal.framework.EquinoxBundle.startWorker0()V+35
j  org.eclipse.osgi.internal.framework.EquinoxBundle$EquinoxModule.startWorker()V+4
j  org.eclipse.osgi.container.Module.doStart([Lorg/eclipse/osgi/container/Module$StartOptions;)Lorg/eclipse/osgi/container/ModuleContainerAdaptor$ModuleEvent;+190
j  org.eclipse.osgi.container.Module.start([Lorg/eclipse/osgi/container/Module$StartOptions;)V+460
j  org.eclipse.osgi.container.ModuleContainer$ContainerStartLevel$2.run()V+71
j  org.eclipse.osgi.internal.framework.EquinoxContainerAdaptor$1$1.execute(Ljava/lang/Runnable;)V+1
j  org.eclipse.osgi.container.ModuleContainer$ContainerStartLevel.incStartLevel(ILjava/util/List;Z)V+192
j  org.eclipse.osgi.container.ModuleContainer$ContainerStartLevel.incStartLevel(ILjava/util/List;Ljava/util/List;Ljava/util/List;Ljava/util/List;)V+19
j  org.eclipse.osgi.container.ModuleContainer$ContainerStartLevel.doContainerStartLevel(Lorg/eclipse/osgi/container/Module;I[Lorg/osgi/framework/FrameworkListener;)V+349
j  org.eclipse.osgi.container.ModuleContainer$ContainerStartLevel.dispatchEvent(Lorg/eclipse/osgi/container/Module;[Lorg/osgi/framework/FrameworkListener;ILjava/lang/Integer;)V+32
j  org.eclipse.osgi.container.ModuleContainer$ContainerStartLevel.dispatchEvent(Ljava/lang/Object;Ljava/lang/Object;ILjava/lang/Object;)V+15
j  org.eclipse.osgi.framework.eventmgr.EventManager.dispatchEvent(Ljava/util/Set;Lorg/eclipse/osgi/framework/eventmgr/EventDispatcher;ILjava/lang/Object;)V+48
j  org.eclipse.osgi.framework.eventmgr.EventManager$EventThread.run()V+26
v  ~StubRoutines::call_stub

---------------  P R O C E S S  ---------------

Threads class SMR info:
_java_thread_list=0x000002f185ee94d0, length=19, elements={
0x000002f1ee0627b0, 0x000002f1ffedcb00, 0x000002f1ffede980, 0x000002f18397a140,
0x000002f18397acc0, 0x000002f183949930, 0x000002f18394b360, 0x000002f18394cbb0,
0x000002f18397f580, 0x000002f1839e2d60, 0x000002f183a6ca10, 0x000002f183c43540,
0x000002f184d59020, 0x000002f185e8a420, 0x000002f186073710, 0x000002f1861fb8b0,
0x000002f1861429d0, 0x000002f185f31360, 0x000002f1862bcdb0
}

Java Threads: ( => current thread )
  0x000002f1ee0627b0 JavaThread "main" [_thread_blocked, id=21228, stack(0x000000f996500000,0x000000f996600000)]
  0x000002f1ffedcb00 JavaThread "Reference Handler" daemon [_thread_blocked, id=18760, stack(0x000000f996800000,0x000000f996900000)]
  0x000002f1ffede980 JavaThread "Finalizer" daemon [_thread_blocked, id=14996, stack(0x000000f996900000,0x000000f996a00000)]
  0x000002f18397a140 JavaThread "Signal Dispatcher" daemon [_thread_blocked, id=9888, stack(0x000000f996a00000,0x000000f996b00000)]
  0x000002f18397acc0 JavaThread "Attach Listener" daemon [_thread_blocked, id=14388, stack(0x000000f996b00000,0x000000f996c00000)]
  0x000002f183949930 JavaThread "Service Thread" daemon [_thread_blocked, id=9768, stack(0x000000f996c00000,0x000000f996d00000)]
  0x000002f18394b360 JavaThread "Monitor Deflation Thread" daemon [_thread_blocked, id=17984, stack(0x000000f996d00000,0x000000f996e00000)]
  0x000002f18394cbb0 JavaThread "C2 CompilerThread0" daemon [_thread_in_native, id=596, stack(0x000000f996e00000,0x000000f996f00000)]
  0x000002f18397f580 JavaThread "C1 CompilerThread0" daemon [_thread_blocked, id=13512, stack(0x000000f996f00000,0x000000f997000000)]
  0x000002f1839e2d60 JavaThread "Sweeper thread" daemon [_thread_blocked, id=6952, stack(0x000000f997000000,0x000000f997100000)]
  0x000002f183a6ca10 JavaThread "Common-Cleaner" daemon [_thread_blocked, id=11052, stack(0x000000f997100000,0x000000f997200000)]
  0x000002f183c43540 JavaThread "Notification Thread" daemon [_thread_blocked, id=5304, stack(0x000000f997200000,0x000000f997300000)]
  0x000002f184d59020 JavaThread "Active Thread: Equinox Container: 3f2e246c-cbce-455a-96f8-a8e91303abf6" [_thread_blocked, id=18660, stack(0x000000f997500000,0x000000f997600000)]
  0x000002f185e8a420 JavaThread "Framework Event Dispatcher: Equinox Container: 3f2e246c-cbce-455a-96f8-a8e91303abf6" daemon [_thread_blocked, id=5340, stack(0x000000f997c00000,0x000000f997d00000)]
=>0x000002f186073710 JavaThread "Start Level: Equinox Container: 3f2e246c-cbce-455a-96f8-a8e91303abf6" daemon [_thread_in_vm, id=20428, stack(0x000000f997d00000,0x000000f997e00000)]
  0x000002f1861fb8b0 JavaThread "SCR Component Actor" daemon [_thread_blocked, id=1980, stack(0x000000f997e00000,0x000000f997f00000)]
  0x000002f1861429d0 JavaThread "SCR Component Registry" daemon [_thread_blocked, id=8548, stack(0x000000f997f00000,0x000000f998000000)]
  0x000002f185f31360 JavaThread "C2 CompilerThread1" daemon [_thread_blocked, id=3880, stack(0x000000f998000000,0x000000f998100000)]
  0x000002f1862bcdb0 JavaThread "Worker-JM" [_thread_blocked, id=17960, stack(0x000000f998100000,0x000000f998200000)]

Other Threads:
  0x000002f1ee11e9c0 VMThread "VM Thread" [stack: 0x000000f996700000,0x000000f996800000] [id=9364]
  0x000002f183c3b4f0 WatcherThread [stack: 0x000000f997300000,0x000000f997400000] [id=3604]
  0x000002f1ee078a20 GCTaskThread "GC Thread#0" [stack: 0x000000f996600000,0x000000f996700000] [id=6508]
  0x000002f1850bc370 GCTaskThread "GC Thread#1" [stack: 0x000000f997600000,0x000000f997700000] [id=4328]
  0x000002f185c53660 GCTaskThread "GC Thread#2" [stack: 0x000000f997700000,0x000000f997800000] [id=14320]
  0x000002f184c7cfa0 GCTaskThread "GC Thread#3" [stack: 0x000000f997800000,0x000000f997900000] [id=19532]
  0x000002f184c7d250 GCTaskThread "GC Thread#4" [stack: 0x000000f997900000,0x000000f997a00000] [id=4768]
  0x000002f184f38fe0 GCTaskThread "GC Thread#5" [stack: 0x000000f997a00000,0x000000f997b00000] [id=15744]
  0x000002f184f39290 GCTaskThread "GC Thread#6" [stack: 0x000000f997b00000,0x000000f997c00000] [id=10872]
  0x000002f183d0e640 GCTaskThread "GC Thread#7" [stack: 0x000000f997400000,0x000000f997500000] [id=16480]

Threads with active compile tasks:
C2 CompilerThread0     2337 2218       4       lombok.patcher.PatchScript::classMatches (41 bytes)

VM state: not at safepoint (normal execution)

VM Mutex/Monitor currently owned by a thread:  ([mutex/lock_event])
[0x000002f1ebe8fa80] Metaspace_lock - owner thread: 0x000002f186073710

Heap address: 0x00000000c0000000, size: 1024 MB, Compressed Oops mode: 32-bit

CDS archive(s) not mapped
Compressed class space mapped at: 0x0000000100000000-0x0000000140000000, reserved size: 1073741824
Narrow klass base: 0x0000000000000000, Narrow klass shift: 3, Narrow klass range: 0x140000000

GC Precious Log:
 CPUs: 8 total, 8 available
 Memory: 24420M
 Large Page Support: Disabled
 NUMA Support: Disabled
 Compressed Oops: Enabled (32-bit)
 Alignments: Space 512K, Generation 512K, Heap 2M
 Heap Min Capacity: 100M
 Heap Initial Capacity: 100M
 Heap Max Capacity: 1G
 Pre-touch: Disabled
 Parallel Workers: 8

Heap:
 PSYoungGen      total 29696K, used 29241K [0x00000000eab00000, 0x00000000ecc00000, 0x0000000100000000)
  eden space 25600K, 98% used [0x00000000eab00000,0x00000000ec38ed50,0x00000000ec400000)
  from space 4096K, 99% used [0x00000000ec800000,0x00000000ecbff718,0x00000000ecc00000)
  to   space 4096K, 0% used [0x00000000ec400000,0x00000000ec400000,0x00000000ec800000)
 ParOldGen       total 68608K, used 1965K [0x00000000c0000000, 0x00000000c4300000, 0x00000000eab00000)
  object space 68608K, 2% used [0x00000000c0000000,0x00000000c01eb6f8,0x00000000c4300000)
 Metaspace       used 19678K, committed 19968K, reserved 1073152K
  class space    used 1987K, committed 2112K, reserved 1048576K

Card table byte_map: [0x000002f1eda30000,0x000002f1edc40000] _byte_map_base: 0x000002f1ed430000

Marking Bits: (ParMarkBitMap*) 0x00007ffde32a0dd0
 Begin Bits: [0x000002f180000000, 0x000002f181000000)
 End Bits:   [0x000002f181000000, 0x000002f182000000)

Polling page: 0x000002f1ed820000

Metaspace:

Usage:
  Non-class:     17.28 MB used.
      Class:      1.94 MB used.
       Both:     19.22 MB used.

Virtual space:
  Non-class space:       24.00 MB reserved,      17.44 MB ( 73%) committed,  3 nodes.
      Class space:        1.00 GB reserved,       2.06 MB ( <1%) committed,  1 nodes.
             Both:        1.02 GB reserved,      19.50 MB (  2%) committed. 

Chunk freelists:
   Non-Class:  1.73 MB
       Class:  1.88 MB
        Both:  3.61 MB

MaxMetaspaceSize: unlimited
CompressedClassSpaceSize: 1.00 GB
Initial GC threshold: 21.00 MB
Current GC threshold: 21.00 MB
CDS: off
MetaspaceReclaimPolicy: balanced
 - commit_granule_bytes: 65536.
 - commit_granule_words: 8192.
 - virtual_space_node_default_size: 1048576.
 - enlarge_chunks_in_place: 1.
 - new_chunks_are_fully_committed: 0.
 - uncommit_free_chunks: 1.
 - use_allocation_guard: 0.
 - handle_deallocations: 1.


Internal statistics:

num_allocs_failed_limit: 0.
num_arena_births: 166.
num_arena_deaths: 0.
num_vsnodes_births: 4.
num_vsnodes_deaths: 0.
num_space_committed: 312.
num_space_uncommitted: 0.
num_chunks_returned_to_freelist: 0.
num_chunks_taken_from_freelist: 577.
num_chunk_merges: 0.
num_chunk_splits: 380.
num_chunks_enlarged: 265.
num_purges: 0.
num_inconsistent_stats: 0.

CodeHeap 'non-profiled nmethods': size=120000Kb used=863Kb max_used=863Kb free=119136Kb
 bounds [0x000002f1f87b0000, 0x000002f1f8a20000, 0x000002f1ffce0000]
CodeHeap 'profiled nmethods': size=120000Kb used=4506Kb max_used=4506Kb free=115493Kb
 bounds [0x000002f1f1280000, 0x000002f1f16f0000, 0x000002f1f87b0000]
CodeHeap 'non-nmethods': size=5760Kb used=1186Kb max_used=1228Kb free=4574Kb
 bounds [0x000002f1f0ce0000, 0x000002f1f0f50000, 0x000002f1f1280000]
 total_blobs=2702 nmethods=2221 adapters=395
 compilation: enabled
              stopped_count=0, restarted_count=0
 full_count=0

Compilation events (20 events):
Event: 2.309 Thread 0x000002f18397f580 2212       3       java.util.WeakHashMap::put (160 bytes)
Event: 2.310 Thread 0x000002f18397f580 nmethod 2212 0x000002f1f16d7690 code [0x000002f1f16d7900, 0x000002f1f16d8748]
Event: 2.310 Thread 0x000002f18397f580 2213       3       java.util.Properties::loadConvert (540 bytes)
Event: 2.311 Thread 0x000002f18397f580 nmethod 2213 0x000002f1f16d8c90 code [0x000002f1f16d8f80, 0x000002f1f16da398]
Event: 2.311 Thread 0x000002f18397f580 2214       3       java.lang.Module::implIsExportedOrOpen (92 bytes)
Event: 2.311 Thread 0x000002f18397f580 nmethod 2214 0x000002f1f16daa10 code [0x000002f1f16dac40, 0x000002f1f16db358]
Event: 2.311 Thread 0x000002f18397f580 2215       3       java.lang.reflect.ReflectAccess::getRoot (5 bytes)
Event: 2.311 Thread 0x000002f18397f580 nmethod 2215 0x000002f1f16db510 code [0x000002f1f16db6c0, 0x000002f1f16db888]
Event: 2.314 Thread 0x000002f18397f580 2216       3       org.eclipse.osgi.internal.hooks.EclipseLazyStarter::shouldActivateFor (123 bytes)
Event: 2.314 Thread 0x000002f18397f580 nmethod 2216 0x000002f1f16db990 code [0x000002f1f16dbc00, 0x000002f1f16dc768]
Event: 2.314 Thread 0x000002f18397f580 2217       3       java.util.ArrayDeque::addFirst (51 bytes)
Event: 2.315 Thread 0x000002f18397f580 nmethod 2217 0x000002f1f16dcb90 code [0x000002f1f16dcd60, 0x000002f1f16dd1d8]
Event: 2.317 Thread 0x000002f18394cbb0 2218       4       lombok.patcher.PatchScript::classMatches (41 bytes)
Event: 2.317 Thread 0x000002f185f31360 2219       4       org.eclipse.osgi.internal.hookregistry.ClassLoaderHook::preFindLocalClass (1 bytes)
Event: 2.317 Thread 0x000002f185f31360 nmethod 2219 0x000002f1f8887790 code [0x000002f1f8887900, 0x000002f1f8887978]
Event: 2.317 Thread 0x000002f185f31360 2220       4       org.eclipse.osgi.internal.hookregistry.ClassLoaderHook::postFindLocalClass (1 bytes)
Event: 2.318 Thread 0x000002f185f31360 nmethod 2220 0x000002f1f8887a90 code [0x000002f1f8887c00, 0x000002f1f8887c78]
Event: 2.318 Thread 0x000002f18397f580 2221       3       java.io.DataInputStream::readInt (72 bytes)
Event: 2.318 Thread 0x000002f18397f580 nmethod 2221 0x000002f1f16dd390 code [0x000002f1f16dd580, 0x000002f1f16ddac8]
Event: 2.318 Thread 0x000002f18397f580 2222   !   3       org.eclipse.osgi.container.Module::start (655 bytes)

GC Heap History (4 events):
Event: 1.032 GC heap before
{Heap before GC invocations=1 (full 0):
 PSYoungGen      total 29696K, used 25600K [0x00000000eab00000, 0x00000000ecc00000, 0x0000000100000000)
  eden space 25600K, 100% used [0x00000000eab00000,0x00000000ec400000,0x00000000ec400000)
  from space 4096K, 0% used [0x00000000ec800000,0x00000000ec800000,0x00000000ecc00000)
  to   space 4096K, 0% used [0x00000000ec400000,0x00000000ec400000,0x00000000ec800000)
 ParOldGen       total 68608K, used 0K [0x00000000c0000000, 0x00000000c4300000, 0x00000000eab00000)
  object space 68608K, 0% used [0x00000000c0000000,0x00000000c0000000,0x00000000c4300000)
 Metaspace       used 10961K, committed 11136K, reserved 1064960K
  class space    used 1086K, committed 1152K, reserved 1048576K
}
Event: 1.039 GC heap after
{Heap after GC invocations=1 (full 0):
 PSYoungGen      total 29696K, used 3704K [0x00000000eab00000, 0x00000000ecc00000, 0x0000000100000000)
  eden space 25600K, 0% used [0x00000000eab00000,0x00000000eab00000,0x00000000ec400000)
  from space 4096K, 90% used [0x00000000ec400000,0x00000000ec79e218,0x00000000ec800000)
  to   space 4096K, 0% used [0x00000000ec800000,0x00000000ec800000,0x00000000ecc00000)
 ParOldGen       total 68608K, used 8K [0x00000000c0000000, 0x00000000c4300000, 0x00000000eab00000)
  object space 68608K, 0% used [0x00000000c0000000,0x00000000c0002000,0x00000000c4300000)
 Metaspace       used 10961K, committed 11136K, reserved 1064960K
  class space    used 1086K, committed 1152K, reserved 1048576K
}
Event: 1.812 GC heap before
{Heap before GC invocations=2 (full 0):
 PSYoungGen      total 29696K, used 29304K [0x00000000eab00000, 0x00000000ecc00000, 0x0000000100000000)
  eden space 25600K, 100% used [0x00000000eab00000,0x00000000ec400000,0x00000000ec400000)
  from space 4096K, 90% used [0x00000000ec400000,0x00000000ec79e218,0x00000000ec800000)
  to   space 4096K, 0% used [0x00000000ec800000,0x00000000ec800000,0x00000000ecc00000)
 ParOldGen       total 68608K, used 8K [0x00000000c0000000, 0x00000000c4300000, 0x00000000eab00000)
  object space 68608K, 0% used [0x00000000c0000000,0x00000000c0002000,0x00000000c4300000)
 Metaspace       used 14771K, committed 15104K, reserved 1064960K
  class space    used 1494K, committed 1664K, reserved 1048576K
}
Event: 1.817 GC heap after
{Heap after GC invocations=2 (full 0):
 PSYoungGen      total 29696K, used 4093K [0x00000000eab00000, 0x00000000ecc00000, 0x0000000100000000)
  eden space 25600K, 0% used [0x00000000eab00000,0x00000000eab00000,0x00000000ec400000)
  from space 4096K, 99% used [0x00000000ec800000,0x00000000ecbff718,0x00000000ecc00000)
  to   space 4096K, 0% used [0x00000000ec400000,0x00000000ec400000,0x00000000ec800000)
 ParOldGen       total 68608K, used 1965K [0x00000000c0000000, 0x00000000c4300000, 0x00000000eab00000)
  object space 68608K, 2% used [0x00000000c0000000,0x00000000c01eb6f8,0x00000000c4300000)
 Metaspace       used 14771K, committed 15104K, reserved 1064960K
  class space    used 1494K, committed 1664K, reserved 1048576K
}

Dll operation events (9 events):
Event: 0.010 Loaded shared library c:\Users\admin\.vscode\extensions\redhat.java-1.13.0-win32-x64\jre\17.0.5-win32-x86_64\bin\java.dll
Event: 0.176 Loaded shared library c:\Users\admin\.vscode\extensions\redhat.java-1.13.0-win32-x64\jre\17.0.5-win32-x86_64\bin\zip.dll
Event: 0.179 Loaded shared library C:\Users\admin\.vscode\extensions\redhat.java-1.13.0-win32-x64\jre\17.0.5-win32-x86_64\bin\instrument.dll
Event: 0.191 Loaded shared library C:\Users\admin\.vscode\extensions\redhat.java-1.13.0-win32-x64\jre\17.0.5-win32-x86_64\bin\net.dll
Event: 0.195 Loaded shared library C:\Users\admin\.vscode\extensions\redhat.java-1.13.0-win32-x64\jre\17.0.5-win32-x86_64\bin\nio.dll
Event: 0.203 Loaded shared library C:\Users\admin\.vscode\extensions\redhat.java-1.13.0-win32-x64\jre\17.0.5-win32-x86_64\bin\zip.dll
Event: 0.221 Loaded shared library C:\Users\admin\.vscode\extensions\redhat.java-1.13.0-win32-x64\jre\17.0.5-win32-x86_64\bin\jimage.dll
Event: 0.302 Loaded shared library c:\Users\admin\.vscode\extensions\redhat.java-1.13.0-win32-x64\jre\17.0.5-win32-x86_64\bin\verify.dll
Event: 1.765 Loaded shared library C:\Users\admin\AppData\Roaming\Code\User\globalStorage\redhat.java\1.13.0\config_win\org.eclipse.equinox.launcher\org.eclipse.equinox.launcher.win32.win32.x86_64_1.2.600.v20220720-1916\eclipse_11700.dll

Deoptimization events (20 events):
Event: 2.159 Thread 0x000002f186073710 Uncommon trap: trap_request=0xffffff45 fr.pc=0x000002f1f8808ee4 relative=0x0000000000000344
Event: 2.159 Thread 0x000002f186073710 Uncommon trap: reason=unstable_if action=reinterpret pc=0x000002f1f8808ee4 method=java.lang.AbstractStringBuilder.isLatin1()Z @ 10 c2
Event: 2.159 Thread 0x000002f186073710 DEOPT PACKING pc=0x000002f1f8808ee4 sp=0x000000f997df3cf0
Event: 2.159 Thread 0x000002f186073710 DEOPT UNPACKING pc=0x000002f1f0d320a3 sp=0x000000f997df3c80 mode 2
Event: 2.160 Thread 0x000002f186073710 Uncommon trap: trap_request=0xffffff45 fr.pc=0x000002f1f87f36dc relative=0x000000000000005c
Event: 2.160 Thread 0x000002f186073710 Uncommon trap: reason=unstable_if action=reinterpret pc=0x000002f1f87f36dc method=java.lang.AbstractStringBuilder.isLatin1()Z @ 10 c2
Event: 2.160 Thread 0x000002f186073710 DEOPT PACKING pc=0x000002f1f87f36dc sp=0x000000f997df3ce0
Event: 2.160 Thread 0x000002f186073710 DEOPT UNPACKING pc=0x000002f1f0d320a3 sp=0x000000f997df3c70 mode 2
Event: 2.165 Thread 0x000002f186073710 Uncommon trap: trap_request=0xffffff45 fr.pc=0x000002f1f87d78c8 relative=0x0000000000000048
Event: 2.165 Thread 0x000002f186073710 Uncommon trap: reason=unstable_if action=reinterpret pc=0x000002f1f87d78c8 method=java.lang.CharacterData.of(I)Ljava/lang/CharacterData; @ 4 c2
Event: 2.165 Thread 0x000002f186073710 DEOPT PACKING pc=0x000002f1f87d78c8 sp=0x000000f997df34b0
Event: 2.165 Thread 0x000002f186073710 DEOPT UNPACKING pc=0x000002f1f0d320a3 sp=0x000000f997df3448 mode 2
Event: 2.242 Thread 0x000002f186073710 Uncommon trap: trap_request=0xffffff45 fr.pc=0x000002f1f87f0808 relative=0x0000000000000e48
Event: 2.242 Thread 0x000002f186073710 Uncommon trap: reason=unstable_if action=reinterpret pc=0x000002f1f87f0808 method=lombok.patcher.PatchScript.classMatches(Ljava/lang/String;Ljava/util/Collection;)Z @ 25 c2
Event: 2.242 Thread 0x000002f186073710 DEOPT PACKING pc=0x000002f1f87f0808 sp=0x000000f997df1ff0
Event: 2.243 Thread 0x000002f186073710 DEOPT UNPACKING pc=0x000002f1f0d320a3 sp=0x000000f997df1fb0 mode 2
Event: 2.310 Thread 0x000002f186073710 Uncommon trap: trap_request=0xffffff45 fr.pc=0x000002f1f8881f2c relative=0x0000000000000fec
Event: 2.310 Thread 0x000002f186073710 Uncommon trap: reason=unstable_if action=reinterpret pc=0x000002f1f8881f2c method=java.util.Properties.loadConvert([CIILjava/lang/StringBuilder;)Ljava/lang/String; @ 491 c2
Event: 2.310 Thread 0x000002f186073710 DEOPT PACKING pc=0x000002f1f8881f2c sp=0x000000f997df2df0
Event: 2.310 Thread 0x000002f186073710 DEOPT UNPACKING pc=0x000002f1f0d320a3 sp=0x000000f997df2de0 mode 2

Classes unloaded (0 events):
No events

Classes redefined (0 events):
No events

Internal exceptions (20 events):
Event: 1.049 Thread 0x000002f1ee0627b0 Exception <a 'java/lang/NoSuchMethodError'{0x00000000eab39e80}: 'void java.lang.invoke.DirectMethodHandle$Holder.invokeStaticInit(java.lang.Object, java.lang.Object)'> (0x00000000eab39e80) 
thrown [s\src\hotspot\share\interpreter\linkResolver.cpp, line 759]
Event: 1.050 Thread 0x000002f1ee0627b0 Exception <a 'java/lang/NoSuchMethodError'{0x00000000eab413b8}: 'int java.lang.invoke.DirectMethodHandle$Holder.invokeStaticInit(java.lang.Object, java.lang.Object)'> (0x00000000eab413b8) 
thrown [s\src\hotspot\share\interpreter\linkResolver.cpp, line 759]
Event: 1.084 Thread 0x000002f1ee0627b0 Exception <a 'java/lang/NoSuchMethodError'{0x00000000eacc44d8}: 'void java.lang.invoke.DirectMethodHandle$Holder.invokeSpecial(java.lang.Object, java.lang.Object, java.lang.Object)'> (0x00000000eacc44d8) 
thrown [s\src\hotspot\share\interpreter\linkResolver.cpp, line 759]
Event: 1.355 Thread 0x000002f1ee0627b0 Exception <a 'java/lang/NoSuchMethodError'{0x00000000eb934440}: 'java.lang.Object java.lang.invoke.DirectMethodHandle$Holder.newInvokeSpecial(java.lang.Object, int, java.lang.Object)'> (0x00000000eb934440) 
thrown [s\src\hotspot\share\interpreter\linkResolver.cpp, line 759]
Event: 1.575 Thread 0x000002f1ee0627b0 Exception <a 'java/lang/UnsatisfiedLinkError'{0x00000000ebea9470}: 'void org.eclipse.equinox.launcher.JNIBridge._update_splash()'> (0x00000000ebea9470) 
thrown [s\src\hotspot\share\prims\nativeLookup.cpp, line 543]
Event: 1.623 Thread 0x000002f186073710 Exception <a 'java/lang/NoSuchMethodError'{0x00000000ec161130}: 'java.lang.Object java.lang.invoke.DirectMethodHandle$Holder.invokeStaticInit(java.lang.Object)'> (0x00000000ec161130) 
thrown [s\src\hotspot\share\interpreter\linkResolver.cpp, line 759]
Event: 1.960 Thread 0x000002f186073710 Exception <a 'java/io/FileNotFoundException'{0x00000000eb4880e8}> (0x00000000eb4880e8) 
thrown [s\src\hotspot\share\prims\jni.cpp, line 516]
Event: 1.978 Thread 0x000002f186073710 Exception <a 'java/lang/NullPointerException'{0x00000000eb4ddaf8}> (0x00000000eb4ddaf8) 
thrown [s\src\hotspot\share\interpreter\linkResolver.cpp, line 1350]
Event: 1.978 Thread 0x000002f186073710 Exception <a 'java/lang/NullPointerException'{0x00000000eb4de320}> (0x00000000eb4de320) 
thrown [s\src\hotspot\share\interpreter\linkResolver.cpp, line 1350]
Event: 2.088 Thread 0x000002f186073710 Exception <a 'java/lang/NoSuchMethodError'{0x00000000eb7efa30}: 'java.lang.Object java.lang.invoke.Invokers$Holder.invokeExact_MT(java.lang.Object, java.lang.Object, java.lang.Object, java.lang.Object, java.lang.Object, java.lang.Object)'> (0x00000000eb7efa30) 
thrown [s\src\hotspot\share\interpreter\linkResolver.cpp, line 759]
Event: 2.186 Thread 0x000002f186073710 Exception <a 'java/lang/NoSuchMethodError'{0x00000000ebc91358}: 'void java.lang.invoke.DirectMethodHandle$Holder.invokeInterface(java.lang.Object, java.lang.Object, java.lang.Object)'> (0x00000000ebc91358) 
thrown [s\src\hotspot\share\interpreter\linkResolver.cpp, line 759]
Event: 2.254 Thread 0x000002f186073710 Exception <a 'java/lang/NoSuchMethodError'{0x00000000ec0993e8}: 'java.lang.Object java.lang.invoke.DirectMethodHandle$Holder.invokeStatic(java.lang.Object, java.lang.Object, int)'> (0x00000000ec0993e8) 
thrown [s\src\hotspot\share\interpreter\linkResolver.cpp, line 759]
Event: 2.254 Thread 0x000002f186073710 Exception <a 'java/lang/NoSuchMethodError'{0x00000000ec09e4a0}: 'void java.lang.invoke.DirectMethodHandle$Holder.invokeStatic(java.lang.Object, java.lang.Object, int, java.lang.Object)'> (0x00000000ec09e4a0) 
thrown [s\src\hotspot\share\interpreter\linkResolver.cpp, line 759]
Event: 2.255 Thread 0x000002f186073710 Exception <a 'java/lang/NoSuchMethodError'{0x00000000ec0a5e78}: 'void java.lang.invoke.DelegatingMethodHandle$Holder.delegate(java.lang.Object, java.lang.Object, int, java.lang.Object)'> (0x00000000ec0a5e78) 
thrown [s\src\hotspot\share\interpreter\linkResolver.cpp, line 759]
Event: 2.256 Thread 0x000002f186073710 Exception <a 'java/lang/NoSuchMethodError'{0x00000000ec0aa508}: 'int java.lang.invoke.DirectMethodHandle$Holder.invokeSpecial(java.lang.Object, java.lang.Object, java.lang.Object)'> (0x00000000ec0aa508) 
thrown [s\src\hotspot\share\interpreter\linkResolver.cpp, line 759]
Event: 2.259 Thread 0x000002f186073710 Exception <a 'java/lang/NoSuchMethodError'{0x00000000ec0bbb18}: 'int java.lang.invoke.DirectMethodHandle$Holder.invokeStatic(java.lang.Object, java.lang.Object, int)'> (0x00000000ec0bbb18) 
thrown [s\src\hotspot\share\interpreter\linkResolver.cpp, line 759]
Event: 2.260 Thread 0x000002f186073710 Exception <a 'java/lang/NoSuchMethodError'{0x00000000ec0bfde8}: 'int java.lang.invoke.DirectMethodHandle$Holder.invokeSpecial(java.lang.Object, java.lang.Object, java.lang.Object, int)'> (0x00000000ec0bfde8) 
thrown [s\src\hotspot\share\interpreter\linkResolver.cpp, line 759]
Event: 2.264 Thread 0x000002f186073710 Exception <a 'java/lang/NoSuchMethodError'{0x00000000ec0dbb00}: 'java.lang.Object java.lang.invoke.DirectMethodHandle$Holder.invokeStatic(java.lang.Object, java.lang.Object, java.lang.Object, java.lang.Object, int)'> (0x00000000ec0dbb00) 
thrown [s\src\hotspot\share\interpreter\linkResolver.cpp, line 759]
Event: 2.266 Thread 0x000002f186073710 Exception <a 'java/lang/NoSuchMethodError'{0x00000000ec0e7ec8}: 'java.lang.Object java.lang.invoke.DelegatingMethodHandle$Holder.reinvoke_L(java.lang.Object, java.lang.Object, java.lang.Object, java.lang.Object, int, int)'> (0x00000000ec0e7ec8) 
thrown [s\src\hotspot\share\interpreter\linkResolver.cpp, line 759]
Event: 2.270 Thread 0x000002f186073710 Exception <a 'java/lang/NoSuchMethodError'{0x00000000ec0ffe48}: 'java.lang.Object java.lang.invoke.Invokers$Holder.invokeExact_MT(java.lang.Object, java.lang.Object, java.lang.Object, java.lang.Object)'> (0x00000000ec0ffe48) 
thrown [s\src\hotspot\share\interpreter\linkResolver.cpp, line 759]

VM Operations (20 events):
Event: 1.032 Executing VM operation: ParallelGCFailedAllocation
Event: 1.039 Executing VM operation: ParallelGCFailedAllocation done
Event: 1.332 Executing VM operation: HandshakeAllThreads
Event: 1.332 Executing VM operation: HandshakeAllThreads done
Event: 1.333 Executing VM operation: HandshakeAllThreads
Event: 1.333 Executing VM operation: HandshakeAllThreads done
Event: 1.338 Executing VM operation: HandshakeAllThreads
Event: 1.338 Executing VM operation: HandshakeAllThreads done
Event: 1.641 Executing VM operation: HandshakeAllThreads
Event: 1.765 Executing VM operation: HandshakeAllThreads done
Event: 1.812 Executing VM operation: ParallelGCFailedAllocation
Event: 1.817 Executing VM operation: ParallelGCFailedAllocation done
Event: 2.155 Executing VM operation: HandshakeAllThreads
Event: 2.155 Executing VM operation: HandshakeAllThreads done
Event: 2.166 Executing VM operation: HandshakeAllThreads
Event: 2.166 Executing VM operation: HandshakeAllThreads done
Event: 2.168 Executing VM operation: HandshakeAllThreads
Event: 2.168 Executing VM operation: HandshakeAllThreads done
Event: 2.253 Executing VM operation: HandshakeAllThreads
Event: 2.254 Executing VM operation: HandshakeAllThreads done

Events (20 events):
Event: 2.253 loading class java/lang/invoke/MethodHandleImpl$2
Event: 2.253 loading class java/lang/invoke/MethodHandleImpl$2 done
Event: 2.253 loading class java/lang/invoke/MethodHandleImpl$ArrayAccessor
Event: 2.253 loading class java/lang/invoke/MethodHandleImpl$ArrayAccessor done
Event: 2.253 loading class java/lang/invoke/MethodHandleImpl$ArrayAccessor$1
Event: 2.253 loading class java/lang/invoke/MethodHandleImpl$ArrayAccessor$1 done
Event: 2.253 loading class java/lang/ClassValue$ClassValueMap
Event: 2.253 loading class java/lang/ClassValue$ClassValueMap done
Event: 2.258 loading class sun/invoke/util/ValueConversions$WrapperCache
Event: 2.258 loading class sun/invoke/util/ValueConversions$WrapperCache done
Event: 2.258 loading class sun/invoke/util/ValueConversions$1
Event: 2.258 loading class sun/invoke/util/ValueConversions$1 done
Event: 2.261 loading class java/lang/invoke/BoundMethodHandle$Species_LI
Event: 2.261 loading class java/lang/invoke/BoundMethodHandle$Species_LI done
Event: 2.262 loading class java/lang/invoke/ClassSpecializer$Factory$1Var
Event: 2.262 loading class java/lang/invoke/ClassSpecializer$Factory$1Var done
Event: 2.308 loading class java/lang/IllegalCallerException
Event: 2.308 loading class java/lang/IllegalCallerException done
Event: 2.310 loading class java/lang/StackWalker$Option
Event: 2.310 loading class java/lang/StackWalker$Option done


Dynamic libraries:
0x00007ff71b390000 - 0x00007ff71b39e000 	c:\Users\admin\.vscode\extensions\redhat.java-1.13.0-win32-x64\jre\17.0.5-win32-x86_64\bin\java.exe
0x00007ffe56b20000 - 0x00007ffe56d10000 	C:\Windows\SYSTEM32\ntdll.dll
0x00007ffe56900000 - 0x00007ffe569b2000 	C:\Windows\System32\KERNEL32.DLL
0x00007ffe53c80000 - 0x00007ffe53f23000 	C:\Windows\System32\KERNELBASE.dll
0x00007ffe53ae0000 - 0x00007ffe53bda000 	C:\Windows\System32\ucrtbase.dll
0x00007ffe38a50000 - 0x00007ffe38a67000 	c:\Users\admin\.vscode\extensions\redhat.java-1.13.0-win32-x64\jre\17.0.5-win32-x86_64\bin\jli.dll
0x00007ffe2c240000 - 0x00007ffe2c259000 	c:\Users\admin\.vscode\extensions\redhat.java-1.13.0-win32-x64\jre\17.0.5-win32-x86_64\bin\VCRUNTIME140.dll
0x00007ffe54ea0000 - 0x00007ffe55034000 	C:\Windows\System32\USER32.dll
0x00007ffe53ab0000 - 0x00007ffe53ad1000 	C:\Windows\System32\win32u.dll
0x00007ffe52ef0000 - 0x00007ffe53175000 	C:\Windows\WinSxS\amd64_microsoft.windows.common-controls_6595b64144ccf1df_6.0.18362.719_none_e6c7b883130c6729\COMCTL32.dll
0x00007ffe55af0000 - 0x00007ffe55b16000 	C:\Windows\System32\GDI32.dll
0x00007ffe56860000 - 0x00007ffe568fe000 	C:\Windows\System32\msvcrt.dll
0x00007ffe549d0000 - 0x00007ffe54b64000 	C:\Windows\System32\gdi32full.dll
0x00007ffe55e60000 - 0x00007ffe56196000 	C:\Windows\System32\combase.dll
0x00007ffe53be0000 - 0x00007ffe53c7e000 	C:\Windows\System32\msvcp_win.dll
0x00007ffe569c0000 - 0x00007ffe56ae0000 	C:\Windows\System32\RPCRT4.dll
0x00007ffe54830000 - 0x00007ffe548b0000 	C:\Windows\System32\bcryptPrimitives.dll
0x00007ffe55cf0000 - 0x00007ffe55d1e000 	C:\Windows\System32\IMM32.DLL
0x00007ffe4c620000 - 0x00007ffe4c62c000 	c:\Users\admin\.vscode\extensions\redhat.java-1.13.0-win32-x64\jre\17.0.5-win32-x86_64\bin\vcruntime140_1.dll
0x00007ffe16d50000 - 0x00007ffe16de1000 	c:\Users\admin\.vscode\extensions\redhat.java-1.13.0-win32-x64\jre\17.0.5-win32-x86_64\bin\msvcp140.dll
0x00007ffde2720000 - 0x00007ffde3364000 	c:\Users\admin\.vscode\extensions\redhat.java-1.13.0-win32-x64\jre\17.0.5-win32-x86_64\bin\server\jvm.dll
0x00007ffe55040000 - 0x00007ffe550e3000 	C:\Windows\System32\ADVAPI32.dll
0x00007ffe567c0000 - 0x00007ffe56857000 	C:\Windows\System32\sechost.dll
0x00007ffe37d30000 - 0x00007ffe37d39000 	C:\Windows\SYSTEM32\WSOCK32.dll
0x00007ffe559a0000 - 0x00007ffe55a0f000 	C:\Windows\System32\WS2_32.dll
0x00007ffe514f0000 - 0x00007ffe51514000 	C:\Windows\SYSTEM32\WINMM.dll
0x00007ffe4d6a0000 - 0x00007ffe4d6aa000 	C:\Windows\SYSTEM32\VERSION.dll
0x00007ffe514c0000 - 0x00007ffe514ed000 	C:\Windows\SYSTEM32\WINMMBASE.dll
0x00007ffe548b0000 - 0x00007ffe548fa000 	C:\Windows\System32\cfgmgr32.dll
0x00007ffe53a70000 - 0x00007ffe53a81000 	C:\Windows\System32\kernel.appcore.dll
0x00007ffe4c850000 - 0x00007ffe4c85a000 	c:\Users\admin\.vscode\extensions\redhat.java-1.13.0-win32-x64\jre\17.0.5-win32-x86_64\bin\jimage.dll
0x00007ffe53500000 - 0x00007ffe536f4000 	C:\Windows\SYSTEM32\DBGHELP.DLL
0x00007ffe53270000 - 0x00007ffe5329a000 	C:\Windows\SYSTEM32\dbgcore.DLL
0x00007ffe4c840000 - 0x00007ffe4c84e000 	c:\Users\admin\.vscode\extensions\redhat.java-1.13.0-win32-x64\jre\17.0.5-win32-x86_64\bin\instrument.dll
0x00007ffe4c630000 - 0x00007ffe4c655000 	c:\Users\admin\.vscode\extensions\redhat.java-1.13.0-win32-x64\jre\17.0.5-win32-x86_64\bin\java.dll
0x00007ffe2bdc0000 - 0x00007ffe2bdd8000 	c:\Users\admin\.vscode\extensions\redhat.java-1.13.0-win32-x64\jre\17.0.5-win32-x86_64\bin\zip.dll
0x00007ffe552b0000 - 0x00007ffe55995000 	C:\Windows\System32\SHELL32.dll
0x00007ffe55b20000 - 0x00007ffe55bc9000 	C:\Windows\System32\shcore.dll
0x00007ffe53f30000 - 0x00007ffe546b0000 	C:\Windows\System32\windows.storage.dll
0x00007ffe53a40000 - 0x00007ffe53a63000 	C:\Windows\System32\profapi.dll
0x00007ffe539f0000 - 0x00007ffe53a3a000 	C:\Windows\System32\powrprof.dll
0x00007ffe539e0000 - 0x00007ffe539f0000 	C:\Windows\System32\UMPDC.dll
0x00007ffe55c90000 - 0x00007ffe55ce2000 	C:\Windows\System32\shlwapi.dll
0x00007ffe549b0000 - 0x00007ffe549c7000 	C:\Windows\System32\cryptsp.dll
0x00007ffe28380000 - 0x00007ffe28399000 	C:\Users\admin\.vscode\extensions\redhat.java-1.13.0-win32-x64\jre\17.0.5-win32-x86_64\bin\net.dll
0x00007ffe408d0000 - 0x00007ffe409c1000 	C:\Windows\SYSTEM32\WINHTTP.dll
0x00007ffe52b70000 - 0x00007ffe52bd7000 	C:\Windows\system32\mswsock.dll
0x00007ffe277e0000 - 0x00007ffe277f5000 	C:\Users\admin\.vscode\extensions\redhat.java-1.13.0-win32-x64\jre\17.0.5-win32-x86_64\bin\nio.dll
0x00007ffe3e330000 - 0x00007ffe3e340000 	c:\Users\admin\.vscode\extensions\redhat.java-1.13.0-win32-x64\jre\17.0.5-win32-x86_64\bin\verify.dll
0x00007ffe1c8b0000 - 0x00007ffe1c8ee000 	C:\Users\admin\AppData\Roaming\Code\User\globalStorage\redhat.java\1.13.0\config_win\org.eclipse.equinox.launcher\org.eclipse.equinox.launcher.win32.win32.x86_64_1.2.600.v20220720-1916\eclipse_11700.dll
0x00007ffe54d40000 - 0x00007ffe54e97000 	C:\Windows\System32\ole32.dll

dbghelp: loaded successfully - version: 4.0.5 - missing functions: none
symbol engine: initialized successfully - sym options: 0x614 - pdb path: .;c:\Users\admin\.vscode\extensions\redhat.java-1.13.0-win32-x64\jre\17.0.5-win32-x86_64\bin;C:\Windows\SYSTEM32;C:\Windows\WinSxS\amd64_microsoft.windows.common-controls_6595b64144ccf1df_6.0.18362.719_none_e6c7b883130c6729;c:\Users\admin\.vscode\extensions\redhat.java-1.13.0-win32-x64\jre\17.0.5-win32-x86_64\bin\server;C:\Users\admin\AppData\Roaming\Code\User\globalStorage\redhat.java\1.13.0\config_win\org.eclipse.equinox.launcher\org.eclipse.equinox.launcher.win32.win32.x86_64_1.2.600.v20220720-1916

VM Arguments:
jvm_args: --add-modules=ALL-SYSTEM --add-opens=java.base/java.util=ALL-UNNAMED --add-opens=java.base/java.lang=ALL-UNNAMED --add-opens=java.base/sun.nio.fs=ALL-UNNAMED -Declipse.application=org.eclipse.jdt.ls.core.id1 -Dosgi.bundles.defaultStartLevel=4 -Declipse.product=org.eclipse.jdt.ls.core.product -Djava.import.generatesMetadataFilesAtProjectRoot=false -Dfile.encoding=utf8 -XX:+UseParallelGC -XX:GCTimeRatio=4 -XX:AdaptiveSizePolicyWeight=90 -Dsun.zip.disableMemoryMapping=true -Xmx1G -Xms100m -Xlog:disable -javaagent:c:\Users\admin\.vscode\extensions\redhat.java-1.13.0-win32-x64\lombok\lombok-1.18.24.jar -XX:+HeapDumpOnOutOfMemoryError -XX:HeapDumpPath=c:\Users\admin\AppData\Roaming\Code\User\workspaceStorage\4ecb3b370f7771eeb89a8e815e0aced3\redhat.java 
java_command: c:\Users\admin\.vscode\extensions\redhat.java-1.13.0-win32-x64\server\plugins\org.eclipse.equinox.launcher_1.6.400.v20210924-0641.jar -configuration c:\Users\admin\AppData\Roaming\Code\User\globalStorage\redhat.java\1.13.0\config_win -data c:\Users\admin\AppData\Roaming\Code\User\workspaceStorage\4ecb3b370f7771eeb89a8e815e0aced3\redhat.java\jdt_ws
java_class_path (initial): c:\Users\admin\.vscode\extensions\redhat.java-1.13.0-win32-x64\server\plugins\org.eclipse.equinox.launcher_1.6.400.v20210924-0641.jar
Launcher Type: SUN_STANDARD

[Global flags]
    uintx AdaptiveSizePolicyWeight                 = 90                                        {product} {command line}
     intx CICompilerCount                          = 4                                         {product} {ergonomic}
    uintx GCTimeRatio                              = 4                                         {product} {command line}
     bool HeapDumpOnOutOfMemoryError               = true                                   {manageable} {command line}
    ccstr HeapDumpPath                             = c:\Users\admin\AppData\Roaming\Code\User\workspaceStorage\4ecb3b370f7771eeb89a8e815e0aced3\redhat.java         {manageable} {command line}
   size_t InitialHeapSize                          = 104857600                                 {product} {command line}
   size_t MaxHeapSize                              = 1073741824                                {product} {command line}
   size_t MaxNewSize                               = 357564416                                 {product} {ergonomic}
   size_t MinHeapDeltaBytes                        = 524288                                    {product} {ergonomic}
   size_t MinHeapSize                              = 104857600                                 {product} {command line}
   size_t NewSize                                  = 34603008                                  {product} {ergonomic}
    uintx NonNMethodCodeHeapSize                   = 5839372                                {pd product} {ergonomic}
    uintx NonProfiledCodeHeapSize                  = 122909434                              {pd product} {ergonomic}
   size_t OldSize                                  = 70254592                                  {product} {ergonomic}
    uintx ProfiledCodeHeapSize                     = 122909434                              {pd product} {ergonomic}
    uintx ReservedCodeCacheSize                    = 251658240                              {pd product} {ergonomic}
     bool SegmentedCodeCache                       = true                                      {product} {ergonomic}
   size_t SoftMaxHeapSize                          = 1073741824                             {manageable} {ergonomic}
     bool UseCompressedClassPointers               = true                           {product lp64_product} {ergonomic}
     bool UseCompressedOops                        = true                           {product lp64_product} {ergonomic}
     bool UseLargePagesIndividualAllocation        = false                                  {pd product} {ergonomic}
     bool UseParallelGC                            = true                                      {product} {command line}

Logging:
Log output configuration:
 #0: stdout all=off uptime,level,tags
 #1: stderr all=off uptime,level,tags

Environment Variables:
PATH=E:\vm\bin\;C:\Program Files\Common Files\Oracle\Java\javapath;C:\Python310\Scripts\;C:\Python310\;C:\Windows\system32;C:\Windows;C:\Windows\System32\Wbem;C:\Windows\System32\WindowsPowerShell\v1.0\;C:\Windows\System32\OpenSSH\;C:\Program Files\Git\cmd;C:\Program Files\nodejs\;C:\ProgramData\chocolatey\bin;C:\xampp\php;C:\composer;C:\Program Files\MongoDB\Server\6.0\bin;C:\Program Files\Docker\Docker\resources\bin;C:\ProgramData\DockerDesktop\version-bin;C:\Program Files (x86)\Microsoft SQL Server\150\DTS\Binn\;C:\Program Files\Azure Data Studio\bin;C:\Program Files\dotnet\;F:\;C:\Program Files\PuTTY\;C:\Program Files (x86)\NetSarang\Xshell 7\;C:\Program Files\Go\bin;C:\Users\admin\AppData\Local\Android\Sdk\platform-tools;C:\Program Files\Java\jdk-18.0.1.1\bin\;F:\chromedriver.exe;C:\Ruby31-x64\bin;C:\Users\admin\.poetry\bin;C:\Users\admin\AppData\Local\Microsoft\WindowsApps;C:\Users\admin\AppData\Roaming\npm;C:\Users\admin\AppData\Roaming\Composer\vendor\bin;C:\Users\admin\AppData\Local\Programs\Microsoft VS Code\bin;C:\Program Files\Azure Data Studio\bin;C:\Users\admin\.dotnet\tools;C:\Users\admin\go\bin;C:\Program Files\heroku\bin;F:\chromedriver.exe;F:\;
USERNAME=admin
OS=Windows_NT
PROCESSOR_IDENTIFIER=Intel64 Family 6 Model 165 Stepping 3, GenuineIntel
TMP=C:\Users\admin\AppData\Local\Temp
TEMP=C:\Users\admin\AppData\Local\Temp



---------------  S Y S T E M  ---------------

OS:
 Windows 10 , 64 bit Build 18362 (10.0.18362.329)
OS uptime: 1 days 9:40 hours

CPU: total 8 (initial active 8) (4 cores per cpu, 2 threads per core) family 6 model 165 stepping 3 microcode 0xe0, cx8, cmov, fxsr, ht, mmx, 3dnowpref, sse, sse2, sse3, ssse3, sse4.1, sse4.2, popcnt, lzcnt, tsc, tscinvbit, avx, avx2, aes, erms, clmul, bmi1, bmi2, adx, fma, vzeroupper, clflush, clflushopt

Memory: 4k page, system-wide physical 24420M (4212M free)
TotalPageFile size 54916M (AvailPageFile size 18M)
current process WorkingSet (physical memory assigned to process): 104M, peak: 104M
current process commit charge ("private bytes"): 219M, peak: 219M

vm_info: OpenJDK 64-Bit Server VM (17.0.5+8) for windows-amd64 JRE (17.0.5+8), built on Oct 19 2022 04:48:13 by "temurin" with MS VC++ 16.7 (VS2019)

END.
