#
# There is insufficient memory for the Java Runtime Environment to continue.
# Native memory allocation (malloc) failed to allocate 1003568 bytes for Chunk::new
# Possible reasons:
#   The system is out of physical RAM or swap space
#   The process is running with CompressedOops enabled, and the Java Heap may be blocking the growth of the native heap
# Possible solutions:
#   Reduce memory load on the system
#   Increase physical memory or swap space
#   Check if swap backing store is full
#   Decrease Java heap size (-Xmx/-Xms)
#   Decrease number of Java threads
#   Decrease Java thread stack sizes (-Xss)
#   Set larger code cache with -XX:ReservedCodeCacheSize=
#   JVM is running with Unscaled Compressed Oops mode in which the Java heap is
#     placed in the first 4GB address space. The Java Heap base address is the
#     maximum limit for the native heap growth. Please use -XX:HeapBaseMinAddress
#     to set the Java Heap base and to place the Java Heap above 4GB virtual address.
# This output file may be truncated or incomplete.
#
#  Out of Memory Error (arena.cpp:189), pid=9036, tid=17952
#
# JRE version: OpenJDK Runtime Environment Temurin-17.0.5+8 (17.0.5+8) (build 17.0.5+8)
# Java VM: OpenJDK 64-Bit Server VM Temurin-17.0.5+8 (17.0.5+8, mixed mode, tiered, compressed oops, compressed class ptrs, parallel gc, windows-amd64)
# No core dump will be written. Minidumps are not enabled by default on client versions of Windows
#

---------------  S U M M A R Y ------------

Command Line: --add-modules=ALL-SYSTEM --add-opens=java.base/java.util=ALL-UNNAMED --add-opens=java.base/java.lang=ALL-UNNAMED --add-opens=java.base/sun.nio.fs=ALL-UNNAMED -Declipse.application=org.eclipse.jdt.ls.core.id1 -Dosgi.bundles.defaultStartLevel=4 -Declipse.product=org.eclipse.jdt.ls.core.product -Djava.import.generatesMetadataFilesAtProjectRoot=false -Dfile.encoding=utf8 -XX:+UseParallelGC -XX:GCTimeRatio=4 -XX:AdaptiveSizePolicyWeight=90 -Dsun.zip.disableMemoryMapping=true -Xmx1G -Xms100m -Xlog:disable -javaagent:c:\Users\admin\.vscode\extensions\redhat.java-1.13.0-win32-x64\lombok\lombok-1.18.24.jar c:\Users\admin\.vscode\extensions\redhat.java-1.13.0-win32-x64\server\plugins\org.eclipse.equinox.launcher_1.6.400.v20210924-0641.jar -configuration c:\Users\admin\AppData\Roaming\Code\User\globalStorage\redhat.java\1.13.0\config_ss_win -data c:\Users\admin\AppData\Roaming\Code\User\workspaceStorage\4ecb3b370f7771eeb89a8e815e0aced3\redhat.java\ss_ws

Host: Intel(R) Core(TM) i3-10100 CPU @ 3.60GHz, 8 cores, 23G,  Windows 10 , 64 bit Build 18362 (10.0.18362.329)
Time: Tue Jan 10 06:03:07 2023 Central Standard Time elapsed time: 5.845022 seconds (0d 0h 0m 5s)

---------------  T H R E A D  ---------------

Current thread (0x0000024379470110):  JavaThread "C2 CompilerThread0" daemon [_thread_in_native, id=17952, stack(0x0000005a51300000,0x0000005a51400000)]


Current CompileTask:
C2:   5845 2624       4       jdk.internal.org.objectweb.asm.Frame::execute (2318 bytes)

Stack: [0x0000005a51300000,0x0000005a51400000]
Native frames: (J=compiled Java code, j=interpreted, Vv=VM code, C=native code)
V  [jvm.dll+0x676b3a]
V  [jvm.dll+0x831444]
V  [jvm.dll+0x832bee]
V  [jvm.dll+0x833253]
V  [jvm.dll+0x244ce5]
V  [jvm.dll+0xabbac]
V  [jvm.dll+0xac17c]
V  [jvm.dll+0x362d57]
V  [jvm.dll+0x1bb498]
V  [jvm.dll+0x217ca9]
V  [jvm.dll+0x216f71]
V  [jvm.dll+0x1a343d]
V  [jvm.dll+0x22698a]
V  [jvm.dll+0x224ac5]
V  [jvm.dll+0x7e727b]
V  [jvm.dll+0x7e17ea]
V  [jvm.dll+0x6759e5]
C  [ucrtbase.dll+0x20e72]
C  [KERNEL32.DLL+0x17bd4]
C  [ntdll.dll+0x6ced1]


---------------  P R O C E S S  ---------------

Threads class SMR info:
_java_thread_list=0x000002437dd0e4b0, length=22, elements={
0x0000024363abf730, 0x0000024363b7a070, 0x0000024363b7b590, 0x000002437946a040,
0x000002437946ccd0, 0x000002437946d850, 0x000002437946f520, 0x0000024379470110,
0x00000243794c90f0, 0x00000243794e4390, 0x0000024379552690, 0x0000024379759d50,
0x000002437abb0260, 0x000002437b68e5f0, 0x000002437b68eac0, 0x000002437b7ea7e0,
0x000002437b6d0890, 0x000002437b8a1420, 0x000002437b9ea590, 0x000002437a74ca90,
0x000002437a74e770, 0x000002437a74d900
}

Java Threads: ( => current thread )
  0x0000024363abf730 JavaThread "main" [_thread_in_Java, id=19264, stack(0x0000005a50a00000,0x0000005a50b00000)]
  0x0000024363b7a070 JavaThread "Reference Handler" daemon [_thread_blocked, id=5460, stack(0x0000005a50d00000,0x0000005a50e00000)]
  0x0000024363b7b590 JavaThread "Finalizer" daemon [_thread_blocked, id=17452, stack(0x0000005a50e00000,0x0000005a50f00000)]
  0x000002437946a040 JavaThread "Signal Dispatcher" daemon [_thread_blocked, id=3028, stack(0x0000005a50f00000,0x0000005a51000000)]
  0x000002437946ccd0 JavaThread "Attach Listener" daemon [_thread_blocked, id=1984, stack(0x0000005a51000000,0x0000005a51100000)]
  0x000002437946d850 JavaThread "Service Thread" daemon [_thread_blocked, id=14272, stack(0x0000005a51100000,0x0000005a51200000)]
  0x000002437946f520 JavaThread "Monitor Deflation Thread" daemon [_thread_blocked, id=10360, stack(0x0000005a51200000,0x0000005a51300000)]
=>0x0000024379470110 JavaThread "C2 CompilerThread0" daemon [_thread_in_native, id=17952, stack(0x0000005a51300000,0x0000005a51400000)]
  0x00000243794c90f0 JavaThread "C1 CompilerThread0" daemon [_thread_blocked, id=9416, stack(0x0000005a51400000,0x0000005a51500000)]
  0x00000243794e4390 JavaThread "Sweeper thread" daemon [_thread_blocked, id=1388, stack(0x0000005a51500000,0x0000005a51600000)]
  0x0000024379552690 JavaThread "Common-Cleaner" daemon [_thread_blocked, id=14816, stack(0x0000005a51600000,0x0000005a51700000)]
  0x0000024379759d50 JavaThread "Notification Thread" daemon [_thread_blocked, id=17544, stack(0x0000005a51700000,0x0000005a51800000)]
  0x000002437abb0260 JavaThread "Active Thread: Equinox Container: af80be1f-e8ee-454b-b8f5-be6300ae4bc2" [_thread_blocked, id=5020, stack(0x0000005a52000000,0x0000005a52100000)]
  0x000002437b68e5f0 JavaThread "Framework Event Dispatcher: Equinox Container: af80be1f-e8ee-454b-b8f5-be6300ae4bc2" daemon [_thread_blocked, id=11716, stack(0x0000005a52100000,0x0000005a52200000)]
  0x000002437b68eac0 JavaThread "Start Level: Equinox Container: af80be1f-e8ee-454b-b8f5-be6300ae4bc2" daemon [_thread_blocked, id=6232, stack(0x0000005a52200000,0x0000005a52300000)]
  0x000002437b7ea7e0 JavaThread "SCR Component Actor" daemon [_thread_blocked, id=17748, stack(0x0000005a52300000,0x0000005a52400000)]
  0x000002437b6d0890 JavaThread "SCR Component Registry" daemon [_thread_blocked, id=17932, stack(0x0000005a51f00000,0x0000005a52000000)]
  0x000002437b8a1420 JavaThread "Worker-JM" [_thread_blocked, id=8412, stack(0x0000005a52500000,0x0000005a52600000)]
  0x000002437b9ea590 JavaThread "Worker-0" [_thread_blocked, id=4728, stack(0x0000005a52700000,0x0000005a52800000)]
  0x000002437a74ca90 JavaThread "Worker-1" [_thread_blocked, id=11572, stack(0x0000005a52800000,0x0000005a52900000)]
  0x000002437a74e770 JavaThread "JNA Cleaner" daemon [_thread_blocked, id=9328, stack(0x0000005a52900000,0x0000005a52a00000)]
  0x000002437a74d900 JavaThread "pool-2-thread-1" [_thread_blocked, id=3824, stack(0x0000005a52a00000,0x0000005a52b00000)]

Other Threads:
  0x0000024379431c30 VMThread "VM Thread" [stack: 0x0000005a50c00000,0x0000005a50d00000] [id=10216]
  0x00000243797743a0 WatcherThread [stack: 0x0000005a51800000,0x0000005a51900000] [id=17592]
  0x0000024363ad6a20 GCTaskThread "GC Thread#0" [stack: 0x0000005a50b00000,0x0000005a50c00000] [id=20820]
  0x000002437a479660 GCTaskThread "GC Thread#1" [stack: 0x0000005a51900000,0x0000005a51a00000] [id=7468]
  0x000002437ab7ccf0 GCTaskThread "GC Thread#2" [stack: 0x0000005a51a00000,0x0000005a51b00000] [id=5572]
  0x000002437ab7dc30 GCTaskThread "GC Thread#3" [stack: 0x0000005a51b00000,0x0000005a51c00000] [id=14052]
  0x000002437aa58830 GCTaskThread "GC Thread#4" [stack: 0x0000005a51c00000,0x0000005a51d00000] [id=14420]
  0x000002437aa592f0 GCTaskThread "GC Thread#5" [stack: 0x0000005a51d00000,0x0000005a51e00000] [id=20892]
  0x000002437aa595a0 GCTaskThread "GC Thread#6" [stack: 0x0000005a51e00000,0x0000005a51f00000] [id=17156]
  0x000002437b732bd0 GCTaskThread "GC Thread#7" [stack: 0x0000005a52400000,0x0000005a52500000] [id=9360]

Threads with active compile tasks:
C2 CompilerThread0     5865 2624       4       jdk.internal.org.objectweb.asm.Frame::execute (2318 bytes)

VM state: not at safepoint (normal execution)

VM Mutex/Monitor currently owned by a thread: None

Heap address: 0x00000000c0000000, size: 1024 MB, Compressed Oops mode: 32-bit

CDS archive(s) not mapped
Compressed class space mapped at: 0x0000000100000000-0x0000000140000000, reserved size: 1073741824
Narrow klass base: 0x0000000000000000, Narrow klass shift: 3, Narrow klass range: 0x140000000

GC Precious Log:
 CPUs: 8 total, 8 available
 Memory: 24420M
 Large Page Support: Disabled
 NUMA Support: Disabled
 Compressed Oops: Enabled (32-bit)
 Alignments: Space 512K, Generation 512K, Heap 2M
 Heap Min Capacity: 100M
 Heap Initial Capacity: 100M
 Heap Max Capacity: 1G
 Pre-touch: Disabled
 Parallel Workers: 8

Heap:
 PSYoungGen      total 26112K, used 17306K [0x00000000eab00000, 0x00000000ec800000, 0x0000000100000000)
  eden space 24576K, 65% used [0x00000000eab00000,0x00000000ebad5a50,0x00000000ec300000)
  from space 1536K, 71% used [0x00000000ec680000,0x00000000ec790df0,0x00000000ec800000)
  to   space 1536K, 0% used [0x00000000ec500000,0x00000000ec500000,0x00000000ec680000)
 ParOldGen       total 68608K, used 7204K [0x00000000c0000000, 0x00000000c4300000, 0x00000000eab00000)
  object space 68608K, 10% used [0x00000000c0000000,0x00000000c0709128,0x00000000c4300000)
 Metaspace       used 30529K, committed 31040K, reserved 1081344K
  class space    used 3008K, committed 3200K, reserved 1048576K

Card table byte_map: [0x0000024363470000,0x0000024363680000] _byte_map_base: 0x0000024362e70000

Marking Bits: (ParMarkBitMap*) 0x00007ffde32a0dd0
 Begin Bits: [0x0000024375740000, 0x0000024376740000)
 End Bits:   [0x0000024376740000, 0x0000024377740000)

Polling page: 0x0000024361c40000

Metaspace:

Usage:
  Non-class:     26.88 MB used.
      Class:      2.94 MB used.
       Both:     29.81 MB used.

Virtual space:
  Non-class space:       32.00 MB reserved,      27.19 MB ( 85%) committed,  4 nodes.
      Class space:        1.00 GB reserved,       3.13 MB ( <1%) committed,  1 nodes.
             Both:        1.03 GB reserved,      30.31 MB (  3%) committed. 

Chunk freelists:
   Non-Class:  0 bytes
       Class:  840.00 KB
        Both:  840.00 KB

MaxMetaspaceSize: unlimited
CompressedClassSpaceSize: 1.00 GB
Initial GC threshold: 21.00 MB
Current GC threshold: 35.00 MB
CDS: off
MetaspaceReclaimPolicy: balanced
 - commit_granule_bytes: 65536.
 - commit_granule_words: 8192.
 - virtual_space_node_default_size: 1048576.
 - enlarge_chunks_in_place: 1.
 - new_chunks_are_fully_committed: 0.
 - uncommit_free_chunks: 1.
 - use_allocation_guard: 0.
 - handle_deallocations: 1.


Internal statistics:

num_allocs_failed_limit: 3.
num_arena_births: 228.
num_arena_deaths: 14.
num_vsnodes_births: 5.
num_vsnodes_deaths: 0.
num_space_committed: 484.
num_space_uncommitted: 0.
num_chunks_returned_to_freelist: 17.
num_chunks_taken_from_freelist: 1046.
num_chunk_merges: 4.
num_chunk_splits: 719.
num_chunks_enlarged: 535.
num_purges: 2.
num_inconsistent_stats: 0.

CodeHeap 'non-profiled nmethods': size=120000Kb used=1130Kb max_used=1130Kb free=118869Kb
 bounds [0x000002436e210000, 0x000002436e480000, 0x0000024375740000]
CodeHeap 'profiled nmethods': size=120000Kb used=5386Kb max_used=5386Kb free=114613Kb
 bounds [0x0000024366ce0000, 0x0000024367230000, 0x000002436e210000]
CodeHeap 'non-nmethods': size=5760Kb used=1245Kb max_used=1279Kb free=4514Kb
 bounds [0x0000024366740000, 0x00000243669b0000, 0x0000024366ce0000]
 total_blobs=3228 nmethods=2664 adapters=478
 compilation: enabled
              stopped_count=0, restarted_count=0
 full_count=0

Compilation events (20 events):
Event: 5.647 Thread 0x00000243794c90f0 nmethod 2654 0x000002436721ac90 code [0x000002436721aec0, 0x000002436721b468]
Event: 5.647 Thread 0x00000243794c90f0 2655       3       java.lang.Class::getMethod (59 bytes)
Event: 5.648 Thread 0x00000243794c90f0 nmethod 2655 0x000002436721b790 code [0x000002436721ba40, 0x000002436721c5e8]
Event: 5.648 Thread 0x00000243794c90f0 2656       3       java.lang.PublicMethods$MethodList::getMostSpecific (63 bytes)
Event: 5.649 Thread 0x00000243794c90f0 nmethod 2656 0x000002436721cb10 code [0x000002436721ccc0, 0x000002436721cfc8]
Event: 5.650 Thread 0x00000243794c90f0 2657       3       java.lang.Class::getInterfaces (49 bytes)
Event: 5.650 Thread 0x00000243794c90f0 nmethod 2657 0x000002436721d190 code [0x000002436721d380, 0x000002436721d818]
Event: 5.654 Thread 0x000002437bf1ce00 nmethod 2650 0x000002436e328d90 code [0x000002436e328f20, 0x000002436e329238]
Event: 5.654 Thread 0x000002437bf1ce00 2629       4       jdk.internal.org.objectweb.asm.Frame::push (109 bytes)
Event: 5.655 Thread 0x00000243794c90f0 2658       3       java.util.EnumSet::typeCheck (59 bytes)
Event: 5.656 Thread 0x00000243794c90f0 nmethod 2658 0x000002436721d990 code [0x000002436721dc40, 0x000002436721e6f8]
Event: 5.659 Thread 0x00000243794c90f0 2659       3       org.eclipse.osgi.container.Module::getStartLevel (9 bytes)
Event: 5.659 Thread 0x00000243794c90f0 nmethod 2659 0x000002436721eb10 code [0x000002436721eca0, 0x000002436721ede8]
Event: 5.668 Thread 0x000002437bf1ce00 nmethod 2629 0x000002436e329510 code [0x000002436e3296a0, 0x000002436e329898]
Event: 5.668 Thread 0x000002437bf1ce00 2646       4       jdk.internal.org.objectweb.asm.ByteVector::put12 (64 bytes)
Event: 5.673 Thread 0x000002437bf1ce00 nmethod 2646 0x000002436e329a10 code [0x000002436e329ba0, 0x000002436e329d68]
Event: 5.746 Thread 0x00000243794c90f0 2663       3       java.lang.invoke.LambdaForm::normalize (322 bytes)
Event: 5.748 Thread 0x00000243794c90f0 nmethod 2663 0x000002436721ee90 code [0x000002436721f140, 0x0000024367220338]
Event: 5.748 Thread 0x00000243794c90f0 2664       3       java.util.concurrent.locks.ReentrantLock$Sync::<init> (5 bytes)
Event: 5.748 Thread 0x00000243794c90f0 nmethod 2664 0x0000024367220990 code [0x0000024367220b40, 0x0000024367220d78]

GC Heap History (14 events):
Event: 1.644 GC heap before
{Heap before GC invocations=1 (full 0):
 PSYoungGen      total 29696K, used 25600K [0x00000000eab00000, 0x00000000ecc00000, 0x0000000100000000)
  eden space 25600K, 100% used [0x00000000eab00000,0x00000000ec400000,0x00000000ec400000)
  from space 4096K, 0% used [0x00000000ec800000,0x00000000ec800000,0x00000000ecc00000)
  to   space 4096K, 0% used [0x00000000ec400000,0x00000000ec400000,0x00000000ec800000)
 ParOldGen       total 68608K, used 0K [0x00000000c0000000, 0x00000000c4300000, 0x00000000eab00000)
  object space 68608K, 0% used [0x00000000c0000000,0x00000000c0000000,0x00000000c4300000)
 Metaspace       used 10957K, committed 11072K, reserved 1064960K
  class space    used 1088K, committed 1152K, reserved 1048576K
}
Event: 1.659 GC heap after
{Heap after GC invocations=1 (full 0):
 PSYoungGen      total 29696K, used 3704K [0x00000000eab00000, 0x00000000ecc00000, 0x0000000100000000)
  eden space 25600K, 0% used [0x00000000eab00000,0x00000000eab00000,0x00000000ec400000)
  from space 4096K, 90% used [0x00000000ec400000,0x00000000ec79e218,0x00000000ec800000)
  to   space 4096K, 0% used [0x00000000ec800000,0x00000000ec800000,0x00000000ecc00000)
 ParOldGen       total 68608K, used 0K [0x00000000c0000000, 0x00000000c4300000, 0x00000000eab00000)
  object space 68608K, 0% used [0x00000000c0000000,0x00000000c0000000,0x00000000c4300000)
 Metaspace       used 10957K, committed 11072K, reserved 1064960K
  class space    used 1088K, committed 1152K, reserved 1048576K
}
Event: 2.830 GC heap before
{Heap before GC invocations=2 (full 0):
 PSYoungGen      total 29696K, used 29304K [0x00000000eab00000, 0x00000000ecc00000, 0x0000000100000000)
  eden space 25600K, 100% used [0x00000000eab00000,0x00000000ec400000,0x00000000ec400000)
  from space 4096K, 90% used [0x00000000ec400000,0x00000000ec79e218,0x00000000ec800000)
  to   space 4096K, 0% used [0x00000000ec800000,0x00000000ec800000,0x00000000ecc00000)
 ParOldGen       total 68608K, used 0K [0x00000000c0000000, 0x00000000c4300000, 0x00000000eab00000)
  object space 68608K, 0% used [0x00000000c0000000,0x00000000c0000000,0x00000000c4300000)
 Metaspace       used 15249K, committed 15552K, reserved 1064960K
  class space    used 1550K, committed 1728K, reserved 1048576K
}
Event: 2.835 GC heap after
{Heap after GC invocations=2 (full 0):
 PSYoungGen      total 29696K, used 4077K [0x00000000eab00000, 0x00000000ecc00000, 0x0000000100000000)
  eden space 25600K, 0% used [0x00000000eab00000,0x00000000eab00000,0x00000000ec400000)
  from space 4096K, 99% used [0x00000000ec800000,0x00000000ecbfb708,0x00000000ecc00000)
  to   space 4096K, 0% used [0x00000000ec400000,0x00000000ec400000,0x00000000ec800000)
 ParOldGen       total 68608K, used 1293K [0x00000000c0000000, 0x00000000c4300000, 0x00000000eab00000)
  object space 68608K, 1% used [0x00000000c0000000,0x00000000c01436e8,0x00000000c4300000)
 Metaspace       used 15249K, committed 15552K, reserved 1064960K
  class space    used 1550K, committed 1728K, reserved 1048576K
}
Event: 3.695 GC heap before
{Heap before GC invocations=3 (full 0):
 PSYoungGen      total 29696K, used 29677K [0x00000000eab00000, 0x00000000ecc00000, 0x0000000100000000)
  eden space 25600K, 100% used [0x00000000eab00000,0x00000000ec400000,0x00000000ec400000)
  from space 4096K, 99% used [0x00000000ec800000,0x00000000ecbfb708,0x00000000ecc00000)
  to   space 4096K, 0% used [0x00000000ec400000,0x00000000ec400000,0x00000000ec800000)
 ParOldGen       total 68608K, used 1293K [0x00000000c0000000, 0x00000000c4300000, 0x00000000eab00000)
  object space 68608K, 1% used [0x00000000c0000000,0x00000000c01436e8,0x00000000c4300000)
 Metaspace       used 20245K, committed 20608K, reserved 1073152K
  class space    used 2060K, committed 2176K, reserved 1048576K
}
Event: 3.699 GC heap after
{Heap after GC invocations=3 (full 0):
 PSYoungGen      total 29696K, used 4083K [0x00000000eab00000, 0x00000000ecc00000, 0x0000000100000000)
  eden space 25600K, 0% used [0x00000000eab00000,0x00000000eab00000,0x00000000ec400000)
  from space 4096K, 99% used [0x00000000ec400000,0x00000000ec7fcc78,0x00000000ec800000)
  to   space 4096K, 0% used [0x00000000ec800000,0x00000000ec800000,0x00000000ecc00000)
 ParOldGen       total 68608K, used 2834K [0x00000000c0000000, 0x00000000c4300000, 0x00000000eab00000)
  object space 68608K, 4% used [0x00000000c0000000,0x00000000c02c4b28,0x00000000c4300000)
 Metaspace       used 20245K, committed 20608K, reserved 1073152K
  class space    used 2060K, committed 2176K, reserved 1048576K
}
Event: 3.813 GC heap before
{Heap before GC invocations=4 (full 0):
 PSYoungGen      total 29696K, used 9065K [0x00000000eab00000, 0x00000000ecc00000, 0x0000000100000000)
  eden space 25600K, 19% used [0x00000000eab00000,0x00000000eafdd9d0,0x00000000ec400000)
  from space 4096K, 99% used [0x00000000ec400000,0x00000000ec7fcc78,0x00000000ec800000)
  to   space 4096K, 0% used [0x00000000ec800000,0x00000000ec800000,0x00000000ecc00000)
 ParOldGen       total 68608K, used 2834K [0x00000000c0000000, 0x00000000c4300000, 0x00000000eab00000)
  object space 68608K, 4% used [0x00000000c0000000,0x00000000c02c4b28,0x00000000c4300000)
 Metaspace       used 21073K, committed 21504K, reserved 1073152K
  class space    used 2140K, committed 2368K, reserved 1048576K
}
Event: 3.816 GC heap after
{Heap after GC invocations=4 (full 0):
 PSYoungGen      total 29696K, used 4073K [0x00000000eab00000, 0x00000000ecc00000, 0x0000000100000000)
  eden space 25600K, 0% used [0x00000000eab00000,0x00000000eab00000,0x00000000ec400000)
  from space 4096K, 99% used [0x00000000ec800000,0x00000000ecbfa7b8,0x00000000ecc00000)
  to   space 4096K, 0% used [0x00000000ec400000,0x00000000ec400000,0x00000000ec800000)
 ParOldGen       total 68608K, used 3250K [0x00000000c0000000, 0x00000000c4300000, 0x00000000eab00000)
  object space 68608K, 4% used [0x00000000c0000000,0x00000000c032cb38,0x00000000c4300000)
 Metaspace       used 21073K, committed 21504K, reserved 1073152K
  class space    used 2140K, committed 2368K, reserved 1048576K
}
Event: 3.816 GC heap before
{Heap before GC invocations=5 (full 1):
 PSYoungGen      total 29696K, used 4073K [0x00000000eab00000, 0x00000000ecc00000, 0x0000000100000000)
  eden space 25600K, 0% used [0x00000000eab00000,0x00000000eab00000,0x00000000ec400000)
  from space 4096K, 99% used [0x00000000ec800000,0x00000000ecbfa7b8,0x00000000ecc00000)
  to   space 4096K, 0% used [0x00000000ec400000,0x00000000ec400000,0x00000000ec800000)
 ParOldGen       total 68608K, used 3250K [0x00000000c0000000, 0x00000000c4300000, 0x00000000eab00000)
  object space 68608K, 4% used [0x00000000c0000000,0x00000000c032cb38,0x00000000c4300000)
 Metaspace       used 21073K, committed 21504K, reserved 1073152K
  class space    used 2140K, committed 2368K, reserved 1048576K
}
Event: 3.836 GC heap after
{Heap after GC invocations=5 (full 1):
 PSYoungGen      total 29696K, used 0K [0x00000000eab00000, 0x00000000ecc00000, 0x0000000100000000)
  eden space 25600K, 0% used [0x00000000eab00000,0x00000000eab00000,0x00000000ec400000)
  from space 4096K, 0% used [0x00000000ec800000,0x00000000ec800000,0x00000000ecc00000)
  to   space 4096K, 0% used [0x00000000ec400000,0x00000000ec400000,0x00000000ec800000)
 ParOldGen       total 68608K, used 7188K [0x00000000c0000000, 0x00000000c4300000, 0x00000000eab00000)
  object space 68608K, 10% used [0x00000000c0000000,0x00000000c0705128,0x00000000c4300000)
 Metaspace       used 21060K, committed 21504K, reserved 1073152K
  class space    used 2137K, committed 2368K, reserved 1048576K
}
Event: 4.181 GC heap before
{Heap before GC invocations=6 (full 1):
 PSYoungGen      total 29696K, used 25571K [0x00000000eab00000, 0x00000000ecc00000, 0x0000000100000000)
  eden space 25600K, 99% used [0x00000000eab00000,0x00000000ec3f8e68,0x00000000ec400000)
  from space 4096K, 0% used [0x00000000ec800000,0x00000000ec800000,0x00000000ecc00000)
  to   space 4096K, 0% used [0x00000000ec400000,0x00000000ec400000,0x00000000ec800000)
 ParOldGen       total 68608K, used 7188K [0x00000000c0000000, 0x00000000c4300000, 0x00000000eab00000)
  object space 68608K, 10% used [0x00000000c0000000,0x00000000c0705128,0x00000000c4300000)
 Metaspace       used 24598K, committed 25088K, reserved 1073152K
  class space    used 2397K, committed 2624K, reserved 1048576K
}
Event: 4.182 GC heap after
{Heap after GC invocations=6 (full 1):
 PSYoungGen      total 25600K, used 371K [0x00000000eab00000, 0x00000000ec880000, 0x0000000100000000)
  eden space 25088K, 0% used [0x00000000eab00000,0x00000000eab00000,0x00000000ec380000)
  from space 512K, 72% used [0x00000000ec400000,0x00000000ec45cdb8,0x00000000ec480000)
  to   space 2048K, 0% used [0x00000000ec680000,0x00000000ec680000,0x00000000ec880000)
 ParOldGen       total 68608K, used 7196K [0x00000000c0000000, 0x00000000c4300000, 0x00000000eab00000)
  object space 68608K, 10% used [0x00000000c0000000,0x00000000c0707128,0x00000000c4300000)
 Metaspace       used 24598K, committed 25088K, reserved 1073152K
  class space    used 2397K, committed 2624K, reserved 1048576K
}
Event: 5.110 GC heap before
{Heap before GC invocations=7 (full 1):
 PSYoungGen      total 25600K, used 25459K [0x00000000eab00000, 0x00000000ec880000, 0x0000000100000000)
  eden space 25088K, 100% used [0x00000000eab00000,0x00000000ec380000,0x00000000ec380000)
  from space 512K, 72% used [0x00000000ec400000,0x00000000ec45cdb8,0x00000000ec480000)
  to   space 2048K, 0% used [0x00000000ec680000,0x00000000ec680000,0x00000000ec880000)
 ParOldGen       total 68608K, used 7196K [0x00000000c0000000, 0x00000000c4300000, 0x00000000eab00000)
  object space 68608K, 10% used [0x00000000c0000000,0x00000000c0707128,0x00000000c4300000)
 Metaspace       used 27641K, committed 28096K, reserved 1081344K
  class space    used 2662K, committed 2880K, reserved 1048576K
}
Event: 5.112 GC heap after
{Heap after GC invocations=7 (full 1):
 PSYoungGen      total 26112K, used 1091K [0x00000000eab00000, 0x00000000ec800000, 0x0000000100000000)
  eden space 24576K, 0% used [0x00000000eab00000,0x00000000eab00000,0x00000000ec300000)
  from space 1536K, 71% used [0x00000000ec680000,0x00000000ec790df0,0x00000000ec800000)
  to   space 1536K, 0% used [0x00000000ec500000,0x00000000ec500000,0x00000000ec680000)
 ParOldGen       total 68608K, used 7204K [0x00000000c0000000, 0x00000000c4300000, 0x00000000eab00000)
  object space 68608K, 10% used [0x00000000c0000000,0x00000000c0709128,0x00000000c4300000)
 Metaspace       used 27641K, committed 28096K, reserved 1081344K
  class space    used 2662K, committed 2880K, reserved 1048576K
}

Dll operation events (10 events):
Event: 0.007 Loaded shared library c:\Users\admin\.vscode\extensions\redhat.java-1.13.0-win32-x64\jre\17.0.5-win32-x86_64\bin\java.dll
Event: 0.296 Loaded shared library c:\Users\admin\.vscode\extensions\redhat.java-1.13.0-win32-x64\jre\17.0.5-win32-x86_64\bin\zip.dll
Event: 0.306 Loaded shared library C:\Users\admin\.vscode\extensions\redhat.java-1.13.0-win32-x64\jre\17.0.5-win32-x86_64\bin\instrument.dll
Event: 0.334 Loaded shared library C:\Users\admin\.vscode\extensions\redhat.java-1.13.0-win32-x64\jre\17.0.5-win32-x86_64\bin\net.dll
Event: 0.381 Loaded shared library C:\Users\admin\.vscode\extensions\redhat.java-1.13.0-win32-x64\jre\17.0.5-win32-x86_64\bin\nio.dll
Event: 0.391 Loaded shared library C:\Users\admin\.vscode\extensions\redhat.java-1.13.0-win32-x64\jre\17.0.5-win32-x86_64\bin\zip.dll
Event: 0.414 Loaded shared library C:\Users\admin\.vscode\extensions\redhat.java-1.13.0-win32-x64\jre\17.0.5-win32-x86_64\bin\jimage.dll
Event: 0.596 Loaded shared library c:\Users\admin\.vscode\extensions\redhat.java-1.13.0-win32-x64\jre\17.0.5-win32-x86_64\bin\verify.dll
Event: 2.639 Loaded shared library C:\Users\admin\AppData\Roaming\Code\User\globalStorage\redhat.java\1.13.0\config_ss_win\org.eclipse.equinox.launcher\org.eclipse.equinox.launcher.win32.win32.x86_64_1.2.600.v20220720-1916\eclipse_11700.dll
Event: 5.395 Loaded shared library C:\Users\admin\AppData\Local\Temp\jna-92668751\jna9292189081728866167.dll

Deoptimization events (20 events):
Event: 5.370 Thread 0x000002437b68eac0 Uncommon trap: trap_request=0xffffff45 fr.pc=0x000002436e264cf0 relative=0x00000000000006f0
Event: 5.370 Thread 0x000002437b68eac0 Uncommon trap: reason=unstable_if action=reinterpret pc=0x000002436e264cf0 method=java.lang.String.replace(Ljava/lang/CharSequence;Ljava/lang/CharSequence;)Ljava/lang/String; @ 42 c2
Event: 5.370 Thread 0x000002437b68eac0 DEOPT PACKING pc=0x000002436e264cf0 sp=0x0000005a522fbba0
Event: 5.370 Thread 0x000002437b68eac0 DEOPT UNPACKING pc=0x00000243667920a3 sp=0x0000005a522fbb30 mode 2
Event: 5.415 Thread 0x000002437b68eac0 Uncommon trap: trap_request=0xffffff45 fr.pc=0x000002436e3130d0 relative=0x0000000000000af0
Event: 5.415 Thread 0x000002437b68eac0 Uncommon trap: reason=unstable_if action=reinterpret pc=0x000002436e3130d0 method=jdk.internal.org.objectweb.asm.SymbolTable.put(Ljdk/internal/org/objectweb/asm/SymbolTable$Entry;)Ljdk/internal/org/objectweb/asm/SymbolTable$Entry; @ 13 c2
Event: 5.415 Thread 0x000002437b68eac0 DEOPT PACKING pc=0x000002436e3130d0 sp=0x0000005a522fc070
Event: 5.415 Thread 0x000002437b68eac0 DEOPT UNPACKING pc=0x00000243667920a3 sp=0x0000005a522fbfb8 mode 2
Event: 5.435 Thread 0x000002437b68eac0 Uncommon trap: trap_request=0xffffff76 fr.pc=0x000002436e31a460 relative=0x0000000000000620
Event: 5.435 Thread 0x000002437b68eac0 Uncommon trap: reason=predicate action=maybe_recompile pc=0x000002436e31a460 method=java.util.TreeMap.getEntryUsingComparator(Ljava/lang/Object;)Ljava/util/TreeMap$Entry; @ 19 c2
Event: 5.435 Thread 0x000002437b68eac0 DEOPT PACKING pc=0x000002436e31a460 sp=0x0000005a522fcc40
Event: 5.435 Thread 0x000002437b68eac0 DEOPT UNPACKING pc=0x00000243667920a3 sp=0x0000005a522fcb60 mode 2
Event: 5.573 Thread 0x000002437b68eac0 Uncommon trap: trap_request=0xffffff45 fr.pc=0x000002436e2d4134 relative=0x0000000000000114
Event: 5.573 Thread 0x000002437b68eac0 Uncommon trap: reason=unstable_if action=reinterpret pc=0x000002436e2d4134 method=jdk.internal.org.objectweb.asm.SymbolTable.put(Ljdk/internal/org/objectweb/asm/SymbolTable$Entry;)Ljdk/internal/org/objectweb/asm/SymbolTable$Entry; @ 13 c2
Event: 5.573 Thread 0x000002437b68eac0 DEOPT PACKING pc=0x000002436e2d4134 sp=0x0000005a522fb920
Event: 5.573 Thread 0x000002437b68eac0 DEOPT UNPACKING pc=0x00000243667920a3 sp=0x0000005a522fb880 mode 2
Event: 5.722 Thread 0x0000024363abf730 Uncommon trap: trap_request=0xffffff76 fr.pc=0x000002436e316d1c relative=0x00000000000005dc
Event: 5.723 Thread 0x0000024363abf730 Uncommon trap: reason=predicate action=maybe_recompile pc=0x000002436e316d1c method=java.util.TreeMap.getEntryUsingComparator(Ljava/lang/Object;)Ljava/util/TreeMap$Entry; @ 19 c2
Event: 5.723 Thread 0x0000024363abf730 DEOPT PACKING pc=0x000002436e316d1c sp=0x0000005a50afe290
Event: 5.723 Thread 0x0000024363abf730 DEOPT UNPACKING pc=0x00000243667920a3 sp=0x0000005a50afe240 mode 2

Classes unloaded (7 events):
Event: 3.819 Thread 0x0000024379431c30 Unloading class 0x0000000100212400 'java/lang/invoke/LambdaForm$MH+0x0000000100212400'
Event: 3.819 Thread 0x0000024379431c30 Unloading class 0x0000000100212000 'java/lang/invoke/LambdaForm$MH+0x0000000100212000'
Event: 3.819 Thread 0x0000024379431c30 Unloading class 0x0000000100211c00 'java/lang/invoke/LambdaForm$MH+0x0000000100211c00'
Event: 3.819 Thread 0x0000024379431c30 Unloading class 0x0000000100211800 'java/lang/invoke/LambdaForm$MH+0x0000000100211800'
Event: 3.819 Thread 0x0000024379431c30 Unloading class 0x0000000100211000 'java/lang/invoke/LambdaForm$BMH+0x0000000100211000'
Event: 3.819 Thread 0x0000024379431c30 Unloading class 0x0000000100210c00 'java/lang/invoke/LambdaForm$DMH+0x0000000100210c00'
Event: 3.819 Thread 0x0000024379431c30 Unloading class 0x000000010020e000 'java/lang/invoke/LambdaForm$DMH+0x000000010020e000'

Classes redefined (0 events):
No events

Internal exceptions (20 events):
Event: 3.715 Thread 0x000002437b68eac0 Exception <a 'java/lang/NoSuchMethodError'{0x00000000eac0f870}: 'int java.lang.invoke.DirectMethodHandle$Holder.invokeStaticInit(java.lang.Object, java.lang.Object, java.lang.Object)'> (0x00000000eac0f870) 
thrown [s\src\hotspot\share\interpreter\linkResolver.cpp, line 759]
Event: 3.724 Thread 0x000002437b68eac0 Exception <a 'java/lang/IncompatibleClassChangeError'{0x00000000eac766f8}: Found class java.lang.Object, but interface was expected> (0x00000000eac766f8) 
thrown [s\src\hotspot\share\interpreter\linkResolver.cpp, line 826]
Event: 3.782 Thread 0x000002437b9ea590 Exception <a 'java/io/FileNotFoundException'{0x00000000eacfe920}> (0x00000000eacfe920) 
thrown [s\src\hotspot\share\prims\jni.cpp, line 516]
Event: 4.411 Thread 0x000002437b68eac0 Exception <a 'java/lang/ClassNotFoundException'{0x00000000ebebc9b0}: com/sun/org/apache/xerces/internal/impl/msg/spi/DOMMessagesProvider> (0x00000000ebebc9b0) 
thrown [s\src\hotspot\share\classfile\systemDictionary.cpp, line 256]
Event: 4.413 Thread 0x000002437b68eac0 Implicit null exception at 0x000002436e2d510d to 0x000002436e2d5e38
Event: 4.414 Thread 0x000002437b68eac0 Exception <a 'java/lang/ClassNotFoundException'{0x00000000ebee3930}: com/sun/org/apache/xerces/internal/impl/msg/spi/XMLSerializerMessagesProvider> (0x00000000ebee3930) 
thrown [s\src\hotspot\share\classfile\systemDictionary.cpp, line 256]
Event: 4.417 Thread 0x000002437b68eac0 Exception <a 'java/lang/ClassNotFoundException'{0x00000000ebef0bb8}: com/sun/org/apache/xerces/internal/impl/msg/spi/XMLMessagesProvider> (0x00000000ebef0bb8) 
thrown [s\src\hotspot\share\classfile\systemDictionary.cpp, line 256]
Event: 4.996 Thread 0x000002437b68eac0 Exception <a 'java/lang/NoSuchMethodError'{0x00000000ec1f0f58}: 'java.lang.Object java.lang.invoke.DirectMethodHandle$Holder.invokeStaticInit(java.lang.Object, int, int, int, int)'> (0x00000000ec1f0f58) 
thrown [s\src\hotspot\share\interpreter\linkResolver.cpp, line 759]
Event: 5.093 Thread 0x000002437b68eac0 Exception <a 'java/lang/NoSuchMethodError'{0x00000000ec2c1c30}: 'java.lang.Object java.lang.invoke.DirectMethodHandle$Holder.invokeStaticInit(java.lang.Object, java.lang.Object, int, int, int, int)'> (0x00000000ec2c1c30) 
thrown [s\src\hotspot\share\interpreter\linkResolver.cpp, line 759]
Event: 5.193 Thread 0x000002437b68eac0 Exception <a 'java/lang/ClassNotFoundException'{0x00000000ead72490}: com/sun/org/apache/xml/internal/serializer/spi/XMLEntitiesProvider> (0x00000000ead72490) 
thrown [s\src\hotspot\share\classfile\systemDictionary.cpp, line 256]
Event: 5.330 Thread 0x000002437b68eac0 Exception <a 'java/io/FileNotFoundException'{0x00000000eb0cee20}> (0x00000000eb0cee20) 
thrown [s\src\hotspot\share\prims\jni.cpp, line 516]
Event: 5.421 Thread 0x000002437b68eac0 Exception <a 'java/lang/UnsatisfiedLinkError'{0x00000000eb428f00}: The specified procedure could not be found.
> (0x00000000eb428f00) 
thrown [s\src\hotspot\share\prims\jni.cpp, line 535]
Event: 5.431 Thread 0x000002437b68eac0 Exception <a 'java/io/FileNotFoundException'{0x00000000eb44c068}> (0x00000000eb44c068) 
thrown [s\src\hotspot\share\prims\jni.cpp, line 516]
Event: 5.442 Thread 0x000002437b68eac0 Exception <a 'java/io/FileNotFoundException'{0x00000000eb4be588}> (0x00000000eb4be588) 
thrown [s\src\hotspot\share\prims\jni.cpp, line 516]
Event: 5.453 Thread 0x000002437b68eac0 Exception <a 'java/lang/UnsatisfiedLinkError'{0x00000000eb549238}: The specified procedure could not be found.
> (0x00000000eb549238) 
thrown [s\src\hotspot\share\prims\jni.cpp, line 535]
Event: 5.651 Thread 0x000002437b68eac0 Exception <a 'java/lang/UnsatisfiedLinkError'{0x00000000eb899a88}: The specified procedure could not be found.
> (0x00000000eb899a88) 
thrown [s\src\hotspot\share\prims\jni.cpp, line 535]
Event: 5.744 Thread 0x0000024363abf730 Exception <a 'java/lang/NoSuchMethodError'{0x00000000eb9cc248}: 'java.lang.Object java.lang.invoke.DirectMethodHandle$Holder.invokeStatic(java.lang.Object, java.lang.Object, long, java.lang.Object)'> (0x00000000eb9cc248) 
thrown [s\src\hotspot\share\interpreter\linkResolver.cpp, line 759]
Event: 5.744 Thread 0x0000024363abf730 Exception <a 'java/lang/NoSuchMethodError'{0x00000000eb9cfce0}: 'java.lang.Object java.lang.invoke.DirectMethodHandle$Holder.invokeStaticInit(java.lang.Object, java.lang.Object, long, java.lang.Object)'> (0x00000000eb9cfce0) 
thrown [s\src\hotspot\share\interpreter\linkResolver.cpp, line 759]
Event: 5.745 Thread 0x0000024363abf730 Exception <a 'java/lang/NoSuchMethodError'{0x00000000eb9ddad8}: 'java.lang.Object java.lang.invoke.DirectMethodHandle$Holder.newInvokeSpecial(java.lang.Object, java.lang.Object, long)'> (0x00000000eb9ddad8) 
thrown [s\src\hotspot\share\interpreter\linkResolver.cpp, line 759]
Event: 5.746 Thread 0x0000024363abf730 Exception <a 'java/lang/NoSuchMethodError'{0x00000000eb9e1648}: 'java.lang.Object java.lang.invoke.Invokers$Holder.linkToTargetMethod(java.lang.Object, long, java.lang.Object)'> (0x00000000eb9e1648) 
thrown [s\src\hotspot\share\interpreter\linkResolver.cpp, line 759]

VM Operations (20 events):
Event: 3.252 Executing VM operation: HandshakeAllThreads
Event: 3.252 Executing VM operation: HandshakeAllThreads done
Event: 3.420 Executing VM operation: HandshakeAllThreads
Event: 3.421 Executing VM operation: HandshakeAllThreads done
Event: 3.695 Executing VM operation: ParallelGCFailedAllocation
Event: 3.699 Executing VM operation: ParallelGCFailedAllocation done
Event: 3.773 Executing VM operation: HandshakeAllThreads
Event: 3.773 Executing VM operation: HandshakeAllThreads done
Event: 3.813 Executing VM operation: CollectForMetadataAllocation
Event: 3.838 Executing VM operation: CollectForMetadataAllocation done
Event: 4.181 Executing VM operation: ParallelGCFailedAllocation
Event: 4.182 Executing VM operation: ParallelGCFailedAllocation done
Event: 4.454 Executing VM operation: HandshakeAllThreads
Event: 4.454 Executing VM operation: HandshakeAllThreads done
Event: 5.110 Executing VM operation: ParallelGCFailedAllocation
Event: 5.112 Executing VM operation: ParallelGCFailedAllocation done
Event: 5.267 Executing VM operation: HandshakeAllThreads
Event: 5.267 Executing VM operation: HandshakeAllThreads done
Event: 5.409 Executing VM operation: HandshakeAllThreads
Event: 5.409 Executing VM operation: HandshakeAllThreads done

Events (20 events):
Event: 5.440 loading class java/security/spec/InvalidParameterSpecException
Event: 5.441 loading class java/security/spec/InvalidParameterSpecException done
Event: 5.442 loading class javax/crypto/spec/PBEKeySpec
Event: 5.442 loading class javax/crypto/spec/PBEKeySpec done
Event: 5.448 loading class java/lang/annotation/Documented
Event: 5.448 loading class java/lang/annotation/Documented done
Event: 5.451 loading class java/lang/Class$AnnotationData
Event: 5.451 loading class java/lang/Class$AnnotationData done
Event: 5.452 loading class jdk/internal/reflect/UnsafeBooleanFieldAccessorImpl
Event: 5.452 loading class jdk/internal/reflect/UnsafeBooleanFieldAccessorImpl done
Event: 5.554 Thread 0x000002437b8da030 Thread exited: 0x000002437b8da030
Event: 5.644 Thread 0x000002437bf1ce00 Thread added: 0x000002437bf1ce00
Event: 5.694 loading class java/util/concurrent/Executors$DefaultThreadFactory
Event: 5.716 loading class java/util/concurrent/Executors$DefaultThreadFactory done
Event: 5.742 loading class java/lang/ProcessHandle
Event: 5.742 loading class java/lang/ProcessHandle done
Event: 5.742 loading class java/lang/ProcessHandleImpl
Event: 5.743 loading class java/lang/ProcessHandleImpl done
Event: 5.744 loading class java/lang/invoke/MethodHandle$1
Event: 5.744 loading class java/lang/invoke/MethodHandle$1 done


Dynamic libraries:
0x00007ff71b390000 - 0x00007ff71b39e000 	c:\Users\admin\.vscode\extensions\redhat.java-1.13.0-win32-x64\jre\17.0.5-win32-x86_64\bin\java.exe
0x00007ffe56b20000 - 0x00007ffe56d10000 	C:\Windows\SYSTEM32\ntdll.dll
0x00007ffe56900000 - 0x00007ffe569b2000 	C:\Windows\System32\KERNEL32.DLL
0x00007ffe53c80000 - 0x00007ffe53f23000 	C:\Windows\System32\KERNELBASE.dll
0x00007ffe53ae0000 - 0x00007ffe53bda000 	C:\Windows\System32\ucrtbase.dll
0x00007ffe38a50000 - 0x00007ffe38a67000 	c:\Users\admin\.vscode\extensions\redhat.java-1.13.0-win32-x64\jre\17.0.5-win32-x86_64\bin\jli.dll
0x00007ffe54ea0000 - 0x00007ffe55034000 	C:\Windows\System32\USER32.dll
0x00007ffe53ab0000 - 0x00007ffe53ad1000 	C:\Windows\System32\win32u.dll
0x00007ffe55af0000 - 0x00007ffe55b16000 	C:\Windows\System32\GDI32.dll
0x00007ffe549d0000 - 0x00007ffe54b64000 	C:\Windows\System32\gdi32full.dll
0x00007ffe53be0000 - 0x00007ffe53c7e000 	C:\Windows\System32\msvcp_win.dll
0x00007ffe2c240000 - 0x00007ffe2c259000 	c:\Users\admin\.vscode\extensions\redhat.java-1.13.0-win32-x64\jre\17.0.5-win32-x86_64\bin\VCRUNTIME140.dll
0x00007ffe52ef0000 - 0x00007ffe53175000 	C:\Windows\WinSxS\amd64_microsoft.windows.common-controls_6595b64144ccf1df_6.0.18362.719_none_e6c7b883130c6729\COMCTL32.dll
0x00007ffe56860000 - 0x00007ffe568fe000 	C:\Windows\System32\msvcrt.dll
0x00007ffe55e60000 - 0x00007ffe56196000 	C:\Windows\System32\combase.dll
0x00007ffe569c0000 - 0x00007ffe56ae0000 	C:\Windows\System32\RPCRT4.dll
0x00007ffe54830000 - 0x00007ffe548b0000 	C:\Windows\System32\bcryptPrimitives.dll
0x00007ffe55cf0000 - 0x00007ffe55d1e000 	C:\Windows\System32\IMM32.DLL
0x00007ffe4c620000 - 0x00007ffe4c62c000 	c:\Users\admin\.vscode\extensions\redhat.java-1.13.0-win32-x64\jre\17.0.5-win32-x86_64\bin\vcruntime140_1.dll
0x00007ffe16d50000 - 0x00007ffe16de1000 	c:\Users\admin\.vscode\extensions\redhat.java-1.13.0-win32-x64\jre\17.0.5-win32-x86_64\bin\msvcp140.dll
0x00007ffde2720000 - 0x00007ffde3364000 	c:\Users\admin\.vscode\extensions\redhat.java-1.13.0-win32-x64\jre\17.0.5-win32-x86_64\bin\server\jvm.dll
0x00007ffe55040000 - 0x00007ffe550e3000 	C:\Windows\System32\ADVAPI32.dll
0x00007ffe567c0000 - 0x00007ffe56857000 	C:\Windows\System32\sechost.dll
0x00007ffe37d30000 - 0x00007ffe37d39000 	C:\Windows\SYSTEM32\WSOCK32.dll
0x00007ffe559a0000 - 0x00007ffe55a0f000 	C:\Windows\System32\WS2_32.dll
0x00007ffe514f0000 - 0x00007ffe51514000 	C:\Windows\SYSTEM32\WINMM.dll
0x00007ffe4d6a0000 - 0x00007ffe4d6aa000 	C:\Windows\SYSTEM32\VERSION.dll
0x00007ffe514c0000 - 0x00007ffe514ed000 	C:\Windows\SYSTEM32\WINMMBASE.dll
0x00007ffe548b0000 - 0x00007ffe548fa000 	C:\Windows\System32\cfgmgr32.dll
0x00007ffe53a70000 - 0x00007ffe53a81000 	C:\Windows\System32\kernel.appcore.dll
0x00007ffe3e330000 - 0x00007ffe3e33a000 	c:\Users\admin\.vscode\extensions\redhat.java-1.13.0-win32-x64\jre\17.0.5-win32-x86_64\bin\jimage.dll
0x00007ffe53500000 - 0x00007ffe536f4000 	C:\Windows\SYSTEM32\DBGHELP.DLL
0x00007ffe53270000 - 0x00007ffe5329a000 	C:\Windows\SYSTEM32\dbgcore.DLL
0x00007ffe4c850000 - 0x00007ffe4c85e000 	c:\Users\admin\.vscode\extensions\redhat.java-1.13.0-win32-x64\jre\17.0.5-win32-x86_64\bin\instrument.dll
0x00007ffe4c630000 - 0x00007ffe4c655000 	c:\Users\admin\.vscode\extensions\redhat.java-1.13.0-win32-x64\jre\17.0.5-win32-x86_64\bin\java.dll
0x00007ffe2bdc0000 - 0x00007ffe2bdd8000 	c:\Users\admin\.vscode\extensions\redhat.java-1.13.0-win32-x64\jre\17.0.5-win32-x86_64\bin\zip.dll
0x00007ffe552b0000 - 0x00007ffe55995000 	C:\Windows\System32\SHELL32.dll
0x00007ffe55b20000 - 0x00007ffe55bc9000 	C:\Windows\System32\shcore.dll
0x00007ffe53f30000 - 0x00007ffe546b0000 	C:\Windows\System32\windows.storage.dll
0x00007ffe53a40000 - 0x00007ffe53a63000 	C:\Windows\System32\profapi.dll
0x00007ffe539f0000 - 0x00007ffe53a3a000 	C:\Windows\System32\powrprof.dll
0x00007ffe539e0000 - 0x00007ffe539f0000 	C:\Windows\System32\UMPDC.dll
0x00007ffe55c90000 - 0x00007ffe55ce2000 	C:\Windows\System32\shlwapi.dll
0x00007ffe549b0000 - 0x00007ffe549c7000 	C:\Windows\System32\cryptsp.dll
0x00007ffe28380000 - 0x00007ffe28399000 	C:\Users\admin\.vscode\extensions\redhat.java-1.13.0-win32-x64\jre\17.0.5-win32-x86_64\bin\net.dll
0x00007ffe408d0000 - 0x00007ffe409c1000 	C:\Windows\SYSTEM32\WINHTTP.dll
0x00007ffe52b70000 - 0x00007ffe52bd7000 	C:\Windows\system32\mswsock.dll
0x00007ffe277e0000 - 0x00007ffe277f5000 	C:\Users\admin\.vscode\extensions\redhat.java-1.13.0-win32-x64\jre\17.0.5-win32-x86_64\bin\nio.dll
0x00007ffe4c840000 - 0x00007ffe4c850000 	c:\Users\admin\.vscode\extensions\redhat.java-1.13.0-win32-x64\jre\17.0.5-win32-x86_64\bin\verify.dll
0x00007ffe1c8b0000 - 0x00007ffe1c8ee000 	C:\Users\admin\AppData\Roaming\Code\User\globalStorage\redhat.java\1.13.0\config_ss_win\org.eclipse.equinox.launcher\org.eclipse.equinox.launcher.win32.win32.x86_64_1.2.600.v20220720-1916\eclipse_11700.dll
0x00007ffe54d40000 - 0x00007ffe54e97000 	C:\Windows\System32\ole32.dll
0x00007ffe526e0000 - 0x00007ffe52713000 	C:\Windows\system32\rsaenh.dll
0x00007ffe546b0000 - 0x00007ffe546d6000 	C:\Windows\System32\bcrypt.dll
0x00007ffe53900000 - 0x00007ffe53925000 	C:\Windows\SYSTEM32\USERENV.dll
0x00007ffe52da0000 - 0x00007ffe52dac000 	C:\Windows\SYSTEM32\CRYPTBASE.dll
0x00007ffe52880000 - 0x00007ffe528ba000 	C:\Windows\SYSTEM32\IPHLPAPI.DLL
0x00007ffe550f0000 - 0x00007ffe550f8000 	C:\Windows\System32\NSI.dll
0x00007ffe4af80000 - 0x00007ffe4af96000 	C:\Windows\SYSTEM32\dhcpcsvc6.DLL
0x00007ffe4af40000 - 0x00007ffe4af5c000 	C:\Windows\SYSTEM32\dhcpcsvc.DLL
0x00007ffe528c0000 - 0x00007ffe5298a000 	C:\Windows\SYSTEM32\DNSAPI.dll
0x00007ffe1c830000 - 0x00007ffe1c870000 	C:\Users\admin\AppData\Local\Temp\jna-92668751\jna9292189081728866167.dll
0x00007ffe55bd0000 - 0x00007ffe55bd8000 	C:\Windows\System32\PSAPI.DLL

dbghelp: loaded successfully - version: 4.0.5 - missing functions: none
symbol engine: initialized successfully - sym options: 0x614 - pdb path: .;c:\Users\admin\.vscode\extensions\redhat.java-1.13.0-win32-x64\jre\17.0.5-win32-x86_64\bin;C:\Windows\SYSTEM32;C:\Windows\WinSxS\amd64_microsoft.windows.common-controls_6595b64144ccf1df_6.0.18362.719_none_e6c7b883130c6729;c:\Users\admin\.vscode\extensions\redhat.java-1.13.0-win32-x64\jre\17.0.5-win32-x86_64\bin\server;C:\Users\admin\AppData\Roaming\Code\User\globalStorage\redhat.java\1.13.0\config_ss_win\org.eclipse.equinox.launcher\org.eclipse.equinox.launcher.win32.win32.x86_64_1.2.600.v20220720-1916;C:\Users\admin\AppData\Local\Temp\jna-92668751

VM Arguments:
jvm_args: --add-modules=ALL-SYSTEM --add-opens=java.base/java.util=ALL-UNNAMED --add-opens=java.base/java.lang=ALL-UNNAMED --add-opens=java.base/sun.nio.fs=ALL-UNNAMED -Declipse.application=org.eclipse.jdt.ls.core.id1 -Dosgi.bundles.defaultStartLevel=4 -Declipse.product=org.eclipse.jdt.ls.core.product -Djava.import.generatesMetadataFilesAtProjectRoot=false -Dfile.encoding=utf8 -XX:+UseParallelGC -XX:GCTimeRatio=4 -XX:AdaptiveSizePolicyWeight=90 -Dsun.zip.disableMemoryMapping=true -Xmx1G -Xms100m -Xlog:disable -javaagent:c:\Users\admin\.vscode\extensions\redhat.java-1.13.0-win32-x64\lombok\lombok-1.18.24.jar 
java_command: c:\Users\admin\.vscode\extensions\redhat.java-1.13.0-win32-x64\server\plugins\org.eclipse.equinox.launcher_1.6.400.v20210924-0641.jar -configuration c:\Users\admin\AppData\Roaming\Code\User\globalStorage\redhat.java\1.13.0\config_ss_win -data c:\Users\admin\AppData\Roaming\Code\User\workspaceStorage\4ecb3b370f7771eeb89a8e815e0aced3\redhat.java\ss_ws
java_class_path (initial): c:\Users\admin\.vscode\extensions\redhat.java-1.13.0-win32-x64\server\plugins\org.eclipse.equinox.launcher_1.6.400.v20210924-0641.jar
Launcher Type: SUN_STANDARD

[Global flags]
    uintx AdaptiveSizePolicyWeight                 = 90                                        {product} {command line}
     intx CICompilerCount                          = 4                                         {product} {ergonomic}
    uintx GCTimeRatio                              = 4                                         {product} {command line}
   size_t InitialHeapSize                          = 104857600                                 {product} {command line}
   size_t MaxHeapSize                              = 1073741824                                {product} {command line}
   size_t MaxNewSize                               = 357564416                                 {product} {ergonomic}
   size_t MinHeapDeltaBytes                        = 524288                                    {product} {ergonomic}
   size_t MinHeapSize                              = 104857600                                 {product} {command line}
   size_t NewSize                                  = 34603008                                  {product} {ergonomic}
    uintx NonNMethodCodeHeapSize                   = 5839372                                {pd product} {ergonomic}
    uintx NonProfiledCodeHeapSize                  = 122909434                              {pd product} {ergonomic}
   size_t OldSize                                  = 70254592                                  {product} {ergonomic}
    uintx ProfiledCodeHeapSize                     = 122909434                              {pd product} {ergonomic}
    uintx ReservedCodeCacheSize                    = 251658240                              {pd product} {ergonomic}
     bool SegmentedCodeCache                       = true                                      {product} {ergonomic}
   size_t SoftMaxHeapSize                          = 1073741824                             {manageable} {ergonomic}
     bool UseCompressedClassPointers               = true                           {product lp64_product} {ergonomic}
     bool UseCompressedOops                        = true                           {product lp64_product} {ergonomic}
     bool UseLargePagesIndividualAllocation        = false                                  {pd product} {ergonomic}
     bool UseParallelGC                            = true                                      {product} {command line}

Logging:
Log output configuration:
 #0: stdout all=off uptime,level,tags
 #1: stderr all=off uptime,level,tags

Environment Variables:
PATH=E:\vm\bin\;C:\Program Files\Common Files\Oracle\Java\javapath;C:\Python310\Scripts\;C:\Python310\;C:\Windows\system32;C:\Windows;C:\Windows\System32\Wbem;C:\Windows\System32\WindowsPowerShell\v1.0\;C:\Windows\System32\OpenSSH\;C:\Program Files\Git\cmd;C:\Program Files\nodejs\;C:\ProgramData\chocolatey\bin;C:\xampp\php;C:\composer;C:\Program Files\MongoDB\Server\6.0\bin;C:\Program Files\Docker\Docker\resources\bin;C:\ProgramData\DockerDesktop\version-bin;C:\Program Files (x86)\Microsoft SQL Server\150\DTS\Binn\;C:\Program Files\Azure Data Studio\bin;C:\Program Files\dotnet\;F:\;C:\Program Files\PuTTY\;C:\Program Files (x86)\NetSarang\Xshell 7\;C:\Program Files\Go\bin;C:\Users\admin\AppData\Local\Android\Sdk\platform-tools;C:\Program Files\Java\jdk-18.0.1.1\bin\;F:\chromedriver.exe;C:\Ruby31-x64\bin;C:\Users\admin\.poetry\bin;C:\Users\admin\AppData\Local\Microsoft\WindowsApps;C:\Users\admin\AppData\Roaming\npm;C:\Users\admin\AppData\Roaming\Composer\vendor\bin;C:\Users\admin\AppData\Local\Programs\Microsoft VS Code\bin;C:\Program Files\Azure Data Studio\bin;C:\Users\admin\.dotnet\tools;C:\Users\admin\go\bin;C:\Program Files\heroku\bin;F:\chromedriver.exe;F:\;
USERNAME=admin
OS=Windows_NT
PROCESSOR_IDENTIFIER=Intel64 Family 6 Model 165 Stepping 3, GenuineIntel
TMP=C:\Users\admin\AppData\Local\Temp
TEMP=C:\Users\admin\AppData\Local\Temp



---------------  S Y S T E M  ---------------

OS:
 Windows 10 , 64 bit Build 18362 (10.0.18362.329)
OS uptime: 1 days 9:40 hours

CPU: total 8 (initial active 8) (4 cores per cpu, 2 threads per core) family 6 model 165 stepping 3 microcode 0xe0, cx8, cmov, fxsr, ht, mmx, 3dnowpref, sse, sse2, sse3, ssse3, sse4.1, sse4.2, popcnt, lzcnt, tsc, tscinvbit, avx, avx2, aes, erms, clmul, bmi1, bmi2, adx, fma, vzeroupper, clflush, clflushopt

Memory: 4k page, system-wide physical 24420M (4193M free)
TotalPageFile size 54916M (AvailPageFile size 0M)
current process WorkingSet (physical memory assigned to process): 135M, peak: 137M
current process commit charge ("private bytes"): 242M, peak: 244M

vm_info: OpenJDK 64-Bit Server VM (17.0.5+8) for windows-amd64 JRE (17.0.5+8), built on Oct 19 2022 04:48:13 by "temurin" with MS VC++ 16.7 (VS2019)

END.
