#
# There is insufficient memory for the Java Runtime Environment to continue.
# Native memory allocation (mmap) failed to map 65536 bytes for Failed to commit metaspace.
# Possible reasons:
#   The system is out of physical RAM or swap space
#   The process is running with CompressedOops enabled, and the Java Heap may be blocking the growth of the native heap
# Possible solutions:
#   Reduce memory load on the system
#   Increase physical memory or swap space
#   Check if swap backing store is full
#   Decrease Java heap size (-Xmx/-Xms)
#   Decrease number of Java threads
#   Decrease Java thread stack sizes (-Xss)
#   Set larger code cache with -XX:ReservedCodeCacheSize=
#   JVM is running with Unscaled Compressed Oops mode in which the Java heap is
#     placed in the first 4GB address space. The Java Heap base address is the
#     maximum limit for the native heap growth. Please use -XX:HeapBaseMinAddress
#     to set the Java Heap base and to place the Java Heap above 4GB virtual address.
# This output file may be truncated or incomplete.
#
#  Out of Memory Error (virtualSpaceNode.cpp:110), pid=3884, tid=13088
#
# JRE version: OpenJDK Runtime Environment Temurin-17.0.5+8 (17.0.5+8) (build 17.0.5+8)
# Java VM: OpenJDK 64-Bit Server VM Temurin-17.0.5+8 (17.0.5+8, mixed mode, tiered, compressed oops, compressed class ptrs, parallel gc, windows-amd64)
# No core dump will be written. Minidumps are not enabled by default on client versions of Windows
#

---------------  S U M M A R Y ------------

Command Line: --add-modules=ALL-SYSTEM --add-opens=java.base/java.util=ALL-UNNAMED --add-opens=java.base/java.lang=ALL-UNNAMED --add-opens=java.base/sun.nio.fs=ALL-UNNAMED -Declipse.application=org.eclipse.jdt.ls.core.id1 -Dosgi.bundles.defaultStartLevel=4 -Declipse.product=org.eclipse.jdt.ls.core.product -Djava.import.generatesMetadataFilesAtProjectRoot=false -Dfile.encoding=utf8 -XX:+UseParallelGC -XX:GCTimeRatio=4 -XX:AdaptiveSizePolicyWeight=90 -Dsun.zip.disableMemoryMapping=true -Xmx1G -Xms100m -Xlog:disable -javaagent:c:\Users\admin\.vscode\extensions\redhat.java-1.13.0-win32-x64\lombok\lombok-1.18.24.jar -XX:+HeapDumpOnOutOfMemoryError -XX:HeapDumpPath=c:\Users\admin\AppData\Roaming\Code\User\workspaceStorage\4ecb3b370f7771eeb89a8e815e0aced3\redhat.java c:\Users\admin\.vscode\extensions\redhat.java-1.13.0-win32-x64\server\plugins\org.eclipse.equinox.launcher_1.6.400.v20210924-0641.jar -configuration c:\Users\admin\AppData\Roaming\Code\User\globalStorage\redhat.java\1.13.0\config_win -data c:\Users\admin\AppData\Roaming\Code\User\workspaceStorage\4ecb3b370f7771eeb89a8e815e0aced3\redhat.java\jdt_ws

Host: Intel(R) Core(TM) i3-10100 CPU @ 3.60GHz, 8 cores, 23G,  Windows 10 , 64 bit Build 18362 (10.0.18362.329)
Time: Tue Jan 10 06:03:07 2023 Central Standard Time elapsed time: 4.955169 seconds (0d 0h 0m 4s)

---------------  T H R E A D  ---------------

Current thread (0x000001805d0bcd50):  JavaThread "Start Level: Equinox Container: 84116bb8-8a3d-4f9c-ad92-01e7e0083faa" daemon [_thread_in_vm, id=13088, stack(0x0000002706600000,0x0000002706700000)]

Stack: [0x0000002706600000,0x0000002706700000]
Native frames: (J=compiled Java code, j=interpreted, Vv=VM code, C=native code)
V  [jvm.dll+0x676b3a]
V  [jvm.dll+0x831444]
V  [jvm.dll+0x832bee]
V  [jvm.dll+0x833253]
V  [jvm.dll+0x244ce5]
V  [jvm.dll+0x82d4db]
V  [jvm.dll+0x61b2f6]
V  [jvm.dll+0x1bfd2e]
V  [jvm.dll+0x61dc41]
V  [jvm.dll+0x61bc96]
V  [jvm.dll+0x24273c]
V  [jvm.dll+0x6cce0d]
V  [jvm.dll+0x6cd83f]
V  [jvm.dll+0x36f5f3]
V  [jvm.dll+0x40afbe]
V  [jvm.dll+0x41635d]
C  0x0000018048e0d581

Java frames: (J=compiled Java code, j=interpreted, Vv=VM code)
j  java.lang.Class.getDeclaredConstructors0(Z)[Ljava/lang/reflect/Constructor;+0 java.base@17.0.5
j  java.lang.Class.privateGetDeclaredConstructors(Z)[Ljava/lang/reflect/Constructor;+52 java.base@17.0.5
j  java.lang.Class.getConstructors()[Ljava/lang/reflect/Constructor;+20 java.base@17.0.5
j  org.apache.felix.scr.impl.inject.internal.ComponentConstructorImpl.<init>(Lorg/apache/felix/scr/impl/metadata/ComponentMetadata;Ljava/lang/Class;Lorg/apache/felix/scr/impl/logger/ComponentLogger;)V+212
j  org.apache.felix.scr.impl.inject.internal.ComponentMethodsImpl.initComponentMethods(Lorg/apache/felix/scr/impl/metadata/ComponentMetadata;Ljava/lang/Class;Lorg/apache/felix/scr/impl/logger/ComponentLogger;)V+306
j  org.apache.felix.scr.impl.manager.AbstractComponentManager.initDependencyManagers(Lorg/apache/felix/scr/impl/manager/ComponentContextImpl;)V+74
j  org.apache.felix.scr.impl.manager.AbstractComponentManager.collectDependencies(Lorg/apache/felix/scr/impl/manager/ComponentContextImpl;)Z+2
j  org.apache.felix.scr.impl.manager.SingleComponentManager.getServiceInternal(Lorg/osgi/framework/ServiceRegistration;)Z+25
j  org.apache.felix.scr.impl.manager.SingleComponentManager.getService(Lorg/osgi/framework/Bundle;Lorg/osgi/framework/ServiceRegistration;)Ljava/lang/Object;+69
j  org.eclipse.osgi.internal.serviceregistry.ServiceFactoryUse$1.run()Ljava/lang/Object;+24
J 1888 c1 java.security.AccessController.doPrivileged(Ljava/security/PrivilegedAction;)Ljava/lang/Object; java.base@17.0.5 (9 bytes) @ 0x00000180497262bc [0x0000018049726160+0x000000000000015c]
j  org.eclipse.osgi.internal.serviceregistry.ServiceFactoryUse.factoryGetService()Ljava/lang/Object;+8
j  org.eclipse.osgi.internal.serviceregistry.ServiceFactoryUse.getService()Ljava/lang/Object;+222
j  org.eclipse.osgi.internal.serviceregistry.ServiceConsumer$2.getService(Lorg/eclipse/osgi/internal/serviceregistry/ServiceUse;)Ljava/lang/Object;+1
j  org.eclipse.osgi.internal.serviceregistry.ServiceRegistrationImpl.getService(Lorg/eclipse/osgi/internal/framework/BundleContextImpl;Lorg/eclipse/osgi/internal/serviceregistry/ServiceConsumer;)Ljava/lang/Object;+432
j  org.eclipse.osgi.internal.serviceregistry.ServiceRegistry.getService(Lorg/eclipse/osgi/internal/framework/BundleContextImpl;Lorg/eclipse/osgi/internal/serviceregistry/ServiceReferenceImpl;)Ljava/lang/Object;+12
j  org.eclipse.osgi.internal.framework.BundleContextImpl.getService(Lorg/osgi/framework/ServiceReference;)Ljava/lang/Object;+35
j  org.apache.felix.scr.impl.manager.SingleRefPair.getServiceObject(Lorg/apache/felix/scr/impl/inject/ScrComponentContext;Lorg/osgi/framework/BundleContext;)Z+5
j  org.apache.felix.scr.impl.inject.methods.BindMethod.getServiceObject(Lorg/apache/felix/scr/impl/inject/BindParameters;Lorg/osgi/framework/BundleContext;)Z+84
j  org.apache.felix.scr.impl.manager.DependencyManager.getServiceObject(Lorg/apache/felix/scr/impl/manager/ComponentContextImpl;Lorg/apache/felix/scr/impl/inject/ReferenceMethod;Lorg/apache/felix/scr/impl/inject/RefPair;)Z+26
j  org.apache.felix.scr.impl.manager.DependencyManager.doInvokeBindMethod(Lorg/apache/felix/scr/impl/manager/ComponentContextImpl;Lorg/apache/felix/scr/impl/inject/ReferenceMethod;Lorg/apache/felix/scr/impl/inject/RefPair;I)Z+4
j  org.apache.felix.scr.impl.manager.DependencyManager.invokeBindMethod(Lorg/apache/felix/scr/impl/manager/ComponentContextImpl;Lorg/apache/felix/scr/impl/inject/RefPair;ILorg/apache/felix/scr/impl/manager/EdgeInfo;)Z+71
j  org.apache.felix.scr.impl.manager.SingleComponentManager.invokeBindMethod(Lorg/apache/felix/scr/impl/manager/DependencyManager;Lorg/apache/felix/scr/impl/inject/RefPair;I)V+26
j  org.apache.felix.scr.impl.manager.DependencyManager$MultipleDynamicCustomizer.addedService(Lorg/osgi/framework/ServiceReference;Lorg/apache/felix/scr/impl/inject/RefPair;IILorg/apache/felix/scr/impl/manager/ExtendedServiceEvent;)V+128
j  org.apache.felix.scr.impl.manager.DependencyManager$MultipleDynamicCustomizer.addedService(Lorg/osgi/framework/ServiceReference;Ljava/lang/Object;IILorg/osgi/framework/ServiceEvent;)V+14
j  org.apache.felix.scr.impl.manager.ServiceTracker$Tracked.customizerAdded(Lorg/osgi/framework/ServiceReference;Lorg/osgi/framework/ServiceEvent;Ljava/lang/Object;II)V+14
j  org.apache.felix.scr.impl.manager.ServiceTracker$Tracked.customizerAdded(Ljava/lang/Object;Ljava/lang/Object;Ljava/lang/Object;II)V+14
j  org.apache.felix.scr.impl.manager.ServiceTracker$AbstractTracked.trackAdding(Ljava/lang/Object;Ljava/lang/Object;)V+207
j  org.apache.felix.scr.impl.manager.ServiceTracker$AbstractTracked.track(Ljava/lang/Object;Ljava/lang/Object;)V+104
j  org.apache.felix.scr.impl.manager.ServiceTracker$Tracked.serviceChanged(Lorg/osgi/framework/ServiceEvent;)V+67
j  org.apache.felix.scr.impl.BundleComponentActivator$ListenerInfo.serviceChanged(Lorg/osgi/framework/ServiceEvent;)V+66
J 1646 c1 org.eclipse.osgi.internal.serviceregistry.FilteredServiceListener.serviceChanged(Lorg/osgi/framework/ServiceEvent;)V (284 bytes) @ 0x00000180496bd734 [0x00000180496bb460+0x00000000000022d4]
J 1624 c1 org.eclipse.osgi.internal.framework.BundleContextImpl.dispatchEvent(Ljava/lang/Object;Ljava/lang/Object;ILjava/lang/Object;)V (558 bytes) @ 0x00000180496aab74 [0x00000180496a7aa0+0x00000000000030d4]
J 2037 c1 org.eclipse.osgi.framework.eventmgr.EventManager.dispatchEvent(Ljava/util/Set;Lorg/eclipse/osgi/framework/eventmgr/EventDispatcher;ILjava/lang/Object;)V (69 bytes) @ 0x0000018049794774 [0x00000180497942a0+0x00000000000004d4]
j  org.eclipse.osgi.framework.eventmgr.ListenerQueue.dispatchEventSynchronous(ILjava/lang/Object;)V+67
j  org.eclipse.osgi.internal.serviceregistry.ServiceRegistry.publishServiceEventPrivileged(Lorg/osgi/framework/ServiceEvent;)V+320
j  org.eclipse.osgi.internal.serviceregistry.ServiceRegistry.publishServiceEvent(Lorg/osgi/framework/ServiceEvent;)V+8
j  org.eclipse.osgi.internal.serviceregistry.ServiceRegistrationImpl.register(Ljava/util/Dictionary;)V+128
j  org.eclipse.osgi.internal.serviceregistry.ServiceRegistry.registerService(Lorg/eclipse/osgi/internal/framework/BundleContextImpl;[Ljava/lang/String;Ljava/lang/Object;Ljava/util/Dictionary;)Lorg/eclipse/osgi/internal/serviceregistry/ServiceRegistrationImpl;+298
j  org.eclipse.osgi.internal.framework.BundleContextImpl.registerService([Ljava/lang/String;Ljava/lang/Object;Ljava/util/Dictionary;)Lorg/osgi/framework/ServiceRegistration;+15
j  org.apache.felix.scr.impl.manager.AbstractComponentManager$3.register([Ljava/lang/String;)Lorg/osgi/framework/ServiceRegistration;+32
j  org.apache.felix.scr.impl.manager.AbstractComponentManager$3.register([Ljava/lang/String;)Ljava/lang/Object;+2
j  org.apache.felix.scr.impl.manager.RegistrationManager.changeRegistration(Lorg/apache/felix/scr/impl/manager/RegistrationManager$RegState;[Ljava/lang/String;)Z+697
j  org.apache.felix.scr.impl.manager.AbstractComponentManager.registerService()Z+17
j  org.apache.felix.scr.impl.manager.AbstractComponentManager.activateInternal()V+344
j  org.apache.felix.scr.impl.manager.DependencyManager$SingleStaticCustomizer.addedService(Lorg/osgi/framework/ServiceReference;Lorg/apache/felix/scr/impl/inject/RefPair;IILorg/apache/felix/scr/impl/manager/ExtendedServiceEvent;)V+267
j  org.apache.felix.scr.impl.manager.DependencyManager$SingleStaticCustomizer.addedService(Lorg/osgi/framework/ServiceReference;Ljava/lang/Object;IILorg/osgi/framework/ServiceEvent;)V+14
j  org.apache.felix.scr.impl.manager.ServiceTracker$Tracked.customizerAdded(Lorg/osgi/framework/ServiceReference;Lorg/osgi/framework/ServiceEvent;Ljava/lang/Object;II)V+14
j  org.apache.felix.scr.impl.manager.ServiceTracker$Tracked.customizerAdded(Ljava/lang/Object;Ljava/lang/Object;Ljava/lang/Object;II)V+14
j  org.apache.felix.scr.impl.manager.ServiceTracker$AbstractTracked.trackAdding(Ljava/lang/Object;Ljava/lang/Object;)V+207
j  org.apache.felix.scr.impl.manager.ServiceTracker$AbstractTracked.track(Ljava/lang/Object;Ljava/lang/Object;)V+104
j  org.apache.felix.scr.impl.manager.ServiceTracker$Tracked.serviceChanged(Lorg/osgi/framework/ServiceEvent;)V+67
j  org.apache.felix.scr.impl.BundleComponentActivator$ListenerInfo.serviceChanged(Lorg/osgi/framework/ServiceEvent;)V+66
J 1646 c1 org.eclipse.osgi.internal.serviceregistry.FilteredServiceListener.serviceChanged(Lorg/osgi/framework/ServiceEvent;)V (284 bytes) @ 0x00000180496bd734 [0x00000180496bb460+0x00000000000022d4]
J 1624 c1 org.eclipse.osgi.internal.framework.BundleContextImpl.dispatchEvent(Ljava/lang/Object;Ljava/lang/Object;ILjava/lang/Object;)V (558 bytes) @ 0x00000180496aab74 [0x00000180496a7aa0+0x00000000000030d4]
J 2037 c1 org.eclipse.osgi.framework.eventmgr.EventManager.dispatchEvent(Ljava/util/Set;Lorg/eclipse/osgi/framework/eventmgr/EventDispatcher;ILjava/lang/Object;)V (69 bytes) @ 0x0000018049794774 [0x00000180497942a0+0x00000000000004d4]
j  org.eclipse.osgi.framework.eventmgr.ListenerQueue.dispatchEventSynchronous(ILjava/lang/Object;)V+67
j  org.eclipse.osgi.internal.serviceregistry.ServiceRegistry.publishServiceEventPrivileged(Lorg/osgi/framework/ServiceEvent;)V+320
j  org.eclipse.osgi.internal.serviceregistry.ServiceRegistry.publishServiceEvent(Lorg/osgi/framework/ServiceEvent;)V+8
j  org.eclipse.osgi.internal.serviceregistry.ServiceRegistrationImpl.register(Ljava/util/Dictionary;)V+128
j  org.eclipse.osgi.internal.serviceregistry.ServiceRegistry.registerService(Lorg/eclipse/osgi/internal/framework/BundleContextImpl;[Ljava/lang/String;Ljava/lang/Object;Ljava/util/Dictionary;)Lorg/eclipse/osgi/internal/serviceregistry/ServiceRegistrationImpl;+298
j  org.eclipse.osgi.internal.framework.BundleContextImpl.registerService([Ljava/lang/String;Ljava/lang/Object;Ljava/util/Dictionary;)Lorg/osgi/framework/ServiceRegistration;+15
j  org.apache.felix.scr.impl.manager.AbstractComponentManager$3.register([Ljava/lang/String;)Lorg/osgi/framework/ServiceRegistration;+32
j  org.apache.felix.scr.impl.manager.AbstractComponentManager$3.register([Ljava/lang/String;)Ljava/lang/Object;+2
j  org.apache.felix.scr.impl.manager.RegistrationManager.changeRegistration(Lorg/apache/felix/scr/impl/manager/RegistrationManager$RegState;[Ljava/lang/String;)Z+697
j  org.apache.felix.scr.impl.manager.AbstractComponentManager.registerService()Z+17
j  org.apache.felix.scr.impl.manager.AbstractComponentManager.activateInternal()V+344
j  org.apache.felix.scr.impl.manager.DependencyManager$SingleStaticCustomizer.addedService(Lorg/osgi/framework/ServiceReference;Lorg/apache/felix/scr/impl/inject/RefPair;IILorg/apache/felix/scr/impl/manager/ExtendedServiceEvent;)V+267
j  org.apache.felix.scr.impl.manager.DependencyManager$SingleStaticCustomizer.addedService(Lorg/osgi/framework/ServiceReference;Ljava/lang/Object;IILorg/osgi/framework/ServiceEvent;)V+14
j  org.apache.felix.scr.impl.manager.ServiceTracker$Tracked.customizerAdded(Lorg/osgi/framework/ServiceReference;Lorg/osgi/framework/ServiceEvent;Ljava/lang/Object;II)V+14
j  org.apache.felix.scr.impl.manager.ServiceTracker$Tracked.customizerAdded(Ljava/lang/Object;Ljava/lang/Object;Ljava/lang/Object;II)V+14
j  org.apache.felix.scr.impl.manager.ServiceTracker$AbstractTracked.trackAdding(Ljava/lang/Object;Ljava/lang/Object;)V+207
j  org.apache.felix.scr.impl.manager.ServiceTracker$AbstractTracked.track(Ljava/lang/Object;Ljava/lang/Object;)V+104
j  org.apache.felix.scr.impl.manager.ServiceTracker$Tracked.serviceChanged(Lorg/osgi/framework/ServiceEvent;)V+67
j  org.apache.felix.scr.impl.BundleComponentActivator$ListenerInfo.serviceChanged(Lorg/osgi/framework/ServiceEvent;)V+66
J 1646 c1 org.eclipse.osgi.internal.serviceregistry.FilteredServiceListener.serviceChanged(Lorg/osgi/framework/ServiceEvent;)V (284 bytes) @ 0x00000180496bd734 [0x00000180496bb460+0x00000000000022d4]
J 1624 c1 org.eclipse.osgi.internal.framework.BundleContextImpl.dispatchEvent(Ljava/lang/Object;Ljava/lang/Object;ILjava/lang/Object;)V (558 bytes) @ 0x00000180496aab74 [0x00000180496a7aa0+0x00000000000030d4]
J 2037 c1 org.eclipse.osgi.framework.eventmgr.EventManager.dispatchEvent(Ljava/util/Set;Lorg/eclipse/osgi/framework/eventmgr/EventDispatcher;ILjava/lang/Object;)V (69 bytes) @ 0x0000018049794774 [0x00000180497942a0+0x00000000000004d4]
j  org.eclipse.osgi.framework.eventmgr.ListenerQueue.dispatchEventSynchronous(ILjava/lang/Object;)V+67
j  org.eclipse.osgi.internal.serviceregistry.ServiceRegistry.publishServiceEventPrivileged(Lorg/osgi/framework/ServiceEvent;)V+320
j  org.eclipse.osgi.internal.serviceregistry.ServiceRegistry.publishServiceEvent(Lorg/osgi/framework/ServiceEvent;)V+8
j  org.eclipse.osgi.internal.serviceregistry.ServiceRegistrationImpl.register(Ljava/util/Dictionary;)V+128
j  org.eclipse.osgi.internal.serviceregistry.ServiceRegistry.registerService(Lorg/eclipse/osgi/internal/framework/BundleContextImpl;[Ljava/lang/String;Ljava/lang/Object;Ljava/util/Dictionary;)Lorg/eclipse/osgi/internal/serviceregistry/ServiceRegistrationImpl;+298
j  org.eclipse.osgi.internal.framework.BundleContextImpl.registerService([Ljava/lang/String;Ljava/lang/Object;Ljava/util/Dictionary;)Lorg/osgi/framework/ServiceRegistration;+15
j  org.apache.felix.scr.impl.manager.AbstractComponentManager$3.register([Ljava/lang/String;)Lorg/osgi/framework/ServiceRegistration;+32
j  org.apache.felix.scr.impl.manager.AbstractComponentManager$3.register([Ljava/lang/String;)Ljava/lang/Object;+2
j  org.apache.felix.scr.impl.manager.RegistrationManager.changeRegistration(Lorg/apache/felix/scr/impl/manager/RegistrationManager$RegState;[Ljava/lang/String;)Z+697
j  org.apache.felix.scr.impl.manager.AbstractComponentManager.registerService()Z+17
j  org.apache.felix.scr.impl.manager.AbstractComponentManager.activateInternal()V+344
j  org.apache.felix.scr.impl.manager.DependencyManager$SingleStaticCustomizer.addedService(Lorg/osgi/framework/ServiceReference;Lorg/apache/felix/scr/impl/inject/RefPair;IILorg/apache/felix/scr/impl/manager/ExtendedServiceEvent;)V+267
j  org.apache.felix.scr.impl.manager.DependencyManager$SingleStaticCustomizer.addedService(Lorg/osgi/framework/ServiceReference;Ljava/lang/Object;IILorg/osgi/framework/ServiceEvent;)V+14
j  org.apache.felix.scr.impl.manager.ServiceTracker$Tracked.customizerAdded(Lorg/osgi/framework/ServiceReference;Lorg/osgi/framework/ServiceEvent;Ljava/lang/Object;II)V+14
j  org.apache.felix.scr.impl.manager.ServiceTracker$Tracked.customizerAdded(Ljava/lang/Object;Ljava/lang/Object;Ljava/lang/Object;II)V+14
j  org.apache.felix.scr.impl.manager.ServiceTracker$AbstractTracked.trackAdding(Ljava/lang/Object;Ljava/lang/Object;)V+207
j  org.apache.felix.scr.impl.manager.ServiceTracker$AbstractTracked.track(Ljava/lang/Object;Ljava/lang/Object;)V+104
j  org.apache.felix.scr.impl.manager.ServiceTracker$Tracked.serviceChanged(Lorg/osgi/framework/ServiceEvent;)V+67
j  org.apache.felix.scr.impl.BundleComponentActivator$ListenerInfo.serviceChanged(Lorg/osgi/framework/ServiceEvent;)V+66
J 1646 c1 org.eclipse.osgi.internal.serviceregistry.FilteredServiceListener.serviceChanged(Lorg/osgi/framework/ServiceEvent;)V (284 bytes) @ 0x00000180496bd734 [0x00000180496bb460+0x00000000000022d4]
J 1624 c1 org.eclipse.osgi.internal.framework.BundleContextImpl.dispatchEvent(Ljava/lang/Object;Ljava/lang/Object;ILjava/lang/Object;)V (558 bytes) @ 0x00000180496aab74 [0x00000180496a7aa0+0x00000000000030d4]
J 2037 c1 org.eclipse.osgi.framework.eventmgr.EventManager.dispatchEvent(Ljava/util/Set;Lorg/eclipse/osgi/framework/eventmgr/EventDispatcher;ILjava/lang/Object;)V (69 bytes) @ 0x0000018049794774 [0x00000180497942a0+0x00000000000004d4]
j  org.eclipse.osgi.framework.eventmgr.ListenerQueue.dispatchEventSynchronous(ILjava/lang/Object;)V+67
j  org.eclipse.osgi.internal.serviceregistry.ServiceRegistry.publishServiceEventPrivileged(Lorg/osgi/framework/ServiceEvent;)V+320
j  org.eclipse.osgi.internal.serviceregistry.ServiceRegistry.publishServiceEvent(Lorg/osgi/framework/ServiceEvent;)V+8
j  org.eclipse.osgi.internal.serviceregistry.ServiceRegistrationImpl.register(Ljava/util/Dictionary;)V+128
j  org.eclipse.osgi.internal.serviceregistry.ServiceRegistry.registerService(Lorg/eclipse/osgi/internal/framework/BundleContextImpl;[Ljava/lang/String;Ljava/lang/Object;Ljava/util/Dictionary;)Lorg/eclipse/osgi/internal/serviceregistry/ServiceRegistrationImpl;+298
j  org.eclipse.osgi.internal.framework.BundleContextImpl.registerService([Ljava/lang/String;Ljava/lang/Object;Ljava/util/Dictionary;)Lorg/osgi/framework/ServiceRegistration;+15
j  org.eclipse.osgi.internal.framework.BundleContextImpl.registerService(Ljava/lang/String;Ljava/lang/Object;Ljava/util/Dictionary;)Lorg/osgi/framework/ServiceRegistration;+15
j  org.eclipse.osgi.internal.framework.BundleContextImpl.registerService(Ljava/lang/Class;Ljava/lang/Object;Ljava/util/Dictionary;)Lorg/osgi/framework/ServiceRegistration;+7
j  org.eclipse.core.resources.ResourcesPlugin$WorkspaceInitCustomizer.addingService(Lorg/osgi/framework/ServiceReference;)Lorg/eclipse/core/internal/resources/Workspace;+83
j  org.eclipse.core.resources.ResourcesPlugin$WorkspaceInitCustomizer.addingService(Lorg/osgi/framework/ServiceReference;)Ljava/lang/Object;+5
j  org.osgi.util.tracker.ServiceTracker$Tracked.customizerAdding(Lorg/osgi/framework/ServiceReference;Lorg/osgi/framework/ServiceEvent;)Ljava/lang/Object;+8
j  org.osgi.util.tracker.ServiceTracker$Tracked.customizerAdding(Ljava/lang/Object;Ljava/lang/Object;)Ljava/lang/Object;+9
j  org.osgi.util.tracker.AbstractTracked.trackAdding(Ljava/lang/Object;Ljava/lang/Object;)V+8
j  org.osgi.util.tracker.AbstractTracked.trackInitial()V+90
j  org.osgi.util.tracker.ServiceTracker.open(Z)V+198
j  org.osgi.util.tracker.ServiceTracker.open()V+2
j  org.eclipse.core.resources.ResourcesPlugin.start(Lorg/osgi/framework/BundleContext;)V+106
j  org.eclipse.osgi.internal.framework.BundleContextImpl$2.run()Ljava/lang/Void;+23
j  org.eclipse.osgi.internal.framework.BundleContextImpl$2.run()Ljava/lang/Object;+1
J 1309 c1 java.security.AccessController.executePrivileged(Ljava/security/PrivilegedExceptionAction;Ljava/security/AccessControlContext;Ljava/lang/Class;)Ljava/lang/Object; java.base@17.0.5 (65 bytes) @ 0x00000180495f3b34 [0x00000180495f39e0+0x0000000000000154]
j  java.security.AccessController.doPrivileged(Ljava/security/PrivilegedExceptionAction;)Ljava/lang/Object;+9 java.base@17.0.5
j  org.eclipse.osgi.internal.framework.BundleContextImpl.startActivator(Lorg/osgi/framework/BundleActivator;)V+9
j  org.eclipse.osgi.internal.framework.BundleContextImpl.start()V+134
j  org.eclipse.osgi.internal.framework.EquinoxBundle.startWorker0()V+35
j  org.eclipse.osgi.internal.framework.EquinoxBundle$EquinoxModule.startWorker()V+4
j  org.eclipse.osgi.container.Module.doStart([Lorg/eclipse/osgi/container/Module$StartOptions;)Lorg/eclipse/osgi/container/ModuleContainerAdaptor$ModuleEvent;+190
j  org.eclipse.osgi.container.Module.start([Lorg/eclipse/osgi/container/Module$StartOptions;)V+460
j  org.eclipse.osgi.framework.util.SecureAction.start(Lorg/eclipse/osgi/container/Module;[Lorg/eclipse/osgi/container/Module$StartOptions;)V+8
J 2029 c1 org.eclipse.osgi.internal.hooks.EclipseLazyStarter.postFindLocalClass(Ljava/lang/String;Ljava/lang/Class;Lorg/eclipse/osgi/internal/loader/classpath/ClasspathManager;)V (394 bytes) @ 0x000001804978d35c [0x000001804978c3e0+0x0000000000000f7c]
J 1823 c1 org.eclipse.osgi.internal.loader.classpath.ClasspathManager.findLocalClass(Ljava/lang/String;)Ljava/lang/Class; (210 bytes) @ 0x0000018049708fd4 [0x0000018049708020+0x0000000000000fb4]
J 1821 c1 org.eclipse.osgi.internal.loader.BundleLoader.findLocalClass(Ljava/lang/String;)Ljava/lang/Class; (152 bytes) @ 0x000001804970616c [0x0000018049705920+0x000000000000084c]
J 1798 c1 org.eclipse.osgi.internal.loader.BundleLoader.findClass0(Ljava/lang/String;ZZ)Ljava/lang/Class; (466 bytes) @ 0x00000180496f8284 [0x00000180496f5ba0+0x00000000000026e4]
J 1758 c1 org.eclipse.osgi.internal.loader.BundleLoader.findClass(Ljava/lang/String;)Ljava/lang/Class; (8 bytes) @ 0x00000180496e021c [0x00000180496e01a0+0x000000000000007c]
J 1760 c1 org.eclipse.osgi.internal.loader.ModuleClassLoader.loadClass(Ljava/lang/String;Z)Ljava/lang/Class; (36 bytes) @ 0x00000180496e153c [0x00000180496e1320+0x000000000000021c]
J 848 c1 java.lang.ClassLoader.loadClass(Ljava/lang/String;)Ljava/lang/Class; java.base@17.0.5 (7 bytes) @ 0x000001804950dcbc [0x000001804950dbc0+0x00000000000000fc]
v  ~StubRoutines::call_stub
j  java.lang.Class.getDeclaredConstructors0(Z)[Ljava/lang/reflect/Constructor;+0 java.base@17.0.5
j  java.lang.Class.privateGetDeclaredConstructors(Z)[Ljava/lang/reflect/Constructor;+52 java.base@17.0.5
j  java.lang.Class.getConstructor0([Ljava/lang/Class;I)Ljava/lang/reflect/Constructor;+14 java.base@17.0.5
j  java.lang.Class.getConstructor([Ljava/lang/Class;)Ljava/lang/reflect/Constructor;+24 java.base@17.0.5
j  org.eclipse.osgi.internal.framework.BundleContextImpl.loadBundleActivator()Lorg/osgi/framework/BundleActivator;+105
j  org.eclipse.osgi.internal.framework.BundleContextImpl.start()V+18
j  org.eclipse.osgi.internal.framework.EquinoxBundle.startWorker0()V+35
j  org.eclipse.osgi.internal.framework.EquinoxBundle$EquinoxModule.startWorker()V+4
j  org.eclipse.osgi.container.Module.doStart([Lorg/eclipse/osgi/container/Module$StartOptions;)Lorg/eclipse/osgi/container/ModuleContainerAdaptor$ModuleEvent;+190
j  org.eclipse.osgi.container.Module.start([Lorg/eclipse/osgi/container/Module$StartOptions;)V+460
j  org.eclipse.osgi.container.ModuleContainer$ContainerStartLevel$2.run()V+71
j  org.eclipse.osgi.internal.framework.EquinoxContainerAdaptor$1$1.execute(Ljava/lang/Runnable;)V+1
j  org.eclipse.osgi.container.ModuleContainer$ContainerStartLevel.incStartLevel(ILjava/util/List;Z)V+192
j  org.eclipse.osgi.container.ModuleContainer$ContainerStartLevel.incStartLevel(ILjava/util/List;Ljava/util/List;Ljava/util/List;Ljava/util/List;)V+19
j  org.eclipse.osgi.container.ModuleContainer$ContainerStartLevel.doContainerStartLevel(Lorg/eclipse/osgi/container/Module;I[Lorg/osgi/framework/FrameworkListener;)V+349
j  org.eclipse.osgi.container.ModuleContainer$ContainerStartLevel.dispatchEvent(Lorg/eclipse/osgi/container/Module;[Lorg/osgi/framework/FrameworkListener;ILjava/lang/Integer;)V+32
j  org.eclipse.osgi.container.ModuleContainer$ContainerStartLevel.dispatchEvent(Ljava/lang/Object;Ljava/lang/Object;ILjava/lang/Object;)V+15
j  org.eclipse.osgi.framework.eventmgr.EventManager.dispatchEvent(Ljava/util/Set;Lorg/eclipse/osgi/framework/eventmgr/EventDispatcher;ILjava/lang/Object;)V+48
j  org.eclipse.osgi.framework.eventmgr.EventManager$EventThread.run()V+26
v  ~StubRoutines::call_stub

---------------  P R O C E S S  ---------------

Threads class SMR info:
_java_thread_list=0x000001805e3d8170, length=21, elements={
0x00000180461827a0, 0x0000018059ff83e0, 0x0000018059ff9b80, 0x000001805ba5ee90,
0x000001805ba5fc10, 0x000001805ba60890, 0x000001805ba622c0, 0x000001805ba62f60,
0x000001804623c760, 0x000001805baf1470, 0x00000180461e6860, 0x000001805bdfece0,
0x000001805cf04ed0, 0x000001805d0bc310, 0x000001805d0bcd50, 0x000001805e1cbf00,
0x000001805e1a9590, 0x000001805df8ae90, 0x000001805df5ea30, 0x000001805cbb0510,
0x000001805cbb21f0
}

Java Threads: ( => current thread )
  0x00000180461827a0 JavaThread "main" [_thread_blocked, id=18908, stack(0x0000002704d00000,0x0000002704e00000)]
  0x0000018059ff83e0 JavaThread "Reference Handler" daemon [_thread_blocked, id=11368, stack(0x0000002705000000,0x0000002705100000)]
  0x0000018059ff9b80 JavaThread "Finalizer" daemon [_thread_blocked, id=14268, stack(0x0000002705100000,0x0000002705200000)]
  0x000001805ba5ee90 JavaThread "Signal Dispatcher" daemon [_thread_blocked, id=17644, stack(0x0000002705200000,0x0000002705300000)]
  0x000001805ba5fc10 JavaThread "Attach Listener" daemon [_thread_blocked, id=12360, stack(0x0000002705300000,0x0000002705400000)]
  0x000001805ba60890 JavaThread "Service Thread" daemon [_thread_blocked, id=4660, stack(0x0000002705400000,0x0000002705500000)]
  0x000001805ba622c0 JavaThread "Monitor Deflation Thread" daemon [_thread_blocked, id=15436, stack(0x0000002705500000,0x0000002705600000)]
  0x000001805ba62f60 JavaThread "C2 CompilerThread0" daemon [_thread_blocked, id=10332, stack(0x0000002705600000,0x0000002705700000)]
  0x000001804623c760 JavaThread "C1 CompilerThread0" daemon [_thread_blocked, id=11424, stack(0x0000002705700000,0x0000002705800000)]
  0x000001805baf1470 JavaThread "Sweeper thread" daemon [_thread_blocked, id=3180, stack(0x0000002705800000,0x0000002705900000)]
  0x00000180461e6860 JavaThread "Common-Cleaner" daemon [_thread_blocked, id=11824, stack(0x0000002705900000,0x0000002705a00000)]
  0x000001805bdfece0 JavaThread "Notification Thread" daemon [_thread_blocked, id=21248, stack(0x0000002705a00000,0x0000002705b00000)]
  0x000001805cf04ed0 JavaThread "Active Thread: Equinox Container: 84116bb8-8a3d-4f9c-ad92-01e7e0083faa" [_thread_blocked, id=11380, stack(0x0000002706300000,0x0000002706400000)]
  0x000001805d0bc310 JavaThread "Framework Event Dispatcher: Equinox Container: 84116bb8-8a3d-4f9c-ad92-01e7e0083faa" daemon [_thread_blocked, id=2756, stack(0x0000002706500000,0x0000002706600000)]
=>0x000001805d0bcd50 JavaThread "Start Level: Equinox Container: 84116bb8-8a3d-4f9c-ad92-01e7e0083faa" daemon [_thread_in_vm, id=13088, stack(0x0000002706600000,0x0000002706700000)]
  0x000001805e1cbf00 JavaThread "SCR Component Actor" daemon [_thread_blocked, id=15988, stack(0x0000002706700000,0x0000002706800000)]
  0x000001805e1a9590 JavaThread "SCR Component Registry" daemon [_thread_blocked, id=8592, stack(0x0000002706200000,0x0000002706300000)]
  0x000001805df8ae90 JavaThread "Worker-JM" [_thread_blocked, id=20664, stack(0x0000002706400000,0x0000002706500000)]
  0x000001805df5ea30 JavaThread "C2 CompilerThread1" daemon [_thread_blocked, id=13856, stack(0x0000002706900000,0x0000002706a00000)]
  0x000001805cbb0510 JavaThread "Worker-0: Checking project encoding" [_thread_blocked, id=10668, stack(0x0000002706b00000,0x0000002706c00000)]
  0x000001805cbb21f0 JavaThread "Worker-1" [_thread_blocked, id=3712, stack(0x0000002706c00000,0x0000002706d00000)]

Other Threads:
  0x00000180462396e0 VMThread "VM Thread" [stack: 0x0000002704f00000,0x0000002705000000] [id=14768]
  0x000001805bd80420 WatcherThread [stack: 0x0000002705b00000,0x0000002705c00000] [id=8960]
  0x0000018046198b50 GCTaskThread "GC Thread#0" [stack: 0x0000002704e00000,0x0000002704f00000] [id=412]
  0x000001805bd91c40 GCTaskThread "GC Thread#1" [stack: 0x0000002705c00000,0x0000002705d00000] [id=13044]
  0x000001805dca65b0 GCTaskThread "GC Thread#2" [stack: 0x0000002705d00000,0x0000002705e00000] [id=9680]
  0x000001805dca6860 GCTaskThread "GC Thread#3" [stack: 0x0000002705e00000,0x0000002705f00000] [id=14308]
  0x000001805d1b4860 GCTaskThread "GC Thread#4" [stack: 0x0000002705f00000,0x0000002706000000] [id=21468]
  0x000001805d1b4b10 GCTaskThread "GC Thread#5" [stack: 0x0000002706000000,0x0000002706100000] [id=16352]
  0x000001805cf427e0 GCTaskThread "GC Thread#6" [stack: 0x0000002706100000,0x0000002706200000] [id=4528]
  0x000001805dfbdac0 GCTaskThread "GC Thread#7" [stack: 0x0000002706800000,0x0000002706900000] [id=16124]

Threads with active compile tasks:

VM state: not at safepoint (normal execution)

VM Mutex/Monitor currently owned by a thread:  ([mutex/lock_event])
[0x000001804617cf10] Metaspace_lock - owner thread: 0x000001805d0bcd50

Heap address: 0x00000000c0000000, size: 1024 MB, Compressed Oops mode: 32-bit

CDS archive(s) not mapped
Compressed class space mapped at: 0x0000000100000000-0x0000000140000000, reserved size: 1073741824
Narrow klass base: 0x0000000000000000, Narrow klass shift: 3, Narrow klass range: 0x140000000

GC Precious Log:
 CPUs: 8 total, 8 available
 Memory: 24420M
 Large Page Support: Disabled
 NUMA Support: Disabled
 Compressed Oops: Enabled (32-bit)
 Alignments: Space 512K, Generation 512K, Heap 2M
 Heap Min Capacity: 100M
 Heap Initial Capacity: 100M
 Heap Max Capacity: 1G
 Pre-touch: Disabled
 Parallel Workers: 8

Heap:
 PSYoungGen      total 29696K, used 16138K [0x00000000eab00000, 0x00000000ecc00000, 0x0000000100000000)
  eden space 25600K, 63% used [0x00000000eab00000,0x00000000ebac28b0,0x00000000ec400000)
  from space 4096K, 0% used [0x00000000ec800000,0x00000000ec800000,0x00000000ecc00000)
  to   space 4096K, 0% used [0x00000000ec400000,0x00000000ec400000,0x00000000ec800000)
 ParOldGen       total 68608K, used 8465K [0x00000000c0000000, 0x00000000c4300000, 0x00000000eab00000)
  object space 68608K, 12% used [0x00000000c0000000,0x00000000c0844570,0x00000000c4300000)
 Metaspace       used 23000K, committed 23488K, reserved 1073152K
  class space    used 2348K, committed 2560K, reserved 1048576K

Card table byte_map: [0x0000018045b50000,0x0000018045d60000] _byte_map_base: 0x0000018045550000

Marking Bits: (ParMarkBitMap*) 0x00007ffde32a0dd0
 Begin Bits: [0x0000018057e00000, 0x0000018058e00000)
 End Bits:   [0x0000018058e00000, 0x0000018059e00000)

Polling page: 0x0000018045940000

Metaspace:

Usage:
  Non-class:     20.17 MB used.
      Class:      2.29 MB used.
       Both:     22.46 MB used.

Virtual space:
  Non-class space:       24.00 MB reserved,      20.44 MB ( 85%) committed,  3 nodes.
      Class space:        1.00 GB reserved,       2.50 MB ( <1%) committed,  1 nodes.
             Both:        1.02 GB reserved,      22.94 MB (  2%) committed. 

Chunk freelists:
   Non-Class:  2.61 MB
       Class:  1.56 MB
        Both:  4.17 MB

MaxMetaspaceSize: unlimited
CompressedClassSpaceSize: 1.00 GB
Initial GC threshold: 21.00 MB
Current GC threshold: 35.00 MB
CDS: off
MetaspaceReclaimPolicy: balanced
 - commit_granule_bytes: 65536.
 - commit_granule_words: 8192.
 - virtual_space_node_default_size: 1048576.
 - enlarge_chunks_in_place: 1.
 - new_chunks_are_fully_committed: 0.
 - uncommit_free_chunks: 1.
 - use_allocation_guard: 0.
 - handle_deallocations: 1.


Internal statistics:

num_allocs_failed_limit: 3.
num_arena_births: 188.
num_arena_deaths: 14.
num_vsnodes_births: 4.
num_vsnodes_deaths: 0.
num_space_committed: 367.
num_space_uncommitted: 0.
num_chunks_returned_to_freelist: 17.
num_chunks_taken_from_freelist: 745.
num_chunk_merges: 4.
num_chunk_splits: 496.
num_chunks_enlarged: 353.
num_purges: 2.
num_inconsistent_stats: 0.

CodeHeap 'non-profiled nmethods': size=120000Kb used=1148Kb max_used=1148Kb free=118851Kb
 bounds [0x00000180508d0000, 0x0000018050b40000, 0x0000018057e00000]
CodeHeap 'profiled nmethods': size=120000Kb used=5411Kb max_used=5411Kb free=114588Kb
 bounds [0x00000180493a0000, 0x00000180498f0000, 0x00000180508d0000]
CodeHeap 'non-nmethods': size=5760Kb used=1187Kb max_used=1238Kb free=4572Kb
 bounds [0x0000018048e00000, 0x0000018049070000, 0x00000180493a0000]
 total_blobs=3153 nmethods=2662 adapters=405
 compilation: enabled
              stopped_count=0, restarted_count=0
 full_count=0

Compilation events (20 events):
Event: 4.916 Thread 0x000001804623c760 nmethod 2652 0x00000180498e1110 code [0x00000180498e12c0, 0x00000180498e1478]
Event: 4.916 Thread 0x000001804623c760 2654       3       java.util.TreeMap::put (221 bytes)
Event: 4.917 Thread 0x000001804623c760 nmethod 2654 0x00000180498e1590 code [0x00000180498e17e0, 0x00000180498e2328]
Event: 4.917 Thread 0x000001804623c760 2653       3       java.util.TreeMap::put (8 bytes)
Event: 4.917 Thread 0x000001804623c760 nmethod 2653 0x00000180498e2610 code [0x00000180498e27a0, 0x00000180498e28e8]
Event: 4.917 Thread 0x000001804623c760 2655       3       java.lang.reflect.Field::acquireFieldAccessor (59 bytes)
Event: 4.918 Thread 0x000001804623c760 nmethod 2655 0x00000180498e2990 code [0x00000180498e2b80, 0x00000180498e3098]
Event: 4.918 Thread 0x000001804623c760 2656       3       java.lang.reflect.Field::set (30 bytes)
Event: 4.918 Thread 0x000001804623c760 nmethod 2656 0x00000180498e3210 code [0x00000180498e33e0, 0x00000180498e37b8]
Event: 4.918 Thread 0x000001804623c760 2659  s!   3       org.eclipse.osgi.util.NLS$MessagesProperties::put (168 bytes)
Event: 4.920 Thread 0x000001804623c760 nmethod 2659 0x00000180498e3910 code [0x00000180498e3d60, 0x00000180498e5b48]
Event: 4.920 Thread 0x000001804623c760 2660       3       jdk.internal.reflect.UnsafeStaticObjectFieldAccessorImpl::set (54 bytes)
Event: 4.920 Thread 0x000001804623c760 nmethod 2660 0x00000180498e6610 code [0x00000180498e6840, 0x00000180498e70e8]
Event: 4.920 Thread 0x000001805df5ea30 2661       4       java.util.concurrent.locks.ReentrantLock::lock (8 bytes)
Event: 4.921 Thread 0x000001805ba62f60 nmethod 2651 0x00000180509ee090 code [0x00000180509ee240, 0x00000180509ee7d8]
Event: 4.921 Thread 0x000001804623c760 2663   !   3       org.eclipse.osgi.internal.serviceregistry.ServiceProperties::cloneValue (106 bytes)
Event: 4.921 Thread 0x000001804623c760 nmethod 2663 0x00000180498e7390 code [0x00000180498e7660, 0x00000180498e8618]
Event: 4.922 Thread 0x000001804623c760 2662       3       org.apache.felix.scr.impl.manager.DependencyManager$AbstractCustomizer::getTracker (8 bytes)
Event: 4.922 Thread 0x000001805df5ea30 nmethod 2661 0x00000180509eec90 code [0x00000180509eee20, 0x00000180509eef58]
Event: 4.922 Thread 0x000001804623c760 nmethod 2662 0x00000180498e8a10 code [0x00000180498e8ba0, 0x00000180498e8cd8]

GC Heap History (10 events):
Event: 1.533 GC heap before
{Heap before GC invocations=1 (full 0):
 PSYoungGen      total 29696K, used 25600K [0x00000000eab00000, 0x00000000ecc00000, 0x0000000100000000)
  eden space 25600K, 100% used [0x00000000eab00000,0x00000000ec400000,0x00000000ec400000)
  from space 4096K, 0% used [0x00000000ec800000,0x00000000ec800000,0x00000000ecc00000)
  to   space 4096K, 0% used [0x00000000ec400000,0x00000000ec400000,0x00000000ec800000)
 ParOldGen       total 68608K, used 0K [0x00000000c0000000, 0x00000000c4300000, 0x00000000eab00000)
  object space 68608K, 0% used [0x00000000c0000000,0x00000000c0000000,0x00000000c4300000)
 Metaspace       used 10951K, committed 11072K, reserved 1064960K
  class space    used 1088K, committed 1152K, reserved 1048576K
}
Event: 1.539 GC heap after
{Heap after GC invocations=1 (full 0):
 PSYoungGen      total 29696K, used 3688K [0x00000000eab00000, 0x00000000ecc00000, 0x0000000100000000)
  eden space 25600K, 0% used [0x00000000eab00000,0x00000000eab00000,0x00000000ec400000)
  from space 4096K, 90% used [0x00000000ec400000,0x00000000ec79a208,0x00000000ec800000)
  to   space 4096K, 0% used [0x00000000ec800000,0x00000000ec800000,0x00000000ecc00000)
 ParOldGen       total 68608K, used 16K [0x00000000c0000000, 0x00000000c4300000, 0x00000000eab00000)
  object space 68608K, 0% used [0x00000000c0000000,0x00000000c0004000,0x00000000c4300000)
 Metaspace       used 10951K, committed 11072K, reserved 1064960K
  class space    used 1088K, committed 1152K, reserved 1048576K
}
Event: 2.618 GC heap before
{Heap before GC invocations=2 (full 0):
 PSYoungGen      total 29696K, used 29288K [0x00000000eab00000, 0x00000000ecc00000, 0x0000000100000000)
  eden space 25600K, 100% used [0x00000000eab00000,0x00000000ec400000,0x00000000ec400000)
  from space 4096K, 90% used [0x00000000ec400000,0x00000000ec79a208,0x00000000ec800000)
  to   space 4096K, 0% used [0x00000000ec800000,0x00000000ec800000,0x00000000ecc00000)
 ParOldGen       total 68608K, used 16K [0x00000000c0000000, 0x00000000c4300000, 0x00000000eab00000)
  object space 68608K, 0% used [0x00000000c0000000,0x00000000c0004000,0x00000000c4300000)
 Metaspace       used 14793K, committed 15104K, reserved 1064960K
  class space    used 1495K, committed 1664K, reserved 1048576K
}
Event: 2.623 GC heap after
{Heap after GC invocations=2 (full 0):
 PSYoungGen      total 29696K, used 4077K [0x00000000eab00000, 0x00000000ecc00000, 0x0000000100000000)
  eden space 25600K, 0% used [0x00000000eab00000,0x00000000eab00000,0x00000000ec400000)
  from space 4096K, 99% used [0x00000000ec800000,0x00000000ecbfb708,0x00000000ecc00000)
  to   space 4096K, 0% used [0x00000000ec400000,0x00000000ec400000,0x00000000ec800000)
 ParOldGen       total 68608K, used 1967K [0x00000000c0000000, 0x00000000c4300000, 0x00000000eab00000)
  object space 68608K, 2% used [0x00000000c0000000,0x00000000c01ebda0,0x00000000c4300000)
 Metaspace       used 14793K, committed 15104K, reserved 1064960K
  class space    used 1495K, committed 1664K, reserved 1048576K
}
Event: 3.613 GC heap before
{Heap before GC invocations=3 (full 0):
 PSYoungGen      total 29696K, used 29677K [0x00000000eab00000, 0x00000000ecc00000, 0x0000000100000000)
  eden space 25600K, 100% used [0x00000000eab00000,0x00000000ec400000,0x00000000ec400000)
  from space 4096K, 99% used [0x00000000ec800000,0x00000000ecbfb708,0x00000000ecc00000)
  to   space 4096K, 0% used [0x00000000ec400000,0x00000000ec400000,0x00000000ec800000)
 ParOldGen       total 68608K, used 1967K [0x00000000c0000000, 0x00000000c4300000, 0x00000000eab00000)
  object space 68608K, 2% used [0x00000000c0000000,0x00000000c01ebda0,0x00000000c4300000)
 Metaspace       used 19899K, committed 20224K, reserved 1073152K
  class space    used 2012K, committed 2176K, reserved 1048576K
}
Event: 3.617 GC heap after
{Heap after GC invocations=3 (full 0):
 PSYoungGen      total 29696K, used 4089K [0x00000000eab00000, 0x00000000ecc00000, 0x0000000100000000)
  eden space 25600K, 0% used [0x00000000eab00000,0x00000000eab00000,0x00000000ec400000)
  from space 4096K, 99% used [0x00000000ec400000,0x00000000ec7fe4c8,0x00000000ec800000)
  to   space 4096K, 0% used [0x00000000ec800000,0x00000000ec800000,0x00000000ecc00000)
 ParOldGen       total 68608K, used 3739K [0x00000000c0000000, 0x00000000c4300000, 0x00000000eab00000)
  object space 68608K, 5% used [0x00000000c0000000,0x00000000c03a6f78,0x00000000c4300000)
 Metaspace       used 19899K, committed 20224K, reserved 1073152K
  class space    used 2012K, committed 2176K, reserved 1048576K
}
Event: 4.270 GC heap before
{Heap before GC invocations=4 (full 0):
 PSYoungGen      total 29696K, used 13630K [0x00000000eab00000, 0x00000000ecc00000, 0x0000000100000000)
  eden space 25600K, 37% used [0x00000000eab00000,0x00000000eb451418,0x00000000ec400000)
  from space 4096K, 99% used [0x00000000ec400000,0x00000000ec7fe4c8,0x00000000ec800000)
  to   space 4096K, 0% used [0x00000000ec800000,0x00000000ec800000,0x00000000ecc00000)
 ParOldGen       total 68608K, used 3739K [0x00000000c0000000, 0x00000000c4300000, 0x00000000eab00000)
  object space 68608K, 5% used [0x00000000c0000000,0x00000000c03a6f78,0x00000000c4300000)
 Metaspace       used 21092K, committed 21504K, reserved 1073152K
  class space    used 2125K, committed 2240K, reserved 1048576K
}
Event: 4.273 GC heap after
{Heap after GC invocations=4 (full 0):
 PSYoungGen      total 29696K, used 4089K [0x00000000eab00000, 0x00000000ecc00000, 0x0000000100000000)
  eden space 25600K, 0% used [0x00000000eab00000,0x00000000eab00000,0x00000000ec400000)
  from space 4096K, 99% used [0x00000000ec800000,0x00000000ecbfe4c8,0x00000000ecc00000)
  to   space 4096K, 0% used [0x00000000ec400000,0x00000000ec400000,0x00000000ec800000)
 ParOldGen       total 68608K, used 4600K [0x00000000c0000000, 0x00000000c4300000, 0x00000000eab00000)
  object space 68608K, 6% used [0x00000000c0000000,0x00000000c047e260,0x00000000c4300000)
 Metaspace       used 21092K, committed 21504K, reserved 1073152K
  class space    used 2125K, committed 2240K, reserved 1048576K
}
Event: 4.273 GC heap before
{Heap before GC invocations=5 (full 1):
 PSYoungGen      total 29696K, used 4089K [0x00000000eab00000, 0x00000000ecc00000, 0x0000000100000000)
  eden space 25600K, 0% used [0x00000000eab00000,0x00000000eab00000,0x00000000ec400000)
  from space 4096K, 99% used [0x00000000ec800000,0x00000000ecbfe4c8,0x00000000ecc00000)
  to   space 4096K, 0% used [0x00000000ec400000,0x00000000ec400000,0x00000000ec800000)
 ParOldGen       total 68608K, used 4600K [0x00000000c0000000, 0x00000000c4300000, 0x00000000eab00000)
  object space 68608K, 6% used [0x00000000c0000000,0x00000000c047e260,0x00000000c4300000)
 Metaspace       used 21092K, committed 21504K, reserved 1073152K
  class space    used 2125K, committed 2240K, reserved 1048576K
}
Event: 4.300 GC heap after
{Heap after GC invocations=5 (full 1):
 PSYoungGen      total 29696K, used 0K [0x00000000eab00000, 0x00000000ecc00000, 0x0000000100000000)
  eden space 25600K, 0% used [0x00000000eab00000,0x00000000eab00000,0x00000000ec400000)
  from space 4096K, 0% used [0x00000000ec800000,0x00000000ec800000,0x00000000ecc00000)
  to   space 4096K, 0% used [0x00000000ec400000,0x00000000ec400000,0x00000000ec800000)
 ParOldGen       total 68608K, used 8465K [0x00000000c0000000, 0x00000000c4300000, 0x00000000eab00000)
  object space 68608K, 12% used [0x00000000c0000000,0x00000000c0844570,0x00000000c4300000)
 Metaspace       used 21079K, committed 21504K, reserved 1073152K
  class space    used 2121K, committed 2240K, reserved 1048576K
}

Dll operation events (9 events):
Event: 0.006 Loaded shared library c:\Users\admin\.vscode\extensions\redhat.java-1.13.0-win32-x64\jre\17.0.5-win32-x86_64\bin\java.dll
Event: 0.381 Loaded shared library c:\Users\admin\.vscode\extensions\redhat.java-1.13.0-win32-x64\jre\17.0.5-win32-x86_64\bin\zip.dll
Event: 0.384 Loaded shared library C:\Users\admin\.vscode\extensions\redhat.java-1.13.0-win32-x64\jre\17.0.5-win32-x86_64\bin\instrument.dll
Event: 0.401 Loaded shared library C:\Users\admin\.vscode\extensions\redhat.java-1.13.0-win32-x64\jre\17.0.5-win32-x86_64\bin\net.dll
Event: 0.403 Loaded shared library C:\Users\admin\.vscode\extensions\redhat.java-1.13.0-win32-x64\jre\17.0.5-win32-x86_64\bin\nio.dll
Event: 0.410 Loaded shared library C:\Users\admin\.vscode\extensions\redhat.java-1.13.0-win32-x64\jre\17.0.5-win32-x86_64\bin\zip.dll
Event: 0.446 Loaded shared library C:\Users\admin\.vscode\extensions\redhat.java-1.13.0-win32-x64\jre\17.0.5-win32-x86_64\bin\jimage.dll
Event: 0.606 Loaded shared library c:\Users\admin\.vscode\extensions\redhat.java-1.13.0-win32-x64\jre\17.0.5-win32-x86_64\bin\verify.dll
Event: 2.437 Loaded shared library C:\Users\admin\AppData\Roaming\Code\User\globalStorage\redhat.java\1.13.0\config_win\org.eclipse.equinox.launcher\org.eclipse.equinox.launcher.win32.win32.x86_64_1.2.600.v20220720-1916\eclipse_11700.dll

Deoptimization events (20 events):
Event: 4.618 Thread 0x000001805d0bcd50 DEOPT PACKING pc=0x00000180509af928 sp=0x00000027066f1d10
Event: 4.619 Thread 0x000001805d0bcd50 DEOPT UNPACKING pc=0x0000018048e520a3 sp=0x00000027066f1d08 mode 2
Event: 4.633 Thread 0x000001805d0bcd50 DEOPT PACKING pc=0x0000018049526e1e sp=0x00000027066f1e50
Event: 4.633 Thread 0x000001805d0bcd50 DEOPT UNPACKING pc=0x0000018048e52843 sp=0x00000027066f1348 mode 0
Event: 4.637 Thread 0x000001805d0bcd50 Uncommon trap: trap_request=0xffffffc6 fr.pc=0x00000180509af928 relative=0x0000000000000f48
Event: 4.637 Thread 0x000001805d0bcd50 Uncommon trap: reason=bimorphic_or_optimized_type_check action=maybe_recompile pc=0x00000180509af928 method=java.io.FilterInputStream.read([BII)I @ 7 c2
Event: 4.637 Thread 0x000001805d0bcd50 DEOPT PACKING pc=0x00000180509af928 sp=0x00000027066f1d10
Event: 4.637 Thread 0x000001805d0bcd50 DEOPT UNPACKING pc=0x0000018048e520a3 sp=0x00000027066f1d08 mode 2
Event: 4.637 Thread 0x000001805d0bcd50 Uncommon trap: trap_request=0xffffffc6 fr.pc=0x00000180509af928 relative=0x0000000000000f48
Event: 4.637 Thread 0x000001805d0bcd50 Uncommon trap: reason=bimorphic_or_optimized_type_check action=maybe_recompile pc=0x00000180509af928 method=java.io.FilterInputStream.read([BII)I @ 7 c2
Event: 4.637 Thread 0x000001805d0bcd50 DEOPT PACKING pc=0x00000180509af928 sp=0x00000027066f1d10
Event: 4.637 Thread 0x000001805d0bcd50 DEOPT UNPACKING pc=0x0000018048e520a3 sp=0x00000027066f1d08 mode 2
Event: 4.638 Thread 0x000001805d0bcd50 Uncommon trap: trap_request=0xffffffc6 fr.pc=0x00000180509af928 relative=0x0000000000000f48
Event: 4.638 Thread 0x000001805d0bcd50 Uncommon trap: reason=bimorphic_or_optimized_type_check action=maybe_recompile pc=0x00000180509af928 method=java.io.FilterInputStream.read([BII)I @ 7 c2
Event: 4.638 Thread 0x000001805d0bcd50 DEOPT PACKING pc=0x00000180509af928 sp=0x00000027066f1d10
Event: 4.638 Thread 0x000001805d0bcd50 DEOPT UNPACKING pc=0x0000018048e520a3 sp=0x00000027066f1d08 mode 2
Event: 4.756 Thread 0x000001805d0bcd50 Uncommon trap: trap_request=0xffffff45 fr.pc=0x00000180509b8bc8 relative=0x0000000000000aa8
Event: 4.756 Thread 0x000001805d0bcd50 Uncommon trap: reason=unstable_if action=reinterpret pc=0x00000180509b8bc8 method=java.io.BufferedInputStream.read([BII)I @ 31 c2
Event: 4.756 Thread 0x000001805d0bcd50 DEOPT PACKING pc=0x00000180509b8bc8 sp=0x00000027066f3aa0
Event: 4.756 Thread 0x000001805d0bcd50 DEOPT UNPACKING pc=0x0000018048e520a3 sp=0x00000027066f3a78 mode 2

Classes unloaded (7 events):
Event: 4.277 Thread 0x00000180462396e0 Unloading class 0x0000000100216400 'java/lang/invoke/LambdaForm$MH+0x0000000100216400'
Event: 4.277 Thread 0x00000180462396e0 Unloading class 0x0000000100216000 'java/lang/invoke/LambdaForm$MH+0x0000000100216000'
Event: 4.277 Thread 0x00000180462396e0 Unloading class 0x0000000100215c00 'java/lang/invoke/LambdaForm$MH+0x0000000100215c00'
Event: 4.277 Thread 0x00000180462396e0 Unloading class 0x0000000100215800 'java/lang/invoke/LambdaForm$MH+0x0000000100215800'
Event: 4.277 Thread 0x00000180462396e0 Unloading class 0x0000000100215000 'java/lang/invoke/LambdaForm$BMH+0x0000000100215000'
Event: 4.277 Thread 0x00000180462396e0 Unloading class 0x0000000100214c00 'java/lang/invoke/LambdaForm$DMH+0x0000000100214c00'
Event: 4.277 Thread 0x00000180462396e0 Unloading class 0x0000000100212000 'java/lang/invoke/LambdaForm$DMH+0x0000000100212000'

Classes redefined (0 events):
No events

Internal exceptions (20 events):
Event: 2.433 Thread 0x00000180461827a0 Exception <a 'java/lang/UnsatisfiedLinkError'{0x00000000ebeaca38}: 'void org.eclipse.equinox.launcher.JNIBridge._update_splash()'> (0x00000000ebeaca38) 
thrown [s\src\hotspot\share\prims\nativeLookup.cpp, line 543]
Event: 2.503 Thread 0x000001805d0bcd50 Exception <a 'java/lang/NoSuchMethodError'{0x00000000ec189308}: 'java.lang.Object java.lang.invoke.DirectMethodHandle$Holder.invokeStaticInit(java.lang.Object)'> (0x00000000ec189308) 
thrown [s\src\hotspot\share\interpreter\linkResolver.cpp, line 759]
Event: 3.006 Thread 0x000001805d0bcd50 Exception <a 'java/io/FileNotFoundException'{0x00000000eb473ee0}> (0x00000000eb473ee0) 
thrown [s\src\hotspot\share\prims\jni.cpp, line 516]
Event: 3.017 Thread 0x000001805d0bcd50 Exception <a 'java/lang/NullPointerException'{0x00000000eb4c9b80}> (0x00000000eb4c9b80) 
thrown [s\src\hotspot\share\interpreter\linkResolver.cpp, line 1350]
Event: 3.017 Thread 0x000001805d0bcd50 Exception <a 'java/lang/NullPointerException'{0x00000000eb4ca3a8}> (0x00000000eb4ca3a8) 
thrown [s\src\hotspot\share\interpreter\linkResolver.cpp, line 1350]
Event: 3.152 Thread 0x000001805d0bcd50 Exception <a 'java/lang/NoSuchMethodError'{0x00000000eb7d1300}: 'java.lang.Object java.lang.invoke.Invokers$Holder.invokeExact_MT(java.lang.Object, java.lang.Object, java.lang.Object, java.lang.Object, java.lang.Object, java.lang.Object)'> (0x00000000eb7d1300) 
thrown [s\src\hotspot\share\interpreter\linkResolver.cpp, line 759]
Event: 3.317 Thread 0x000001805d0bcd50 Exception <a 'java/lang/NoSuchMethodError'{0x00000000ebbeaa60}: 'void java.lang.invoke.DirectMethodHandle$Holder.invokeInterface(java.lang.Object, java.lang.Object, java.lang.Object)'> (0x00000000ebbeaa60) 
thrown [s\src\hotspot\share\interpreter\linkResolver.cpp, line 759]
Event: 3.469 Thread 0x000001805d0bcd50 Exception <a 'java/lang/NoSuchMethodError'{0x00000000ebfeb088}: 'java.lang.Object java.lang.invoke.DirectMethodHandle$Holder.invokeStatic(java.lang.Object, java.lang.Object, int)'> (0x00000000ebfeb088) 
thrown [s\src\hotspot\share\interpreter\linkResolver.cpp, line 759]
Event: 3.470 Thread 0x000001805d0bcd50 Exception <a 'java/lang/NoSuchMethodError'{0x00000000ebfefc38}: 'void java.lang.invoke.DirectMethodHandle$Holder.invokeStatic(java.lang.Object, java.lang.Object, int, java.lang.Object)'> (0x00000000ebfefc38) 
thrown [s\src\hotspot\share\interpreter\linkResolver.cpp, line 759]
Event: 3.471 Thread 0x000001805d0bcd50 Exception <a 'java/lang/NoSuchMethodError'{0x00000000ebff7368}: 'void java.lang.invoke.DelegatingMethodHandle$Holder.delegate(java.lang.Object, java.lang.Object, int, java.lang.Object)'> (0x00000000ebff7368) 
thrown [s\src\hotspot\share\interpreter\linkResolver.cpp, line 759]
Event: 3.471 Thread 0x000001805d0bcd50 Exception <a 'java/lang/NoSuchMethodError'{0x00000000ebffbd58}: 'int java.lang.invoke.DirectMethodHandle$Holder.invokeSpecial(java.lang.Object, java.lang.Object, java.lang.Object)'> (0x00000000ebffbd58) 
thrown [s\src\hotspot\share\interpreter\linkResolver.cpp, line 759]
Event: 3.472 Thread 0x000001805d0bcd50 Exception <a 'java/lang/NoSuchMethodError'{0x00000000ec00d368}: 'int java.lang.invoke.DirectMethodHandle$Holder.invokeStatic(java.lang.Object, java.lang.Object, int)'> (0x00000000ec00d368) 
thrown [s\src\hotspot\share\interpreter\linkResolver.cpp, line 759]
Event: 3.472 Thread 0x000001805d0bcd50 Exception <a 'java/lang/NoSuchMethodError'{0x00000000ec011390}: 'int java.lang.invoke.DirectMethodHandle$Holder.invokeSpecial(java.lang.Object, java.lang.Object, java.lang.Object, int)'> (0x00000000ec011390) 
thrown [s\src\hotspot\share\interpreter\linkResolver.cpp, line 759]
Event: 3.477 Thread 0x000001805d0bcd50 Exception <a 'java/lang/NoSuchMethodError'{0x00000000ec02d088}: 'java.lang.Object java.lang.invoke.DirectMethodHandle$Holder.invokeStatic(java.lang.Object, java.lang.Object, java.lang.Object, java.lang.Object, int)'> (0x00000000ec02d088) 
thrown [s\src\hotspot\share\interpreter\linkResolver.cpp, line 759]
Event: 3.479 Thread 0x000001805d0bcd50 Exception <a 'java/lang/NoSuchMethodError'{0x00000000ec039450}: 'java.lang.Object java.lang.invoke.DelegatingMethodHandle$Holder.reinvoke_L(java.lang.Object, java.lang.Object, java.lang.Object, java.lang.Object, int, int)'> (0x00000000ec039450) 
thrown [s\src\hotspot\share\interpreter\linkResolver.cpp, line 759]
Event: 3.481 Thread 0x000001805d0bcd50 Exception <a 'java/lang/NoSuchMethodError'{0x00000000ec050d38}: 'java.lang.Object java.lang.invoke.Invokers$Holder.invokeExact_MT(java.lang.Object, java.lang.Object, java.lang.Object, java.lang.Object)'> (0x00000000ec050d38) 
thrown [s\src\hotspot\share\interpreter\linkResolver.cpp, line 759]
Event: 4.200 Thread 0x000001805d0bcd50 Exception <a 'java/lang/NoSuchMethodError'{0x00000000eb2a6b50}: 'int java.lang.invoke.DirectMethodHandle$Holder.invokeStaticInit(java.lang.Object, java.lang.Object, java.lang.Object)'> (0x00000000eb2a6b50) 
thrown [s\src\hotspot\share\interpreter\linkResolver.cpp, line 759]
Event: 4.213 Thread 0x000001805d0bcd50 Exception <a 'java/lang/IncompatibleClassChangeError'{0x00000000eb30d8f0}: Found class java.lang.Object, but interface was expected> (0x00000000eb30d8f0) 
thrown [s\src\hotspot\share\interpreter\linkResolver.cpp, line 826]
Event: 4.655 Thread 0x000001805d0bcd50 Exception <a 'java/io/FileNotFoundException'{0x00000000eb4a8af0}> (0x00000000eb4a8af0) 
thrown [s\src\hotspot\share\prims\jni.cpp, line 516]
Event: 4.868 Thread 0x000001805d0bcd50 Exception <a 'java/lang/NoSuchMethodError'{0x00000000eb90e818}: 'void java.lang.invoke.DirectMethodHandle$Holder.invokeSpecial(java.lang.Object, java.lang.Object, java.lang.Object, int)'> (0x00000000eb90e818) 
thrown [s\src\hotspot\share\interpreter\linkResolver.cpp, line 759]

VM Operations (20 events):
Event: 3.221 Executing VM operation: HandshakeAllThreads
Event: 3.222 Executing VM operation: HandshakeAllThreads done
Event: 3.255 Executing VM operation: HandshakeAllThreads
Event: 3.255 Executing VM operation: HandshakeAllThreads done
Event: 3.258 Executing VM operation: HandshakeAllThreads
Event: 3.258 Executing VM operation: HandshakeAllThreads done
Event: 3.469 Executing VM operation: HandshakeAllThreads
Event: 3.469 Executing VM operation: HandshakeAllThreads done
Event: 3.613 Executing VM operation: ParallelGCFailedAllocation
Event: 3.617 Executing VM operation: ParallelGCFailedAllocation done
Event: 4.269 Executing VM operation: CollectForMetadataAllocation
Event: 4.300 Executing VM operation: CollectForMetadataAllocation done
Event: 4.301 Executing VM operation: HandshakeAllThreads
Event: 4.301 Executing VM operation: HandshakeAllThreads done
Event: 4.674 Executing VM operation: HandshakeAllThreads
Event: 4.674 Executing VM operation: HandshakeAllThreads done
Event: 4.856 Executing VM operation: HandshakeAllThreads
Event: 4.856 Executing VM operation: HandshakeAllThreads done
Event: 4.857 Executing VM operation: HandshakeAllThreads
Event: 4.857 Executing VM operation: HandshakeAllThreads done

Events (20 events):
Event: 4.905 loading class jdk/internal/reflect/UnsafeQualifiedStaticLongFieldAccessorImpl
Event: 4.905 loading class jdk/internal/reflect/UnsafeQualifiedStaticLongFieldAccessorImpl done
Event: 4.906 loading class jdk/internal/reflect/SerializationConstructorAccessorImpl
Event: 4.906 loading class jdk/internal/reflect/SerializationConstructorAccessorImpl done
Event: 4.908 loading class java/io/ClassCache$CacheRef
Event: 4.908 loading class java/io/ClassCache$CacheRef done
Event: 4.908 loading class java/io/ObjectStreamClass$FieldReflectorKey
Event: 4.908 loading class java/io/ObjectStreamClass$FieldReflectorKey done
Event: 4.908 loading class java/io/ObjectStreamClass$FieldReflector
Event: 4.909 loading class java/io/ObjectStreamClass$FieldReflector done
Event: 4.911 loading class java/io/ObjectStreamClass$ClassDataSlot
Event: 4.911 loading class java/io/ObjectStreamClass$ClassDataSlot done
Event: 4.911 loading class java/io/ObjectInputStream$FieldValues
Event: 4.911 loading class java/io/ObjectInputStream$GetField
Event: 4.911 loading class java/io/ObjectInputStream$GetField done
Event: 4.911 loading class java/io/ObjectInputStream$FieldValues done
Event: 4.913 loading class java/io/SerialCallbackContext
Event: 4.913 loading class java/io/SerialCallbackContext done
Event: 4.914 loading class java/util/HashMap$UnsafeHolder
Event: 4.914 loading class java/util/HashMap$UnsafeHolder done


Dynamic libraries:
0x00007ff71b390000 - 0x00007ff71b39e000 	c:\Users\admin\.vscode\extensions\redhat.java-1.13.0-win32-x64\jre\17.0.5-win32-x86_64\bin\java.exe
0x00007ffe56b20000 - 0x00007ffe56d10000 	C:\Windows\SYSTEM32\ntdll.dll
0x00007ffe56900000 - 0x00007ffe569b2000 	C:\Windows\System32\KERNEL32.DLL
0x00007ffe53c80000 - 0x00007ffe53f23000 	C:\Windows\System32\KERNELBASE.dll
0x00007ffe53ae0000 - 0x00007ffe53bda000 	C:\Windows\System32\ucrtbase.dll
0x00007ffe38a50000 - 0x00007ffe38a67000 	c:\Users\admin\.vscode\extensions\redhat.java-1.13.0-win32-x64\jre\17.0.5-win32-x86_64\bin\jli.dll
0x00007ffe54ea0000 - 0x00007ffe55034000 	C:\Windows\System32\USER32.dll
0x00007ffe53ab0000 - 0x00007ffe53ad1000 	C:\Windows\System32\win32u.dll
0x00007ffe55af0000 - 0x00007ffe55b16000 	C:\Windows\System32\GDI32.dll
0x00007ffe549d0000 - 0x00007ffe54b64000 	C:\Windows\System32\gdi32full.dll
0x00007ffe53be0000 - 0x00007ffe53c7e000 	C:\Windows\System32\msvcp_win.dll
0x00007ffe2c240000 - 0x00007ffe2c259000 	c:\Users\admin\.vscode\extensions\redhat.java-1.13.0-win32-x64\jre\17.0.5-win32-x86_64\bin\VCRUNTIME140.dll
0x00007ffe52ef0000 - 0x00007ffe53175000 	C:\Windows\WinSxS\amd64_microsoft.windows.common-controls_6595b64144ccf1df_6.0.18362.719_none_e6c7b883130c6729\COMCTL32.dll
0x00007ffe56860000 - 0x00007ffe568fe000 	C:\Windows\System32\msvcrt.dll
0x00007ffe55e60000 - 0x00007ffe56196000 	C:\Windows\System32\combase.dll
0x00007ffe569c0000 - 0x00007ffe56ae0000 	C:\Windows\System32\RPCRT4.dll
0x00007ffe54830000 - 0x00007ffe548b0000 	C:\Windows\System32\bcryptPrimitives.dll
0x00007ffe55cf0000 - 0x00007ffe55d1e000 	C:\Windows\System32\IMM32.DLL
0x00007ffe4c620000 - 0x00007ffe4c62c000 	c:\Users\admin\.vscode\extensions\redhat.java-1.13.0-win32-x64\jre\17.0.5-win32-x86_64\bin\vcruntime140_1.dll
0x00007ffe16d50000 - 0x00007ffe16de1000 	c:\Users\admin\.vscode\extensions\redhat.java-1.13.0-win32-x64\jre\17.0.5-win32-x86_64\bin\msvcp140.dll
0x00007ffde2720000 - 0x00007ffde3364000 	c:\Users\admin\.vscode\extensions\redhat.java-1.13.0-win32-x64\jre\17.0.5-win32-x86_64\bin\server\jvm.dll
0x00007ffe55040000 - 0x00007ffe550e3000 	C:\Windows\System32\ADVAPI32.dll
0x00007ffe567c0000 - 0x00007ffe56857000 	C:\Windows\System32\sechost.dll
0x00007ffe37d30000 - 0x00007ffe37d39000 	C:\Windows\SYSTEM32\WSOCK32.dll
0x00007ffe514f0000 - 0x00007ffe51514000 	C:\Windows\SYSTEM32\WINMM.dll
0x00007ffe559a0000 - 0x00007ffe55a0f000 	C:\Windows\System32\WS2_32.dll
0x00007ffe4d6a0000 - 0x00007ffe4d6aa000 	C:\Windows\SYSTEM32\VERSION.dll
0x00007ffe514c0000 - 0x00007ffe514ed000 	C:\Windows\SYSTEM32\WINMMBASE.dll
0x00007ffe548b0000 - 0x00007ffe548fa000 	C:\Windows\System32\cfgmgr32.dll
0x00007ffe53a70000 - 0x00007ffe53a81000 	C:\Windows\System32\kernel.appcore.dll
0x00007ffe3e330000 - 0x00007ffe3e33a000 	c:\Users\admin\.vscode\extensions\redhat.java-1.13.0-win32-x64\jre\17.0.5-win32-x86_64\bin\jimage.dll
0x00007ffe53500000 - 0x00007ffe536f4000 	C:\Windows\SYSTEM32\DBGHELP.DLL
0x00007ffe53270000 - 0x00007ffe5329a000 	C:\Windows\SYSTEM32\dbgcore.DLL
0x00007ffe4c850000 - 0x00007ffe4c85e000 	c:\Users\admin\.vscode\extensions\redhat.java-1.13.0-win32-x64\jre\17.0.5-win32-x86_64\bin\instrument.dll
0x00007ffe4c630000 - 0x00007ffe4c655000 	c:\Users\admin\.vscode\extensions\redhat.java-1.13.0-win32-x64\jre\17.0.5-win32-x86_64\bin\java.dll
0x00007ffe2bdc0000 - 0x00007ffe2bdd8000 	c:\Users\admin\.vscode\extensions\redhat.java-1.13.0-win32-x64\jre\17.0.5-win32-x86_64\bin\zip.dll
0x00007ffe552b0000 - 0x00007ffe55995000 	C:\Windows\System32\SHELL32.dll
0x00007ffe55b20000 - 0x00007ffe55bc9000 	C:\Windows\System32\shcore.dll
0x00007ffe53f30000 - 0x00007ffe546b0000 	C:\Windows\System32\windows.storage.dll
0x00007ffe53a40000 - 0x00007ffe53a63000 	C:\Windows\System32\profapi.dll
0x00007ffe539f0000 - 0x00007ffe53a3a000 	C:\Windows\System32\powrprof.dll
0x00007ffe539e0000 - 0x00007ffe539f0000 	C:\Windows\System32\UMPDC.dll
0x00007ffe55c90000 - 0x00007ffe55ce2000 	C:\Windows\System32\shlwapi.dll
0x00007ffe549b0000 - 0x00007ffe549c7000 	C:\Windows\System32\cryptsp.dll
0x00007ffe28380000 - 0x00007ffe28399000 	C:\Users\admin\.vscode\extensions\redhat.java-1.13.0-win32-x64\jre\17.0.5-win32-x86_64\bin\net.dll
0x00007ffe408d0000 - 0x00007ffe409c1000 	C:\Windows\SYSTEM32\WINHTTP.dll
0x00007ffe52b70000 - 0x00007ffe52bd7000 	C:\Windows\system32\mswsock.dll
0x00007ffe277e0000 - 0x00007ffe277f5000 	C:\Users\admin\.vscode\extensions\redhat.java-1.13.0-win32-x64\jre\17.0.5-win32-x86_64\bin\nio.dll
0x00007ffe4c840000 - 0x00007ffe4c850000 	c:\Users\admin\.vscode\extensions\redhat.java-1.13.0-win32-x64\jre\17.0.5-win32-x86_64\bin\verify.dll
0x00007ffe1c870000 - 0x00007ffe1c8ae000 	C:\Users\admin\AppData\Roaming\Code\User\globalStorage\redhat.java\1.13.0\config_win\org.eclipse.equinox.launcher\org.eclipse.equinox.launcher.win32.win32.x86_64_1.2.600.v20220720-1916\eclipse_11700.dll
0x00007ffe54d40000 - 0x00007ffe54e97000 	C:\Windows\System32\ole32.dll

dbghelp: loaded successfully - version: 4.0.5 - missing functions: none
symbol engine: initialized successfully - sym options: 0x614 - pdb path: .;c:\Users\admin\.vscode\extensions\redhat.java-1.13.0-win32-x64\jre\17.0.5-win32-x86_64\bin;C:\Windows\SYSTEM32;C:\Windows\WinSxS\amd64_microsoft.windows.common-controls_6595b64144ccf1df_6.0.18362.719_none_e6c7b883130c6729;c:\Users\admin\.vscode\extensions\redhat.java-1.13.0-win32-x64\jre\17.0.5-win32-x86_64\bin\server;C:\Users\admin\AppData\Roaming\Code\User\globalStorage\redhat.java\1.13.0\config_win\org.eclipse.equinox.launcher\org.eclipse.equinox.launcher.win32.win32.x86_64_1.2.600.v20220720-1916

VM Arguments:
jvm_args: --add-modules=ALL-SYSTEM --add-opens=java.base/java.util=ALL-UNNAMED --add-opens=java.base/java.lang=ALL-UNNAMED --add-opens=java.base/sun.nio.fs=ALL-UNNAMED -Declipse.application=org.eclipse.jdt.ls.core.id1 -Dosgi.bundles.defaultStartLevel=4 -Declipse.product=org.eclipse.jdt.ls.core.product -Djava.import.generatesMetadataFilesAtProjectRoot=false -Dfile.encoding=utf8 -XX:+UseParallelGC -XX:GCTimeRatio=4 -XX:AdaptiveSizePolicyWeight=90 -Dsun.zip.disableMemoryMapping=true -Xmx1G -Xms100m -Xlog:disable -javaagent:c:\Users\admin\.vscode\extensions\redhat.java-1.13.0-win32-x64\lombok\lombok-1.18.24.jar -XX:+HeapDumpOnOutOfMemoryError -XX:HeapDumpPath=c:\Users\admin\AppData\Roaming\Code\User\workspaceStorage\4ecb3b370f7771eeb89a8e815e0aced3\redhat.java 
java_command: c:\Users\admin\.vscode\extensions\redhat.java-1.13.0-win32-x64\server\plugins\org.eclipse.equinox.launcher_1.6.400.v20210924-0641.jar -configuration c:\Users\admin\AppData\Roaming\Code\User\globalStorage\redhat.java\1.13.0\config_win -data c:\Users\admin\AppData\Roaming\Code\User\workspaceStorage\4ecb3b370f7771eeb89a8e815e0aced3\redhat.java\jdt_ws
java_class_path (initial): c:\Users\admin\.vscode\extensions\redhat.java-1.13.0-win32-x64\server\plugins\org.eclipse.equinox.launcher_1.6.400.v20210924-0641.jar
Launcher Type: SUN_STANDARD

[Global flags]
    uintx AdaptiveSizePolicyWeight                 = 90                                        {product} {command line}
     intx CICompilerCount                          = 4                                         {product} {ergonomic}
    uintx GCTimeRatio                              = 4                                         {product} {command line}
     bool HeapDumpOnOutOfMemoryError               = true                                   {manageable} {command line}
    ccstr HeapDumpPath                             = c:\Users\admin\AppData\Roaming\Code\User\workspaceStorage\4ecb3b370f7771eeb89a8e815e0aced3\redhat.java         {manageable} {command line}
   size_t InitialHeapSize                          = 104857600                                 {product} {command line}
   size_t MaxHeapSize                              = 1073741824                                {product} {command line}
   size_t MaxNewSize                               = 357564416                                 {product} {ergonomic}
   size_t MinHeapDeltaBytes                        = 524288                                    {product} {ergonomic}
   size_t MinHeapSize                              = 104857600                                 {product} {command line}
   size_t NewSize                                  = 34603008                                  {product} {ergonomic}
    uintx NonNMethodCodeHeapSize                   = 5839372                                {pd product} {ergonomic}
    uintx NonProfiledCodeHeapSize                  = 122909434                              {pd product} {ergonomic}
   size_t OldSize                                  = 70254592                                  {product} {ergonomic}
    uintx ProfiledCodeHeapSize                     = 122909434                              {pd product} {ergonomic}
    uintx ReservedCodeCacheSize                    = 251658240                              {pd product} {ergonomic}
     bool SegmentedCodeCache                       = true                                      {product} {ergonomic}
   size_t SoftMaxHeapSize                          = 1073741824                             {manageable} {ergonomic}
     bool UseCompressedClassPointers               = true                           {product lp64_product} {ergonomic}
     bool UseCompressedOops                        = true                           {product lp64_product} {ergonomic}
     bool UseLargePagesIndividualAllocation        = false                                  {pd product} {ergonomic}
     bool UseParallelGC                            = true                                      {product} {command line}

Logging:
Log output configuration:
 #0: stdout all=off uptime,level,tags
 #1: stderr all=off uptime,level,tags

Environment Variables:
PATH=E:\vm\bin\;C:\Program Files\Common Files\Oracle\Java\javapath;C:\Python310\Scripts\;C:\Python310\;C:\Windows\system32;C:\Windows;C:\Windows\System32\Wbem;C:\Windows\System32\WindowsPowerShell\v1.0\;C:\Windows\System32\OpenSSH\;C:\Program Files\Git\cmd;C:\Program Files\nodejs\;C:\ProgramData\chocolatey\bin;C:\xampp\php;C:\composer;C:\Program Files\MongoDB\Server\6.0\bin;C:\Program Files\Docker\Docker\resources\bin;C:\ProgramData\DockerDesktop\version-bin;C:\Program Files (x86)\Microsoft SQL Server\150\DTS\Binn\;C:\Program Files\Azure Data Studio\bin;C:\Program Files\dotnet\;F:\;C:\Program Files\PuTTY\;C:\Program Files (x86)\NetSarang\Xshell 7\;C:\Program Files\Go\bin;C:\Users\admin\AppData\Local\Android\Sdk\platform-tools;C:\Program Files\Java\jdk-18.0.1.1\bin\;F:\chromedriver.exe;C:\Ruby31-x64\bin;C:\Users\admin\.poetry\bin;C:\Users\admin\AppData\Local\Microsoft\WindowsApps;C:\Users\admin\AppData\Roaming\npm;C:\Users\admin\AppData\Roaming\Composer\vendor\bin;C:\Users\admin\AppData\Local\Programs\Microsoft VS Code\bin;C:\Program Files\Azure Data Studio\bin;C:\Users\admin\.dotnet\tools;C:\Users\admin\go\bin;C:\Program Files\heroku\bin;F:\chromedriver.exe;F:\;
USERNAME=admin
OS=Windows_NT
PROCESSOR_IDENTIFIER=Intel64 Family 6 Model 165 Stepping 3, GenuineIntel
TMP=C:\Users\admin\AppData\Local\Temp
TEMP=C:\Users\admin\AppData\Local\Temp



---------------  S Y S T E M  ---------------

OS:
 Windows 10 , 64 bit Build 18362 (10.0.18362.329)
OS uptime: 1 days 9:40 hours

CPU: total 8 (initial active 8) (4 cores per cpu, 2 threads per core) family 6 model 165 stepping 3 microcode 0xe0, cx8, cmov, fxsr, ht, mmx, 3dnowpref, sse, sse2, sse3, ssse3, sse4.1, sse4.2, popcnt, lzcnt, tsc, tscinvbit, avx, avx2, aes, erms, clmul, bmi1, bmi2, adx, fma, vzeroupper, clflush, clflushopt

Memory: 4k page, system-wide physical 24420M (4229M free)
TotalPageFile size 54916M (AvailPageFile size 152M)
current process WorkingSet (physical memory assigned to process): 118M, peak: 119M
current process commit charge ("private bytes"): 226M, peak: 227M

vm_info: OpenJDK 64-Bit Server VM (17.0.5+8) for windows-amd64 JRE (17.0.5+8), built on Oct 19 2022 04:48:13 by "temurin" with MS VC++ 16.7 (VS2019)

END.
