#
# There is insufficient memory for the Java Runtime Environment to continue.
# Native memory allocation (mmap) failed to map 402653184 bytes for G1 virtual space
# Possible reasons:
#   The system is out of physical RAM or swap space
#   The process is running with CompressedOops enabled, and the Java Heap may be blocking the growth of the native heap
# Possible solutions:
#   Reduce memory load on the system
#   Increase physical memory or swap space
#   Check if swap backing store is full
#   Decrease Java heap size (-Xmx/-Xms)
#   Decrease number of Java threads
#   Decrease Java thread stack sizes (-Xss)
#   Set larger code cache with -XX:ReservedCodeCacheSize=
#   JVM is running with Zero Based Compressed Oops mode in which the Java heap is
#     placed in the first 32GB address space. The Java Heap base address is the
#     maximum limit for the native heap growth. Please use -XX:HeapBaseMinAddress
#     to set the Java Heap base and to place the Java Heap above 32GB virtual address.
# This output file may be truncated or incomplete.
#
#  Out of Memory Error (os_windows.cpp:3530), pid=10852, tid=18204
#
# JRE version:  (18.0.1.1+2) (build )
# Java VM: Java HotSpot(TM) 64-Bit Server VM (18.0.1.1+2-6, mixed mode, sharing, tiered, compressed oops, compressed class ptrs, g1 gc, windows-amd64)
# No core dump will be written. Minidumps are not enabled by default on client versions of Windows
#

---------------  S U M M A R Y ------------

Command Line: 

Host: Intel(R) Core(TM) i3-10100 CPU @ 3.60GHz, 8 cores, 23G,  Windows 10 , 64 bit Build 18362 (10.0.18362.329)
Time: Tue Jan 10 08:49:36 2023 Central Standard Time elapsed time: 0.005692 seconds (0d 0h 0m 0s)

---------------  T H R E A D  ---------------

Current thread (0x000001c8eb512a50):  JavaThread "Unknown thread" [_thread_in_vm, id=18204, stack(0x0000003667b00000,0x0000003667c00000)]

Stack: [0x0000003667b00000,0x0000003667c00000]
Native frames: (J=compiled Java code, j=interpreted, Vv=VM code, C=native code)
V  [jvm.dll+0x69887a]
V  [jvm.dll+0x7f38bd]
V  [jvm.dll+0x7f51ce]
V  [jvm.dll+0x7f5883]
V  [jvm.dll+0x25ca3f]
V  [jvm.dll+0x6957c9]
V  [jvm.dll+0x68a2fa]
V  [jvm.dll+0x321efb]
V  [jvm.dll+0x3298d6]
V  [jvm.dll+0x37e47e]
V  [jvm.dll+0x37e6af]
V  [jvm.dll+0x2f9c7a]
V  [jvm.dll+0x2facdd]
V  [jvm.dll+0x7c24f0]
V  [jvm.dll+0x38b801]
V  [jvm.dll+0x7a1203]
V  [jvm.dll+0x40d6bf]
V  [jvm.dll+0x40f091]
C  [jli.dll+0x526b]
C  [ucrtbase.dll+0x20e72]
C  [KERNEL32.DLL+0x17bd4]
C  [ntdll.dll+0x6ced1]


---------------  P R O C E S S  ---------------

Threads class SMR info:
_java_thread_list=0x00007ffde595d550, length=0, elements={
}

Java Threads: ( => current thread )

Other Threads:
  0x000001c8eb59fd80 WorkerThread "GC Thread#0" [stack: 0x0000003667c00000,0x0000003667d00000] [id=2036]
  0x000001c8eb5adb90 ConcurrentGCThread "G1 Main Marker" [stack: 0x0000003667d00000,0x0000003667e00000] [id=5684]
  0x000001c8eb5ae580 WorkerThread "G1 Conc#0" [stack: 0x0000003667e00000,0x0000003667f00000] [id=11828]

[error occurred during error reporting (printing all threads), id 0xc0000005, EXCEPTION_ACCESS_VIOLATION (0xc0000005) at pc=0x00007ffde518a217]

VM state: not at safepoint (not fully initialized)

VM Mutex/Monitor currently owned by a thread:  ([mutex/lock_event])
[0x000001c8eb50e100] Heap_lock - owner thread: 0x000001c8eb512a50

Heap address: 0x0000000682400000, size: 6108 MB, Compressed Oops mode: Zero based, Oop shift amount: 3

CDS archive(s) mapped at: [0x0000000000000000-0x0000000000000000-0x0000000000000000), size 0, SharedBaseAddress: 0x0000000800000000, ArchiveRelocationMode: 0.
Narrow klass base: 0x0000000000000000, Narrow klass shift: 0, Narrow klass range: 0x0

GC Precious Log:
 CardTable entry size: 512
 Card Set container configuration: InlinePtr #cards 4 size 8 Array Of Cards #cards 32 size 80 Howl #buckets 8 coarsen threshold 7372 Howl Bitmap #cards 1024 size 144 coarsen threshold 921 Card regions per heap region 1 cards per card region 8192

Heap:
 garbage-first heap   total 0K, used 0K [0x0000000682400000, 0x0000000800000000)
  region size 4096K, 0 young (0K), 0 survivors (0K)

[error occurred during error reporting (printing heap information), id 0xc0000005, EXCEPTION_ACCESS_VIOLATION (0xc0000005) at pc=0x00007ffde5570cb9]

GC Heap History (0 events):
No events

Deoptimization events (0 events):
No events

Classes loaded (0 events):
No events

Classes unloaded (0 events):
No events

Classes redefined (0 events):
No events

Internal exceptions (0 events):
No events

VM Operations (0 events):
No events

Events (1 events):
Event: 0.003 Loaded shared library C:\Program Files\Java\jdk-18.0.1.1\bin\java.dll


Dynamic libraries:
0x00007ff6a31b0000 - 0x00007ff6a31c0000 	C:\Program Files\Java\jdk-18.0.1.1\bin\java.exe
0x00007ffe56b20000 - 0x00007ffe56d10000 	C:\Windows\SYSTEM32\ntdll.dll
0x00007ffe56900000 - 0x00007ffe569b2000 	C:\Windows\System32\KERNEL32.DLL
0x00007ffe53c80000 - 0x00007ffe53f23000 	C:\Windows\System32\KERNELBASE.dll
0x00007ffe53ae0000 - 0x00007ffe53bda000 	C:\Windows\System32\ucrtbase.dll
0x00007ffe0c1c0000 - 0x00007ffe0c1d8000 	C:\Program Files\Java\jdk-18.0.1.1\bin\jli.dll
0x00007ffe0ba10000 - 0x00007ffe0ba2a000 	C:\Program Files\Java\jdk-18.0.1.1\bin\VCRUNTIME140.dll
0x00007ffe55040000 - 0x00007ffe550e3000 	C:\Windows\System32\ADVAPI32.dll
0x00007ffe56860000 - 0x00007ffe568fe000 	C:\Windows\System32\msvcrt.dll
0x00007ffe567c0000 - 0x00007ffe56857000 	C:\Windows\System32\sechost.dll
0x00007ffe569c0000 - 0x00007ffe56ae0000 	C:\Windows\System32\RPCRT4.dll
0x00007ffe54ea0000 - 0x00007ffe55034000 	C:\Windows\System32\USER32.dll
0x00007ffe53ab0000 - 0x00007ffe53ad1000 	C:\Windows\System32\win32u.dll
0x00007ffe52ef0000 - 0x00007ffe53175000 	C:\Windows\WinSxS\amd64_microsoft.windows.common-controls_6595b64144ccf1df_6.0.18362.719_none_e6c7b883130c6729\COMCTL32.dll
0x00007ffe55af0000 - 0x00007ffe55b16000 	C:\Windows\System32\GDI32.dll
0x00007ffe549d0000 - 0x00007ffe54b64000 	C:\Windows\System32\gdi32full.dll
0x00007ffe55e60000 - 0x00007ffe56196000 	C:\Windows\System32\combase.dll
0x00007ffe53be0000 - 0x00007ffe53c7e000 	C:\Windows\System32\msvcp_win.dll
0x00007ffe54830000 - 0x00007ffe548b0000 	C:\Windows\System32\bcryptPrimitives.dll
0x00007ffe4d6a0000 - 0x00007ffe4d6aa000 	C:\Windows\SYSTEM32\VERSION.dll
0x00007ffe55cf0000 - 0x00007ffe55d1e000 	C:\Windows\System32\IMM32.DLL
0x00007ffe319d0000 - 0x00007ffe319dc000 	C:\Program Files\Java\jdk-18.0.1.1\bin\vcruntime140_1.dll
0x00007ffde5a90000 - 0x00007ffde5b1d000 	C:\Program Files\Java\jdk-18.0.1.1\bin\msvcp140.dll
0x00007ffde4e80000 - 0x00007ffde5a90000 	C:\Program Files\Java\jdk-18.0.1.1\bin\server\jvm.dll
0x00007ffe55bd0000 - 0x00007ffe55bd8000 	C:\Windows\System32\PSAPI.DLL
0x00007ffe37d30000 - 0x00007ffe37d39000 	C:\Windows\SYSTEM32\WSOCK32.dll
0x00007ffe559a0000 - 0x00007ffe55a0f000 	C:\Windows\System32\WS2_32.dll
0x00007ffe514f0000 - 0x00007ffe51514000 	C:\Windows\SYSTEM32\WINMM.dll
0x00007ffe514c0000 - 0x00007ffe514ed000 	C:\Windows\SYSTEM32\winmmbase.dll
0x00007ffe548b0000 - 0x00007ffe548fa000 	C:\Windows\System32\cfgmgr32.dll
0x00007ffe53a70000 - 0x00007ffe53a81000 	C:\Windows\System32\kernel.appcore.dll
0x00007ffe318b0000 - 0x00007ffe318ba000 	C:\Program Files\Java\jdk-18.0.1.1\bin\jimage.dll
0x00007ffe53500000 - 0x00007ffe536f4000 	C:\Windows\SYSTEM32\DBGHELP.DLL
0x00007ffe53270000 - 0x00007ffe5329a000 	C:\Windows\SYSTEM32\dbgcore.DLL
0x00007ffdfb0b0000 - 0x00007ffdfb0d5000 	C:\Program Files\Java\jdk-18.0.1.1\bin\java.dll

dbghelp: loaded successfully - version: 4.0.5 - missing functions: none
symbol engine: initialized successfully - sym options: 0x614 - pdb path: .;C:\Program Files\Java\jdk-18.0.1.1\bin;C:\Windows\SYSTEM32;C:\Windows\WinSxS\amd64_microsoft.windows.common-controls_6595b64144ccf1df_6.0.18362.719_none_e6c7b883130c6729;C:\Program Files\Java\jdk-18.0.1.1\bin\server

VM Arguments:
java_command: <unknown>
java_class_path (initial): <not set>
Launcher Type: SUN_STANDARD

[Global flags]
     intx CICompilerCount                          = 4                                         {product} {ergonomic}
     uint ConcGCThreads                            = 2                                         {product} {ergonomic}
     uint G1ConcRefinementThreads                  = 8                                         {product} {ergonomic}
   size_t G1HeapRegionSize                         = 4194304                                   {product} {ergonomic}
    uintx GCDrainStackTargetSize                   = 64                                        {product} {ergonomic}
   size_t InitialHeapSize                          = 402653184                                 {product} {ergonomic}
   size_t MarkStackSize                            = 4194304                                   {product} {ergonomic}
   size_t MaxHeapSize                              = 6404702208                                {product} {ergonomic}
   size_t MinHeapDeltaBytes                        = 4194304                                   {product} {ergonomic}
   size_t MinHeapSize                              = 8388608                                   {product} {ergonomic}
    uintx NonNMethodCodeHeapSize                   = 5839372                                {pd product} {ergonomic}
    uintx NonProfiledCodeHeapSize                  = 122909434                              {pd product} {ergonomic}
    uintx ProfiledCodeHeapSize                     = 122909434                              {pd product} {ergonomic}
    uintx ReservedCodeCacheSize                    = 251658240                              {pd product} {ergonomic}
     bool SegmentedCodeCache                       = true                                      {product} {ergonomic}
   size_t SoftMaxHeapSize                          = 6404702208                             {manageable} {ergonomic}
     bool UseCompressedClassPointers               = true                           {product lp64_product} {ergonomic}
     bool UseCompressedOops                        = true                           {product lp64_product} {ergonomic}
     bool UseG1GC                                  = true                                      {product} {ergonomic}
     bool UseLargePagesIndividualAllocation        = false                                  {pd product} {ergonomic}

Logging:
Log output configuration:
 #0: stdout all=warning uptime,level,tags foldmultilines=false
 #1: stderr all=off uptime,level,tags foldmultilines=false

Environment Variables:
PATH=E:\vm\bin\;C:\Program Files\Common Files\Oracle\Java\javapath;C:\Python310\Scripts\;C:\Python310\;C:\Windows\system32;C:\Windows;C:\Windows\System32\Wbem;C:\Windows\System32\WindowsPowerShell\v1.0\;C:\Windows\System32\OpenSSH\;C:\Program Files\Git\cmd;C:\Program Files\nodejs\;C:\ProgramData\chocolatey\bin;C:\xampp\php;C:\composer;C:\Program Files\MongoDB\Server\6.0\bin;C:\Program Files\Docker\Docker\resources\bin;C:\ProgramData\DockerDesktop\version-bin;C:\Program Files (x86)\Microsoft SQL Server\150\DTS\Binn\;C:\Program Files\Azure Data Studio\bin;C:\Program Files\dotnet\;F:\;C:\Program Files\PuTTY\;C:\Program Files (x86)\NetSarang\Xshell 7\;C:\Program Files\Go\bin;C:\Users\admin\AppData\Local\Android\Sdk\platform-tools;C:\Program Files\Java\jdk-18.0.1.1\bin\;F:\chromedriver.exe;C:\Ruby31-x64\bin;C:\Users\admin\.poetry\bin;C:\Users\admin\AppData\Local\Microsoft\WindowsApps;C:\Users\admin\AppData\Roaming\npm;C:\Users\admin\AppData\Roaming\Composer\vendor\bin;C:\Users\admin\AppData\Local\Programs\Microsoft VS Code\bin;C:\Program Files\Azure Data Studio\bin;C:\Users\admin\.dotnet\tools;C:\Users\admin\go\bin;C:\Program Files\heroku\bin;F:\chromedriver.exe;F:\;
USERNAME=admin
LANG=en_US.UTF-8
OS=Windows_NT
PROCESSOR_IDENTIFIER=Intel64 Family 6 Model 165 Stepping 3, GenuineIntel



---------------  S Y S T E M  ---------------

OS:
 Windows 10 , 64 bit Build 18362 (10.0.18362.329)
OS uptime: 1 days 12:26 hours

CPU: total 8 (initial active 8) (4 cores per cpu, 2 threads per core) family 6 model 165 stepping 3 microcode 0xe0, cx8, cmov, fxsr, ht, mmx, 3dnowpref, sse, sse2, sse3, ssse3, sse4.1, sse4.2, popcnt, lzcnt, tsc, tscinvbit, avx, avx2, aes, erms, clmul, bmi1, bmi2, adx, fma, vzeroupper, clflush, clflushopt

Memory: 4k page, system-wide physical 24420M (5545M free)
TotalPageFile size 54916M (AvailPageFile size 257M)
current process WorkingSet (physical memory assigned to process): 10M, peak: 10M
current process commit charge ("private bytes"): 60M, peak: 444M

vm_info: Java HotSpot(TM) 64-Bit Server VM (18.0.1.1+2-6) for windows-amd64 JRE (18.0.1.1+2-6), built on Apr 25 2022 21:53:15 by "mach5one" with MS VC++ 16.8 / 16.9 (VS2019)

END.
